================================================================
======== txAdmin v8.0.1 atop fxserver 25770 Starting - 2026/03/11, 11:11:43
================================================================
================================================================
======== Log Rotated - 2026/03/11, 11:11:44                     
================================================================
[11:12:07][Zerxis654] logged in from 127.0.0.1 via cfxre
[11:13:02][MONITOR] Restarting server: Server process close detected.
[11:14:50][MONITOR] Restarting server: Server process close detected.
[11:21:09][Zerxis654] [Zerxis654] executed "restart stdb-relay"
[11:21:49][MONITOR] Restarting server: Server process close detected.
[11:26:37][Zerxis654] [Zerxis654] executed "restart stdb-relay"
[11:27:31][MONITOR] Restarting server: Server process close detected.
[11:30:01][Zerxis654] [Zerxis654] executed "restart stdb-relay"
[11:30:34][MONITOR] Restarting server: Server process close detected.
[11:34:46][Zerxis654] [Zerxis654] executed "restart stdb-relay"
[11:35:49][MONITOR] Restarting server: Server process close detected.
================================================================
======== txAdmin v8.0.1 atop fxserver 25770 Starting - 2026/03/11, 21:43:16
================================================================
[21:43:34][Zerxis654] logged in from 127.0.0.1 via cfxre
[21:44:28][MONITOR] Restarting server: Server process close detected.
[21:46:18][Zerxis654] [Zerxis654] executed "restart stdb-relay"
[21:47:00][MONITOR] Restarting server: Server process close detected.
[21:51:32][MONITOR] Restarting server: Server process close detected.
[21:53:04][Zerxis654] [Zerxis654] executed "RESTART SERVER"
================================================================
======== txAdmin v8.0.1 atop fxserver 25770 Starting - 2026/03/11, 21:53:46
================================================================
[21:54:04][Zerxis654] logged in from 127.0.0.1 via cfxre
[22:04:22][Zerxis654] [Zerxis654] executed "restart stdb-relay"
[22:07:52][Zerxis654] [Zerxis654] executed "restart stdb-relay"
[22:09:28][MONITOR] Restarting server: Server process close detected.
================================================================
======== txAdmin v8.0.1 atop fxserver 25770 Starting - 2026/03/11, 22:28:44
================================================================
[22:28:56][Zerxis654] logged in from 127.0.0.1 via cfxre
[22:31:43][Zerxis654] [Zerxis654] executed "restart stdb-relay"
[22:35:03][Zerxis654] [Zerxis654] executed "restart stdb-relay"
================================================================
======== txAdmin v8.0.1 atop fxserver 25770 Starting - 2026/03/11, 23:24:24
================================================================
