================================================================
======== txAdmin v8.0.1 atop fxserver 25770 Starting - 2026/03/13, 00:06:13
================================================================
================================================================
======== Log Rotated - 2026/03/13, 00:06:13                     
================================================================
[00:07:13][Zerxis654] logged in from 127.0.0.1 via cfxre
[00:07:20][Zerxis654] [Zerxis654] executed "restart stdb-relay"
[00:07:22][Zerxis654] [Zerxis654] executed "restart stdb-inventory"
[00:17:35][Zerxis654] [Zerxis654] executed "restart stdb-inventory"
[00:20:56][Zerxis654] [Zerxis654] executed "restart stdb-relay"
[00:20:57][Zerxis654] [Zerxis654] executed "restart stdb-inventory"
[00:23:05][Zerxis654] [Zerxis654] executed "restart stdb-inventory"
[00:41:17][Zerxis654] [Zerxis654] executed "restart stdb-relay"
[00:41:19][Zerxis654] [Zerxis654] executed "restart stdb-inventory"
================================================================
======== txAdmin v8.0.1 atop fxserver 25770 Starting - 2026/03/13, 07:54:23
================================================================
[07:55:51][Zerxis654] logged in from 127.0.0.1 via cfxre
[07:55:59][Zerxis654] [Zerxis654] executed "restart stdb-relay"
[07:56:03][Zerxis654] [Zerxis654] executed "restart stdb-inventory"
================================================================
======== txAdmin v8.0.1 atop fxserver 25770 Starting - 2026/03/13, 14:32:00
================================================================
================================================================
======== txAdmin v8.0.1 atop fxserver 25770 Starting - 2026/03/13, 20:43:23
================================================================
