================================================================
======== txAdmin v8.0.1 atop fxserver 25770 Starting - 2026/03/30, 01:32:38
================================================================
================================================================
======== Log Rotated - 2026/03/30, 01:32:39                     
================================================================
[01:45:24][Zerxis654] logged in from 127.0.0.1 via cfxre
[01:45:28][Zerxis654] [Zerxis654] executed "restart stdb-inventory"
[01:45:29][Zerxis654] [Zerxis654] executed "restart stdb-relay"
[01:45:29][Zerxis654] [Zerxis654] executed "restart stdb-inventory"
[01:46:06][Zerxis654] [Zerxis654] executed "restart stdb-inventory"
================================================================
======== txAdmin v8.0.1 atop fxserver 25770 Starting - 2026/03/30, 01:53:29
================================================================
================================================================
======== txAdmin v8.0.1 atop fxserver 25770 Starting - 2026/03/30, 01:54:29
================================================================
================================================================
======== txAdmin v8.0.1 atop fxserver 25770 Starting - 2026/03/30, 07:10:16
================================================================
[07:27:03][Zerxis654] logged in from 127.0.0.1 via cfxre
[07:27:08][Zerxis654] [Zerxis654] executed "restart stdb-inventory"
[07:31:50][Zerxis654] Sending announcement: jou ma se poes
[07:45:36][Zerxis654] [Zerxis654] executed "restart stdb-inventory"
[07:51:40][Zerxis654] [Zerxis654] executed "restart stdb-inventory"
