================================================================
======== Log Rotated - 2026/03/11, 11:11:44                     
================================================================
║             TXADMIN║ ================================================================
║             TXADMIN║ ======== [55060] FXServer Starting - 2026/03/11, 11:11:46       
║             TXADMIN║ ================================================================
[           resources] Scanning resources.
[           resources] Found 28 resources.
[          svadhesive] Authenticating server license key...
[          svadhesive] Server license key authentication succeeded. Welcome!
[    c-scripting-core] Creating script environments for monitor
[      script:monitor] [txAdmin] Resource v8.0.1 threads and commands set up. All Ready.
[           resources] Started resource monitor
[    c-scripting-core] Creating script environments for mapmanager
[           resources] Started resource mapmanager
[    c-scripting-core] Creating script environments for chat
[           resources] Started resource chat
[           resources] Started resource spawnmanager
[    c-scripting-core] Creating script environments for sessionmanager
[           resources] Started resource sessionmanager
[   script:mapmanager] Started gametype Freeroam
[           resources] Started resource basic-gamemode
[    c-scripting-core] Creating script environments for hardcap
[           resources] Started resource hardcap
[    c-scripting-core] Creating script environments for stdb-relay
[   script:stdb-relay] [stdb-relay] Ready - generic native dispatcher active.
[           resources] Started resource stdb-relay
[   script:mapmanager] Started map fivem-map-hipster
[           resources] Started resource fivem-map-hipster
[ citizen-server-impl]         fff                          
[ citizen-server-impl]   cccc ff   xx  xx     rr rr    eee  
[ citizen-server-impl] cc     ffff   xx       rrr  r ee   e 
[ citizen-server-impl] cc     ff     xx   ... rr     eeeee  
[ citizen-server-impl]  ccccc ff   xx  xx ... rr      eeeee 
[ citizen-server-impl]                                      
[ citizen-server-impl] Authenticated with cfx.re Nucleus: https://zerxis654-z5e88y.users.cfx.re/
║             TXADMIN║ txaReportResources 
[      script:monitor] [txAdmin] Sending resources list to txAdmin.
[      script:hardcap] Connecting: Joshua Sprigs
[   script:stdb-relay] [stdb-relay] Player ready: server_id=1 net_id=1
[ citizen-server-impl] Server list query returned an error: server request failed: server request failed for endpoint https://102.39.241.136:30120/dynamic.json (Get "https://102.39.241.136:30120/dynamic.json": context deadline exceeded (Client.Timeout exceeded while awaiting headers))
[   script:stdb-relay] [stdb-relay] requestSpawn received from 1

=================================================================
	Native Crash Reporting
=================================================================
Got a SIGSEGV while executing native code. This usually indicates
a fatal error in the mono runtime or one of the native libraries 
used by your application.
=================================================================

=================================================================
	Managed Stacktrace:
=================================================================
=================================================================
[ citizen-server-impl] sync thread hitch warning: timer interval of 490 milliseconds
[ citizen-server-impl] network thread hitch warning: timer interval of 490 milliseconds
[ citizen-server-impl] sync thread hitch warning: timer interval of 1460 milliseconds
[ citizen-↩
║             TXADMIN║ Restarting server: Server process close detected.

║             TXADMIN║ ================================================================
║             TXADMIN║ ======== [64608] FXServer Starting - 2026/03/11, 11:13:03       
║             TXADMIN║ ================================================================
[           resources] Scanning resources.
[           resources] Found 28 resources.
[          svadhesive] Authenticating server license key...
[          svadhesive] Server license key authentication succeeded. Welcome!
[    c-scripting-core] Creating script environments for monitor
[      script:monitor] [txAdmin] Resource v8.0.1 threads and commands set up. All Ready.
[           resources] Started resource monitor
[    c-scripting-core] Creating script environments for mapmanager
[           resources] Started resource mapmanager
[    c-scripting-core] Creating script environments for chat
[           resources] Started resource chat
[           resources] Started resource spawnmanager
[    c-scripting-core] Creating script environments for sessionmanager
[           resources] Started resource sessionmanager
[   script:mapmanager] Started gametype Freeroam
[           resources] Started resource basic-gamemode
[    c-scripting-core] Creating script environments for hardcap
[           resources] Started resource hardcap
[    c-scripting-core] Creating script environments for stdb-relay
[   script:stdb-relay] [stdb-relay] Ready - generic native dispatcher active.
[           resources] Started resource stdb-relay
[   script:mapmanager] Started map fivem-map-hipster
[           resources] Started resource fivem-map-hipster
[ citizen-server-impl]         fff                          
[ citizen-server-impl]   cccc ff   xx  xx     rr rr    eee  
[ citizen-server-impl] cc     ffff   xx       rrr  r ee   e 
[ citizen-server-impl] cc     ff     xx   ... rr     eeeee  
[ citizen-server-impl]  ccccc ff   xx  xx ... rr      eeeee 
[ citizen-server-impl]                                      
[ citizen-server-impl] Authenticated with cfx.re Nucleus: https://zerxis654-z5e88y.users.cfx.re/
[      script:hardcap] Connecting: Joshua Sprigs
[   script:stdb-relay] [stdb-relay] Player ready: server_id=1 net_id=1
[ citizen-server-impl] Server list query returned an error: server request failed: server request failed for endpoint https://102.39.241.136:30120/dynamic.json (Get "https://102.39.241.136:30120/dynamic.json": context deadline exceeded (Client.Timeout exceeded while awaiting headers))
[   script:stdb-relay] [stdb-relay] requestSpawn received from 1

=================================================================
	Native Crash Reporting
=================================================================
Got a SIGSEGV while executing native code. This usually indicates
a fatal error in the mono runtime or one of the native libraries 
used by your application.
=================================================================

=================================================================
	Managed Stacktrace:
=================================================================
=================================================================
[ citizen-server-impl] sync thread hitch warning: timer interval of 444 milliseconds
[ citizen-server-impl] network thread hitch warning: timer interval of 445 milliseconds
[ ci↩
║             TXADMIN║ Restarting server: Server process close detected.

║             TXADMIN║ ================================================================
║             TXADMIN║ ======== [54736] FXServer Starting - 2026/03/11, 11:14:51       
║             TXADMIN║ ================================================================
[           resources] Scanning resources.
[           resources] Found 28 resources.
[          svadhesive] Authenticating server license key...
[          svadhesive] Server license key authentication succeeded. Welcome!
[    c-scripting-core] Creating script environments for monitor
[      script:monitor] [txAdmin] Resource v8.0.1 threads and commands set up. All Ready.
[           resources] Started resource monitor
[    c-scripting-core] Creating script environments for mapmanager
[           resources] Started resource mapmanager
[    c-scripting-core] Creating script environments for chat
[           resources] Started resource chat
[           resources] Started resource spawnmanager
[    c-scripting-core] Creating script environments for sessionmanager
[           resources] Started resource sessionmanager
[   script:mapmanager] Started gametype Freeroam
[           resources] Started resource basic-gamemode
[    c-scripting-core] Creating script environments for hardcap
[           resources] Started resource hardcap
[    c-scripting-core] Creating script environments for stdb-relay
[   script:stdb-relay] [stdb-relay] Ready - generic native dispatcher active.
[           resources] Started resource stdb-relay
[   script:mapmanager] Started map fivem-map-hipster
[           resources] Started resource fivem-map-hipster
[ citizen-server-impl]         fff                          
[ citizen-server-impl]   cccc ff   xx  xx     rr rr    eee  
[ citizen-server-impl] cc     ffff   xx       rrr  r ee   e 
[ citizen-server-impl] cc     ff     xx   ... rr     eeeee  
[ citizen-server-impl]  ccccc ff   xx  xx ... rr      eeeee 
[ citizen-server-impl]                                      
[ citizen-server-impl] Authenticated with cfx.re Nucleus: https://zerxis654-z5e88y.users.cfx.re/
[ citizen-server-impl] Server list query returned an error: server request failed: server request failed for endpoint https://102.39.241.136:30120/players.json (Get "https://102.39.241.136:30120/players.json": context deadline exceeded (Client.Timeout exceeded while awaiting headers))
║           Zerxis654║ restart stdb-relay
[           resources] Stopping resource stdb-relay
[    c-scripting-core] Creating script environments for stdb-relay
[   script:stdb-relay] [stdb-relay] Ready - generic native dispatcher active.
[           resources] Started resource stdb-relay
[      script:hardcap] Connecting: Joshua Sprigs
[   script:stdb-relay] [stdb-relay] Player ready: server_id=1 net_id=1
[ citizen-server-impl] Server list query returned an error: server request failed: server request failed for endpoint https://102.39.241.136:30120/info.json (Get "https://102.39.241.136:30120/info.json": context deadline exceeded (Client.Timeout exceeded while awaiting headers))
[   script:stdb-relay] [stdb-relay] requestSpawn received from 1

=================================================================
	Native Crash Reporting
=================================================================
Got a SIGSEGV while executing native code. This usually indicates
a fatal error in the mono runtime or one of the native libraries 
used by your application.
=================================================================

=================================================================
	Managed Stacktrace:
=================================================================
=================================================================
[ citizen-server-impl] sync thread hitch warning: timer interval of 458 milliseconds
[ citizen-server-impl] network thread hitch warning: timer interval of 459 milliseconds
[ citizen-server-impl] sync thread hitch warning: timer interval ↩
║             TXADMIN║ Restarting server: Server process close detected.

║             TXADMIN║ ================================================================
║             TXADMIN║ ======== [50012] FXServer Starting - 2026/03/11, 11:21:50       
║             TXADMIN║ ================================================================
[           resources] Scanning resources.
[           resources] Found 28 resources.
[          svadhesive] Authenticating server license key...
[          svadhesive] Server license key authentication succeeded. Welcome!
[    c-scripting-core] Creating script environments for monitor
[      script:monitor] [txAdmin] Resource v8.0.1 threads and commands set up. All Ready.
[           resources] Started resource monitor
[    c-scripting-core] Creating script environments for mapmanager
[           resources] Started resource mapmanager
[    c-scripting-core] Creating script environments for chat
[           resources] Started resource chat
[           resources] Started resource spawnmanager
[    c-scripting-core] Creating script environments for sessionmanager
[           resources] Started resource sessionmanager
[   script:mapmanager] Started gametype Freeroam
[           resources] Started resource basic-gamemode
[    c-scripting-core] Creating script environments for hardcap
[           resources] Started resource hardcap
[    c-scripting-core] Creating script environments for stdb-relay
[   script:stdb-relay] [stdb-relay] Ready - generic native dispatcher active.
[           resources] Started resource stdb-relay
[   script:mapmanager] Started map fivem-map-skater
[           resources] Started resource fivem-map-skater
[ citizen-server-impl]         fff                          
[ citizen-server-impl]   cccc ff   xx  xx     rr rr    eee  
[ citizen-server-impl] cc     ffff   xx       rrr  r ee   e 
[ citizen-server-impl] cc     ff     xx   ... rr     eeeee  
[ citizen-server-impl]  ccccc ff   xx  xx ... rr      eeeee 
[ citizen-server-impl]                                      
[ citizen-server-impl] Authenticated with cfx.re Nucleus: https://zerxis654-z5e88y.users.cfx.re/
[ citizen-server-impl] Server list query returned an error: server request failed: server request failed for endpoint https://102.39.241.136:30120/info.json (Get "https://102.39.241.136:30120/info.json": context deadline exceeded (Client.Timeout exceeded while awaiting headers))
║           Zerxis654║ restart stdb-relay
[           resources] Stopping resource stdb-relay
[    c-scripting-core] Creating script environments for stdb-relay
[   script:stdb-relay] [stdb-relay] Ready - generic native dispatcher active.
[           resources] Started resource stdb-relay
[      script:hardcap] Connecting: Joshua Sprigs
[   script:stdb-relay] [stdb-relay] Player ready: server_id=1 net_id=1
[ citizen-server-impl] Server list query returned an error: server request failed: server request failed for endpoint https://102.39.241.136:30120/players.json (Get "https://102.39.241.136:30120/players.json": context deadline exceeded (Client.Timeout exceeded while awaiting headers))
[   script:stdb-relay] [stdb-relay] requestSpawn received from 1

=================================================================
	Native Crash Reporting
=================================================================
Got a SIGSEGV while executing native code. This usually indicates
a fatal error in the mono runtime or one of the native libraries 
used by your application.
=================================================================

=================================================================
	Managed Stacktrace:
=================================================================
=================================================================
[ citizen-server-impl] sync thread hitch warning: timer interval of 481 milliseconds
[ citizen-server-impl] network thread hitch warning: timer interval of 484 milliseconds
[ citizen-server-impl] sync thread hitch warning: timer interval of 1782 milliseconds
║             TXADMIN║ Restarting server: Server process close detected.

║             TXADMIN║ ================================================================
║             TXADMIN║ ======== [60820] FXServer Starting - 2026/03/11, 11:27:32       
║             TXADMIN║ ================================================================
[           resources] Scanning resources.
[           resources] Found 28 resources.
[          svadhesive] Authenticating server license key...
[          svadhesive] Server license key authentication succeeded. Welcome!
[    c-scripting-core] Creating script environments for monitor
[      script:monitor] [txAdmin] Resource v8.0.1 threads and commands set up. All Ready.
[           resources] Started resource monitor
[    c-scripting-core] Creating script environments for mapmanager
[           resources] Started resource mapmanager
[    c-scripting-core] Creating script environments for chat
[           resources] Started resource chat
[           resources] Started resource spawnmanager
[    c-scripting-core] Creating script environments for sessionmanager
[           resources] Started resource sessionmanager
[   script:mapmanager] Started gametype Freeroam
[           resources] Started resource basic-gamemode
[    c-scripting-core] Creating script environments for hardcap
[           resources] Started resource hardcap
[    c-scripting-core] Creating script environments for stdb-relay
[   script:stdb-relay] [stdb-relay] Ready - generic native dispatcher active.
[           resources] Started resource stdb-relay
[   script:mapmanager] Started map fivem-map-skater
[           resources] Started resource fivem-map-skater
[ citizen-server-impl]         fff                          
[ citizen-server-impl]   cccc ff   xx  xx     rr rr    eee  
[ citizen-server-impl] cc     ffff   xx       rrr  r ee   e 
[ citizen-server-impl] cc     ff     xx   ... rr     eeeee  
[ citizen-server-impl]  ccccc ff   xx  xx ... rr      eeeee 
[ citizen-server-impl]                                      
[ citizen-server-impl] Authenticated with cfx.re Nucleus: https://zerxis654-z5e88y.users.cfx.re/
║           Zerxis654║ restart stdb-relay
[           resources] Stopping resource stdb-relay
[    c-scripting-core] Creating script environments for stdb-relay
[   script:stdb-relay] [stdb-relay] Ready - generic native dispatcher active.
[           resources] Started resource stdb-relay
[      script:hardcap] Connecting: Joshua Sprigs
[   script:stdb-relay] [stdb-relay] Player ready: server_id=1 net_id=1
[ citizen-server-impl] Server list query returned an error: server request failed: server request failed for endpoint https://102.39.241.136:30120/dynamic.json (Get "https://102.39.241.136:30120/dynamic.json": read tcp 10.0.16.27:58826->102.39.241.136:30120: read: connection reset by peer)
[   script:stdb-relay] [stdb-relay] requestSpawn received from 1

=================================================================
	Native Crash Reporting
=================================================================
Got a SIGSEGV while executing native code. This usually indicates
a fatal error in the mono runtime or one of the native libraries 
used by your application.
=================================================================

=================================================================
	Managed Stacktrace:
=================================================================
=================================================================
[ citizen-server-impl] sync thread hitch warning: timer interval of 510 milliseconds
[ citizen-server-impl] network thread hitch warning: timer interval of 512 milliseconds
[ citizen-server-impl] sync thread hitch warning: timer i↩
║             TXADMIN║ Restarting server: Server process close detected.

║             TXADMIN║ ================================================================
║             TXADMIN║ ======== [53612] FXServer Starting - 2026/03/11, 11:30:35       
║             TXADMIN║ ================================================================
[           resources] Scanning resources.
[           resources] Found 28 resources.
[          svadhesive] Authenticating server license key...
[          svadhesive] Server license key authentication succeeded. Welcome!
[    c-scripting-core] Creating script environments for monitor
[      script:monitor] [txAdmin] Resource v8.0.1 threads and commands set up. All Ready.
[           resources] Started resource monitor
[    c-scripting-core] Creating script environments for mapmanager
[           resources] Started resource mapmanager
[    c-scripting-core] Creating script environments for chat
[           resources] Started resource chat
[           resources] Started resource spawnmanager
[    c-scripting-core] Creating script environments for sessionmanager
[           resources] Started resource sessionmanager
[   script:mapmanager] Started gametype Freeroam
[           resources] Started resource basic-gamemode
[    c-scripting-core] Creating script environments for hardcap
[           resources] Started resource hardcap
[    c-scripting-core] Creating script environments for stdb-relay
[   script:stdb-relay] [stdb-relay] Ready - generic native dispatcher active.
[           resources] Started resource stdb-relay
[   script:mapmanager] Started map fivem-map-skater
[           resources] Started resource fivem-map-skater
[ citizen-server-impl]         fff                          
[ citizen-server-impl]   cccc ff   xx  xx     rr rr    eee  
[ citizen-server-impl] cc     ffff   xx       rrr  r ee   e 
[ citizen-server-impl] cc     ff     xx   ... rr     eeeee  
[ citizen-server-impl]  ccccc ff   xx  xx ... rr      eeeee 
[ citizen-server-impl]                                      
[ citizen-server-impl] Authenticated with cfx.re Nucleus: https://zerxis654-z5e88y.users.cfx.re/
[ citizen-server-impl] Server list query returned an error: server request failed: server request failed for endpoint https://102.39.241.136:30120/players.json (Get "https://102.39.241.136:30120/players.json": context deadline exceeded (Client.Timeout exceeded while awaiting headers))
║           Zerxis654║ restart stdb-relay
[           resources] Stopping resource stdb-relay
[    c-scripting-core] Creating script environments for stdb-relay
[   script:stdb-relay] [stdb-relay] Ready - generic native dispatcher active.
[           resources] Started resource stdb-relay
[      script:hardcap] Connecting: Joshua Sprigs
[   script:stdb-relay] [stdb-relay] Player ready: server_id=1 net_id=1
[ citizen-server-impl] Server list query returned an error: server request failed: server request failed for endpoint https://102.39.241.136:30120/info.json (Get "https://102.39.241.136:30120/info.json": context deadline exceeded (Client.Timeout exceeded while awaiting headers))
[   script:stdb-relay] [stdb-relay] requestSpawn received from 1

=================================================================
	Native Crash Reporting
=================================================================
Got a SIGSEGV while executing native code. This usually indicates
a fatal error in the mono runtime or one of the native libraries 
used by your application.
=================================================================

=================================================================
	Managed Stacktrace:
=================================================================
=================================================================
[ citizen-server-impl] sync thread hitch warning: timer interval of 510 milliseconds
[ citizen-server-impl] network thread hitch warning: timer interval of 512 milliseconds
║             TXADMIN║ Restarting server: Server process close detected.

║             TXADMIN║ ================================================================
║             TXADMIN║ ======== [64924] FXServer Starting - 2026/03/11, 11:35:50       
║             TXADMIN║ ================================================================
[           resources] Scanning resources.
[           resources] Found 28 resources.
[          svadhesive] Authenticating server license key...
[          svadhesive] Server license key authentication succeeded. Welcome!
[    c-scripting-core] Creating script environments for monitor
[      script:monitor] [txAdmin] Resource v8.0.1 threads and commands set up. All Ready.
[           resources] Started resource monitor
[    c-scripting-core] Creating script environments for mapmanager
[           resources] Started resource mapmanager
[    c-scripting-core] Creating script environments for chat
[           resources] Started resource chat
[           resources] Started resource spawnmanager
[    c-scripting-core] Creating script environments for sessionmanager
[           resources] Started resource sessionmanager
[   script:mapmanager] Started gametype Freeroam
[           resources] Started resource basic-gamemode
[    c-scripting-core] Creating script environments for hardcap
[           resources] Started resource hardcap
[    c-scripting-core] Creating script environments for stdb-relay
[   script:stdb-relay] [stdb-relay] Ready - generic native dispatcher active.
[           resources] Started resource stdb-relay
[   script:mapmanager] Started map fivem-map-skater
[           resources] Started resource fivem-map-skater
[ citizen-server-impl]         fff                          
[ citizen-server-impl]   cccc ff   xx  xx     rr rr    eee  
[ citizen-server-impl] cc     ffff   xx       rrr  r ee   e 
[ citizen-server-impl] cc     ff     xx   ... rr     eeeee  
[ citizen-server-impl]  ccccc ff   xx  xx ... rr      eeeee 
[ citizen-server-impl]                                      
[ citizen-server-impl] Authenticated with cfx.re Nucleus: https://zerxis654-z5e88y.users.cfx.re/
║             TXADMIN║ ================================================================
║             TXADMIN║ ======== [39516] FXServer Starting - 2026/03/11, 21:43:19       
║             TXADMIN║ ================================================================
[           resources] Scanning resources.
[           resources] Found 28 resources.
[          svadhesive] Authenticating server license key...
[          svadhesive] Server license key authentication succeeded. Welcome!
[    c-scripting-core] Creating script environments for monitor
[      script:monitor] [txAdmin] Resource v8.0.1 threads and commands set up. All Ready.
[           resources] Started resource monitor
[    c-scripting-core] Creating script environments for mapmanager
[           resources] Started resource mapmanager
[    c-scripting-core] Creating script environments for chat
[           resources] Started resource chat
[           resources] Started resource spawnmanager
[    c-scripting-core] Creating script environments for sessionmanager
[           resources] Started resource sessionmanager
[   script:mapmanager] Started gametype Freeroam
[           resources] Started resource basic-gamemode
[    c-scripting-core] Creating script environments for hardcap
[           resources] Started resource hardcap
[    c-scripting-core] Creating script environments for stdb-relay
[   script:stdb-relay] [stdb-relay] Ready - generic native dispatcher active.
[           resources] Started resource stdb-relay
[   script:mapmanager] Started map fivem-map-hipster
[           resources] Started resource fivem-map-hipster
[ citizen-server-impl]         fff                          
[ citizen-server-impl]   cccc ff   xx  xx     rr rr    eee  
[ citizen-server-impl] cc     ffff   xx       rrr  r ee   e 
[ citizen-server-impl] cc     ff     xx   ... rr     eeeee  
[ citizen-server-impl]  ccccc ff   xx  xx ... rr      eeeee 
[ citizen-server-impl]                                      
[ citizen-server-impl] Authenticated with cfx.re Nucleus: https://zerxis654-z5e88y.users.cfx.re/
[      script:hardcap] Connecting: Joshua Sprigs
[   script:stdb-relay] [stdb-relay] Player ready: server_id=1 net_id=1
[   script:stdb-relay] [stdb-relay] requestSpawn received from 1

=================================================================
	Native Crash Reporting
=================================================================
Got a SIGSEGV while executing native code. This usually indicates
a fatal error in the mono runtime or one of the native libraries 
used by your application.
=================================================================

=================================================================
	Managed Stacktrace:
=================================================================
=================================================================
[ citizen-server-impl] sync thread hitch warning: timer interval of 440 milliseconds
[ citizen-server-impl] network thread hitch warning: timer interval of 440 milliseconds
[ citizen-server-impl] sync thread hitch warning: tim↩
║             TXADMIN║ Restarting server: Server process close detected.

║             TXADMIN║ ================================================================
║             TXADMIN║ ======== [52636] FXServer Starting - 2026/03/11, 21:44:29       
║             TXADMIN║ ================================================================
[           resources] Scanning resources.
[           resources] Found 28 resources.
[          svadhesive] Authenticating server license key...
[          svadhesive] Server license key authentication succeeded. Welcome!
[    c-scripting-core] Creating script environments for monitor
[      script:monitor] [txAdmin] Resource v8.0.1 threads and commands set up. All Ready.
[           resources] Started resource monitor
[    c-scripting-core] Creating script environments for mapmanager
[           resources] Started resource mapmanager
[    c-scripting-core] Creating script environments for chat
[           resources] Started resource chat
[           resources] Started resource spawnmanager
[    c-scripting-core] Creating script environments for sessionmanager
[           resources] Started resource sessionmanager
[   script:mapmanager] Started gametype Freeroam
[           resources] Started resource basic-gamemode
[    c-scripting-core] Creating script environments for hardcap
[           resources] Started resource hardcap
[    c-scripting-core] Creating script environments for stdb-relay
[   script:stdb-relay] [stdb-relay] Ready - generic native dispatcher active.
[           resources] Started resource stdb-relay
[   script:mapmanager] Started map fivem-map-hipster
[           resources] Started resource fivem-map-hipster
[ citizen-server-impl]         fff                          
[ citizen-server-impl]   cccc ff   xx  xx     rr rr    eee  
[ citizen-server-impl] cc     ffff   xx       rrr  r ee   e 
[ citizen-server-impl] cc     ff     xx   ... rr     eeeee  
[ citizen-server-impl]  ccccc ff   xx  xx ... rr      eeeee 
[ citizen-server-impl]                                      
[ citizen-server-impl] Authenticated with cfx.re Nucleus: https://zerxis654-z5e88y.users.cfx.re/
║           Zerxis654║ restart stdb-relay
[           resources] Stopping resource stdb-relay
[    c-scripting-core] Creating script environments for stdb-relay
[   script:stdb-relay] [stdb-relay] Ready - generic native dispatcher active.
[           resources] Started resource stdb-relay
[      script:hardcap] Connecting: Joshua Sprigs
[ citizen-server-impl] Server list query returned an error: server request failed: server request failed for endpoint https://102.39.241.136:30120/dynamic.json (Get "https://102.39.241.136:30120/dynamic.json": context deadline exceeded (Client.Timeout exceeded while awaiting headers))
[   script:stdb-relay] [stdb-relay] requestSpawn received from 1

=================================================================
	Native Crash Reporting
=================================================================
Got a SIGSEGV while executing native code. This usually indicates
a fatal error in the mono runtime or one of the native libraries 
used by your application.
=================================================================

=================================================================
	Managed Stacktrace:
=================================================================
=================================================================
[ citizen-server-impl] sync thread hitch warning: timer interval of 457 milliseconds
[ citizen-server-impl] network thread hitch warning: timer interval of 462 milliseconds
[ citizen-server-impl] sync thread hitch warning: timer interv↩
║             TXADMIN║ Restarting server: Server process close detected.

║             TXADMIN║ ================================================================
║             TXADMIN║ ======== [35924] FXServer Starting - 2026/03/11, 21:47:01       
║             TXADMIN║ ================================================================
[           resources] Scanning resources.
[           resources] Found 28 resources.
[          svadhesive] Authenticating server license key...
[          svadhesive] Server license key authentication succeeded. Welcome!
[    c-scripting-core] Creating script environments for monitor
[      script:monitor] [txAdmin] Resource v8.0.1 threads and commands set up. All Ready.
[           resources] Started resource monitor
[    c-scripting-core] Creating script environments for mapmanager
[           resources] Started resource mapmanager
[    c-scripting-core] Creating script environments for chat
[           resources] Started resource chat
[           resources] Started resource spawnmanager
[    c-scripting-core] Creating script environments for sessionmanager
[           resources] Started resource sessionmanager
[   script:mapmanager] Started gametype Freeroam
[           resources] Started resource basic-gamemode
[    c-scripting-core] Creating script environments for hardcap
[           resources] Started resource hardcap
[    c-scripting-core] Creating script environments for stdb-relay
[   script:stdb-relay] [stdb-relay] Ready - generic native dispatcher active.
[           resources] Started resource stdb-relay
[   script:mapmanager] Started map fivem-map-skater
[           resources] Started resource fivem-map-skater
[ citizen-server-impl]         fff                          
[ citizen-server-impl]   cccc ff   xx  xx     rr rr    eee  
[ citizen-server-impl] cc     ffff   xx       rrr  r ee   e 
[ citizen-server-impl] cc     ff     xx   ... rr     eeeee  
[ citizen-server-impl]  ccccc ff   xx  xx ... rr      eeeee 
[ citizen-server-impl]                                      
[ citizen-server-impl] Authenticated with cfx.re Nucleus: https://zerxis654-z5e88y.users.cfx.re/
[      script:hardcap] Connecting: Joshua Sprigs
[ citizen-server-impl] Server list query returned an error: server request failed: server request failed for endpoint https://102.39.241.136:30120/dynamic.json (Get "https://102.39.241.136:30120/dynamic.json": read tcp 10.0.16.27:42198->102.39.241.136:30120: read: connection reset by peer)
[   script:stdb-relay] [stdb-relay] requestSpawn received from 1

=================================================================
	Native Crash Reporting
=================================================================
Got a SIGSEGV while executing native code. This usually indicates
a fatal error in the mono runtime or one of the native libraries 
used by your application.
=================================================================

=================================================================
	Managed Stacktrace:
=================================================================
=================================================================
[ citizen-server-impl] sync thread hitch warning: timer interval of 475 milliseconds
[ citizen-server-impl] network thread hitch warning: timer interval of 475 milliseconds
[ citizen-server-impl] sync thread hit↩
║             TXADMIN║ Restarting server: Server process close detected.

║             TXADMIN║ ================================================================
║             TXADMIN║ ======== [54288] FXServer Starting - 2026/03/11, 21:51:32       
║             TXADMIN║ ================================================================
[           resources] Scanning resources.
[           resources] Found 28 resources.
[          svadhesive] Authenticating server license key...
[          svadhesive] Server license key authentication succeeded. Welcome!
[    c-scripting-core] Creating script environments for monitor
[      script:monitor] [txAdmin] Resource v8.0.1 threads and commands set up. All Ready.
[           resources] Started resource monitor
[    c-scripting-core] Creating script environments for mapmanager
[           resources] Started resource mapmanager
[    c-scripting-core] Creating script environments for chat
[           resources] Started resource chat
[           resources] Started resource spawnmanager
[    c-scripting-core] Creating script environments for sessionmanager
[           resources] Started resource sessionmanager
[   script:mapmanager] Started gametype Freeroam
[           resources] Started resource basic-gamemode
[    c-scripting-core] Creating script environments for hardcap
[           resources] Started resource hardcap
[    c-scripting-core] Creating script environments for stdb-relay
[   script:stdb-relay] [stdb-relay] Ready - generic native dispatcher active.
[           resources] Started resource stdb-relay
[   script:mapmanager] Started map fivem-map-skater
[           resources] Started resource fivem-map-skater
[ citizen-server-impl]         fff                          
[ citizen-server-impl]   cccc ff   xx  xx     rr rr    eee  
[ citizen-server-impl] cc     ffff   xx       rrr  r ee   e 
[ citizen-server-impl] cc     ff     xx   ... rr     eeeee  
[ citizen-server-impl]  ccccc ff   xx  xx ... rr      eeeee 
[ citizen-server-impl]                                      
[ citizen-server-impl] Authenticated with cfx.re Nucleus: https://zerxis654-z5e88y.users.cfx.re/
║             TXADMIN║ txaEvent "serverShuttingDown" "{\"delay\":5000,\"author\":\"Zerxis654\",\"message\":\"Server restarting (admin request).\"}"
[      script:monitor] [txAdmin] Server shutting down. Kicking all players.

║             TXADMIN║ ================================================================
║             TXADMIN║ ======== [61404] FXServer Starting - 2026/03/11, 21:53:10       
║             TXADMIN║ ================================================================
[           resources] Scanning resources.
[           resources] Found 28 resources.
[          svadhesive] Authenticating server license key...
[          svadhesive] Server license key authentication succeeded. Welcome!
[    c-scripting-core] Creating script environments for monitor
[      script:monitor] [txAdmin] Resource v8.0.1 threads and commands set up. All Ready.
[           resources] Started resource monitor
[    c-scripting-core] Creating script environments for mapmanager
[           resources] Started resource mapmanager
[    c-scripting-core] Creating script environments for chat
[           resources] Started resource chat
[           resources] Started resource spawnmanager
[    c-scripting-core] Creating script environments for sessionmanager
[           resources] Started resource sessionmanager
[   script:mapmanager] Started gametype Freeroam
[           resources] Started resource basic-gamemode
[    c-scripting-core] Creating script environments for hardcap
[           resources] Started resource hardcap
[    c-scripting-core] Creating script environments for stdb-relay
[   script:stdb-relay] [stdb-relay] Ready - generic native dispatcher active.
[           resources] Started resource stdb-relay
[   script:mapmanager] Started map fivem-map-hipster
[           resources] Started resource fivem-map-hipster
[ citizen-server-impl]         fff                          
[ citizen-server-impl]   cccc ff   xx  xx     rr rr    eee  
[ citizen-server-impl] cc     ffff   xx       rrr  r ee   e 
[ citizen-server-impl] cc     ff     xx   ... rr     eeeee  
[ citizen-server-impl]  ccccc ff   xx  xx ... rr      eeeee 
[ citizen-server-impl]                                      
[ citizen-server-impl] Authenticated with cfx.re Nucleus: https://zerxis654-z5e88y.users.cfx.re/
║             TXADMIN║ ================================================================
║             TXADMIN║ ======== [18196] FXServer Starting - 2026/03/11, 21:53:48       
║             TXADMIN║ ================================================================
[           resources] Scanning resources.
[           resources] Found 28 resources.
[          svadhesive] Authenticating server license key...
[          svadhesive] Server license key authentication succeeded. Welcome!
[    c-scripting-core] Creating script environments for monitor
[      script:monitor] [txAdmin] Resource v8.0.1 threads and commands set up. All Ready.
[           resources] Started resource monitor
[    c-scripting-core] Creating script environments for mapmanager
[           resources] Started resource mapmanager
[    c-scripting-core] Creating script environments for chat
[           resources] Started resource chat
[           resources] Started resource spawnmanager
[    c-scripting-core] Creating script environments for sessionmanager
[           resources] Started resource sessionmanager
[   script:mapmanager] Started gametype Freeroam
[           resources] Started resource basic-gamemode
[    c-scripting-core] Creating script environments for hardcap
[           resources] Started resource hardcap
[    c-scripting-core] Creating script environments for stdb-relay
[   script:stdb-relay] [stdb-relay] Ready - generic native dispatcher active.
[           resources] Started resource stdb-relay
[   script:mapmanager] Started map fivem-map-skater
[           resources] Started resource fivem-map-skater
[ citizen-server-impl]         fff                          
[ citizen-server-impl]   cccc ff   xx  xx     rr rr    eee  
[ citizen-server-impl] cc     ffff   xx       rrr  r ee   e 
[ citizen-server-impl] cc     ff     xx   ... rr     eeeee  
[ citizen-server-impl]  ccccc ff   xx  xx ... rr      eeeee 
[ citizen-server-impl]                                      
[ citizen-server-impl] Authenticated with cfx.re Nucleus: https://zerxis654-z5e88y.users.cfx.re/
[      script:hardcap] Connecting: Joshua Sprigs
[ citizen-server-impl] Server list query returned an error: server request failed: server request failed for endpoint https://102.39.241.136:30120/players.json (Get "https://102.39.241.136:30120/players.json": read tcp 10.0.16.28:60394->102.39.241.136:30120: read: connection reset by peer)
[ citizen-server-impl] Server list query returned an error: server request failed: server request failed for endpoint https://102.39.241.136:30120/players.json (Get "https://102.39.241.136:30120/players.json": read tcp 10.0.16.28:60394->102.39.241.136:30120: read: connection reset by peer)
[ citizen-server-impl] Server list query returned an error: server request failed: server request failed for endpoint https://102.39.241.136:30120/info.json (Get "https://102.39.241.136:30120/info.json": context deadline exceeded (Client.Timeout exceeded while awaiting headers))
║           Zerxis654║ restart stdb-relay
[           resources] Stopping resource stdb-relay
[    c-scripting-core] Creating script environments for stdb-relay
[   script:stdb-relay] [stdb-relay] Ready - generic native dispatcher active.
[           resources] Started resource stdb-relay
[      script:hardcap] Connecting: Joshua Sprigs
[   script:stdb-relay] SCRIPT ERROR: @stdb-relay/server/main.lua:110: attempt to index a nil value (global 'serverIdToPlayer')
[   script:stdb-relay] > handler (@stdb-relay/server/main.lua:110)
[ citizen-server-impl] Server list query returned an error: server request failed: server request failed for endpoint https://102.39.241.136:30120/players.json (Get "https://102.39.241.136:30120/players.json": context deadline exceeded (Client.Timeout exceeded while awaiting headers))
[   script:stdb-relay] [stdb-relay] requestSpawn received from 2
[   script:stdb-relay] [stdb-relay] requestSpawn received from 2
[ citizen-server-impl] Server list query returned an error: server request failed: server request failed for endpoint https://102.39.241.136:30120/players.json (Get "https://102.39.241.136:30120/players.json": context deadline exceeded (Client.Timeout exceeded while awaiting headers))
║           Zerxis654║ restart stdb-relay
[           resources] Stopping resource stdb-relay
[    c-scripting-core] Creating script environments for stdb-relay
[   script:stdb-relay] [stdb-relay] Ready - generic native dispatcher active.
[           resources] Started resource stdb-relay
[ citizen-server-impl] Server list query returned an error: server request failed: server request failed for endpoint https://102.39.241.136:30120/dynamic.json (Get "https://102.39.241.136:30120/dynamic.json": read tcp 10.0.16.27:33890->102.39.241.136:30120: read: connection reset by peer (Client.Timeout exceeded while awaiting headers))
[ citizen-server-impl] server thread hitch warning: timer interval of 201 milliseconds
[ citizen-server-impl] sync thread hitch warning: timer interval of 177 milliseconds
[ citizen-server-impl] sync thread hitch warning: timer interval of 110 milliseconds
[      script:hardcap] Connecting: Joshua Sprigs
[ citizen-server-impl] Server list query returned an error: server request failed: server request failed for endpoint https://102.39.241.136:30120/dynamic.json (Get "https://102.39.241.136:30120/dynamic.json": read tcp 10.0.16.27:33890->102.39.241.136:30120: read: connection reset by peer (Client.Timeout exceeded while awaiting headers))
[   script:stdb-relay] [stdb-relay] Player ready: server_id=3
[   script:stdb-relay] [stdb-relay] requestSpawn received from 3

=================================================================
	Native Crash Reporting
=================================================================
Got a SIGSEGV while executing native code. This usually indicates
a fatal error in the mono runtime or one of the native libraries 
used by your application.
=================================================================

=================================================================
	Managed Stacktrace:
=================================================================
=================================================================
[ citizen-server-impl] sync thread hitch warning: timer interval of 481 milliseconds
[ citizen-server-impl] network thread hitch warning: timer interval of 482 milliseconds
[ citizen-server-impl] sync thread hitch warning: timer in↩
║             TXADMIN║ Restarting server: Server process close detected.

║             TXADMIN║ ================================================================
║             TXADMIN║ ======== [68200] FXServer Starting - 2026/03/11, 22:09:28       
║             TXADMIN║ ================================================================
[           resources] Scanning resources.
[           resources] Found 28 resources.
[          svadhesive] Authenticating server license key...
[          svadhesive] Server license key authentication succeeded. Welcome!
[    c-scripting-core] Creating script environments for monitor
[      script:monitor] [txAdmin] Resource v8.0.1 threads and commands set up. All Ready.
[           resources] Started resource monitor
[    c-scripting-core] Creating script environments for mapmanager
[           resources] Started resource mapmanager
[    c-scripting-core] Creating script environments for chat
[           resources] Started resource chat
[           resources] Started resource spawnmanager
[    c-scripting-core] Creating script environments for sessionmanager
[           resources] Started resource sessionmanager
[   script:mapmanager] Started gametype Freeroam
[           resources] Started resource basic-gamemode
[    c-scripting-core] Creating script environments for hardcap
[           resources] Started resource hardcap
[    c-scripting-core] Creating script environments for stdb-relay
[   script:stdb-relay] [stdb-relay] Ready - generic native dispatcher active.
[           resources] Started resource stdb-relay
[   script:mapmanager] Started map fivem-map-hipster
[           resources] Started resource fivem-map-hipster
[ citizen-server-impl]         fff                          
[ citizen-server-impl]   cccc ff   xx  xx     rr rr    eee  
[ citizen-server-impl] cc     ffff   xx       rrr  r ee   e 
[ citizen-server-impl] cc     ff     xx   ... rr     eeeee  
[ citizen-server-impl]  ccccc ff   xx  xx ... rr      eeeee 
[ citizen-server-impl]                                      
[ citizen-server-impl] Authenticated with cfx.re Nucleus: https://zerxis654-z5e88y.users.cfx.re/
[ citizen-server-impl] Server list query returned an error: server request failed: server request failed for endpoint https://102.39.241.136:30120/info.json (Get "https://102.39.241.136:30120/info.json": context deadline exceeded (Client.Timeout exceeded while awaiting headers))
[ citizen-server-impl] Server list query returned an error: server request failed: server request failed for endpoint https://102.39.241.136:30120/info.json (Get "https://102.39.241.136:30120/info.json": context deadline exceeded (Client.Timeout exceeded while awaiting headers))
[ citizen-server-impl] Server list query returned an error: server request failed: server request failed for endpoint https://102.39.241.136:30120/info.json (Get "https://102.39.241.136:30120/info.json": context deadline exceeded (Client.Timeout exceeded while awaiting headers))
║             TXADMIN║ ================================================================
║             TXADMIN║ ======== [70508] FXServer Starting - 2026/03/11, 22:28:44       
║             TXADMIN║ ================================================================
[           resources] Scanning resources.
[           resources] Found 28 resources.
[          svadhesive] Authenticating server license key...
[          svadhesive] Server license key authentication succeeded. Welcome!
[    c-scripting-core] Creating script environments for monitor
[      script:monitor] [txAdmin] Resource v8.0.1 threads and commands set up. All Ready.
[           resources] Started resource monitor
[    c-scripting-core] Creating script environments for mapmanager
[           resources] Started resource mapmanager
[    c-scripting-core] Creating script environments for chat
[           resources] Started resource chat
[           resources] Started resource spawnmanager
[    c-scripting-core] Creating script environments for sessionmanager
[           resources] Started resource sessionmanager
[   script:mapmanager] Started gametype Freeroam
[           resources] Started resource basic-gamemode
[    c-scripting-core] Creating script environments for hardcap
[           resources] Started resource hardcap
[    c-scripting-core] Creating script environments for stdb-relay
[   script:stdb-relay] [stdb-relay] Ready - polling sidecar for instructions.
[           resources] Started resource stdb-relay
[   script:mapmanager] Started map fivem-map-hipster
[           resources] Started resource fivem-map-hipster
[ citizen-server-impl]         fff                          
[ citizen-server-impl]   cccc ff   xx  xx     rr rr    eee  
[ citizen-server-impl] cc     ffff   xx       rrr  r ee   e 
[ citizen-server-impl] cc     ff     xx   ... rr     eeeee  
[ citizen-server-impl]  ccccc ff   xx  xx ... rr      eeeee 
[ citizen-server-impl]                                      
[ citizen-server-impl] Authenticated with cfx.re Nucleus: https://zerxis654-z5e88y.users.cfx.re/
[      script:hardcap] Connecting: Joshua Sprigs
[   script:stdb-relay] [stdb-relay] Player ready: server_id=1
[   script:stdb-relay] [stdb-relay] requestSpawn from server_id=1
[   script:stdb-relay] [stdb-relay] requestSpawn from server_id=1
║           Zerxis654║ restart stdb-relay
[           resources] Stopping resource stdb-relay
[    c-scripting-core] Creating script environments for stdb-relay
[   script:stdb-relay] [stdb-relay] Ready - polling sidecar for instructions.
[           resources] Started resource stdb-relay
[   script:stdb-relay] [stdb-relay] requestSpawn from server_id=1
[   script:stdb-relay] [stdb-relay] No player for net_id=1
[   script:stdb-relay] [stdb-relay] No player for net_id=1
[   script:stdb-relay] [stdb-relay] requestSpawn from server_id=1
[   script:stdb-relay] [stdb-relay] No player for net_id=1
[   script:stdb-relay] [stdb-relay] No player for net_id=1
[ citizen-server-impl] Server list query returned an error: server request failed: server request failed for endpoint https://102.39.241.136:30120/dynamic.json (Get "https://102.39.241.136:30120/dynamic.json": context deadline exceeded (Client.Timeout exceeded while awaiting headers))
[   script:stdb-relay] [stdb-relay] requestSpawn from server_id=1
[   script:stdb-relay] [stdb-relay] No player for net_id=1
[   script:stdb-relay] [stdb-relay] No player for net_id=1
║           Zerxis654║ restart stdb-relay
[           resources] Stopping resource stdb-relay
[    c-scripting-core] Creating script environments for stdb-relay
[   script:stdb-relay] [stdb-relay] Ready - polling sidecar for instructions.
[   script:stdb-relay] [stdb-relay] Re-registered existing player: server_id=1
[           resources] Started resource stdb-relay
[   script:stdb-relay] [stdb-relay] requestSpawn from server_id=1
[ citizen-server-impl] Server list query returned an error: server request failed: server request failed for endpoint https://102.39.241.136:30120/info.json (Get "https://102.39.241.136:30120/info.json": context deadline exceeded (Client.Timeout exceeded while awaiting headers))
[   script:stdb-relay] [stdb-relay] requestSpawn from server_id=1
[   script:stdb-relay] [stdb-relay] requestSpawn from server_id=1
[ citizen-server-impl] Server list query returned an error: server request failed: server request failed for endpoint https://102.39.241.136:30120/dynamic.json (Get "https://102.39.241.136:30120/dynamic.json": context deadline exceeded (Client.Timeout exceeded while awaiting headers))
[   script:stdb-relay] [stdb-relay] requestSpawn from server_id=1
[ citizen-server-impl] Server list query returned an error: server request failed: server request failed for endpoint https://102.39.241.136:30120/dynamic.json (Get "https://102.39.241.136:30120/dynamic.json": context deadline exceeded (Client.Timeout exceeded while awaiting headers))
[   script:stdb-relay] [stdb-relay] requestSpawn from server_id=1
[ citizen-server-impl] Server list query returned an error: server request failed: server request failed for endpoint https://102.39.241.136:30120/dynamic.json (Get "https://102.39.241.136:30120/dynamic.json": read tcp 10.0.16.28:44414->102.39.241.136:30120: read: connection reset by peer)
[ citizen-server-impl] Server list query returned an error: server request failed: server request failed for endpoint https://102.39.241.136:30120/info.json (Get "https://102.39.241.136:30120/info.json": context deadline exceeded (Client.Timeout exceeded while awaiting headers))
[ citizen-server-impl] Server list query returned an error: server request failed: server request failed for endpoint https://102.39.241.136:30120/info.json (Get "https://102.39.241.136:30120/info.json": context deadline exceeded (Client.Timeout exceeded while awaiting headers))
[ citizen-server-impl] Server list query returned an error: server request failed: server request failed for endpoint https://102.39.241.136:30120/info.json (Get "https://102.39.241.136:30120/info.json": read tcp 10.0.16.28:40870->102.39.241.136:30120: read: connection reset by peer)
[ citizen-server-impl] Server list query returned an error: server request failed: server request failed for endpoint https://102.39.241.136:30120/dynamic.json (Get "https://102.39.241.136:30120/dynamic.json": context deadline exceeded (Client.Timeout exceeded while awaiting headers))
[ citizen-server-impl] Server list query returned an error: server request failed: server request failed for endpoint https://102.39.241.136:30120/players.json (Get "https://102.39.241.136:30120/players.json": context deadline exceeded (Client.Timeout exceeded while awaiting headers))
[ citizen-server-impl] Server list query returned an error: server request failed: server request failed for endpoint https://102.39.241.136:30120/info.json (Get "https://102.39.241.136:30120/info.json": context deadline exceeded (Client.Timeout exceeded while awaiting headers))
[ citizen-server-impl] Server list query returned an error: server request failed: server request failed for endpoint https://102.39.241.136:30120/players.json (Get "https://102.39.241.136:30120/players.json": context deadline exceeded (Client.Timeout exceeded while awaiting headers))
║             TXADMIN║ ================================================================
║             TXADMIN║ ======== [70008] FXServer Starting - 2026/03/11, 23:24:24       
║             TXADMIN║ ================================================================
[           resources] Scanning resources.
[           resources] Found 28 resources.
[          svadhesive] Authenticating server license key...
[          svadhesive] Server license key authentication succeeded. Welcome!
[    c-scripting-core] Creating script environments for monitor
[      script:monitor] [txAdmin] Resource v8.0.1 threads and commands set up. All Ready.
[           resources] Started resource monitor
[    c-scripting-core] Creating script environments for mapmanager
[           resources] Started resource mapmanager
[    c-scripting-core] Creating script environments for chat
[           resources] Started resource chat
[           resources] Started resource spawnmanager
[    c-scripting-core] Creating script environments for sessionmanager
[           resources] Started resource sessionmanager
[   script:mapmanager] Started gametype Freeroam
[           resources] Started resource basic-gamemode
[    c-scripting-core] Creating script environments for hardcap
[           resources] Started resource hardcap
[    c-scripting-core] Creating script environments for stdb-relay
[   script:stdb-relay] [stdb-relay] Ready - polling sidecar for instructions.
[           resources] Started resource stdb-relay
[   script:mapmanager] Started map fivem-map-hipster
[           resources] Started resource fivem-map-hipster
[ citizen-server-impl]         fff                          
[ citizen-server-impl]   cccc ff   xx  xx     rr rr    eee  
[ citizen-server-impl] cc     ffff   xx       rrr  r ee   e 
[ citizen-server-impl] cc     ff     xx   ... rr     eeeee  
[ citizen-server-impl]  ccccc ff   xx  xx ... rr      eeeee 
[ citizen-server-impl]                                      
[ citizen-server-impl] Authenticated with cfx.re Nucleus: https://zerxis654-z5e88y.users.cfx.re/
[      script:hardcap] Connecting: Joshua Sprigs
[      script:hardcap] Connecting: Joshua Sprigs
[ citizen-server-impl] Server list query returned an error: server request failed: server request failed for endpoint https://102.39.241.136:30120/players.json (Get "https://102.39.241.136:30120/players.json": context deadline exceeded (Client.Timeout exceeded while awaiting headers))
[   script:stdb-relay] [stdb-relay] Player ready: server_id=1
[   script:stdb-relay] [stdb-relay] requestSpawn from server_id=1
[ citizen-server-impl] Server list query returned an error: server request failed: server request failed for endpoint https://102.39.241.136:30120/players.json (Get "https://102.39.241.136:30120/players.json": context deadline exceeded (Client.Timeout exceeded while awaiting headers))
[ citizen-server-impl] Server list query returned an error: server request failed: server request failed for endpoint https://102.39.241.136:30120/players.json (Get "https://102.39.241.136:30120/players.json": context deadline exceeded (Client.Timeout exceeded while awaiting headers))
[ citizen-server-impl] Server list query returned an error: server request failed: server request failed for endpoint https://102.39.241.136:30120/info.json (Get "https://102.39.241.136:30120/info.json": context deadline exceeded (Client.Timeout exceeded while awaiting headers))
[ citizen-server-impl] Server list query returned an error: server request failed: server request failed for endpoint https://102.39.241.136:30120/dynamic.json (Get "https://102.39.241.136:30120/dynamic.json": context deadline exceeded (Client.Timeout exceeded while awaiting headers))
[      script:hardcap] Connecting: Joshua Sprigs
[ citizen-server-impl] Server list query returned an error: server request failed: server request failed for endpoint https://102.39.241.136:30120/dynamic.json (Get "https://102.39.241.136:30120/dynamic.json": context deadline exceeded (Client.Timeout exceeded while awaiting headers))
[   script:stdb-relay] [stdb-relay] Player ready: server_id=2
[ citizen-server-impl] Server list query returned an error: server request failed: server request failed for endpoint https://102.39.241.136:30120/players.json (Get "https://102.39.241.136:30120/players.json": context deadline exceeded (Client.Timeout exceeded while awaiting headers))
[ citizen-server-impl] Server list query returned an error: server request failed: server request failed for endpoint https://102.39.241.136:30120/players.json (Get "https://102.39.241.136:30120/players.json": context deadline exceeded (Client.Timeout exceeded while awaiting headers))
[ citizen-server-impl] Server list query returned an error: server request failed: server request failed for endpoint https://102.39.241.136:30120/dynamic.json (Get "https://102.39.241.136:30120/dynamic.json": context deadline exceeded (Client.Timeout exceeded while awaiting headers))
[ citizen-server-impl] Server list query returned an error: server request failed: server request failed for endpoint https://102.39.241.136:30120/info.json (Get "https://102.39.241.136:30120/info.json": context deadline exceeded (Client.Timeout exceeded while awaiting headers))
[ citizen-server-impl] Server list query returned an error: server request failed: server request failed for endpoint https://102.39.241.136:30120/info.json (Get "https://102.39.241.136:30120/info.json": context deadline exceeded (Client.Timeout exceeded while awaiting headers))
[ citizen-server-impl] Server list query returned an error: server request failed: server request failed for endpoint https://102.39.241.136:30120/info.json (Get "https://102.39.241.136:30120/info.json": context deadline exceeded (Client.Timeout exceeded while awaiting headers))
[ citizen-server-impl] Server list query returned an error: server request failed: server request failed for endpoint https://102.39.241.136:30120/info.json (Get "https://102.39.241.136:30120/info.json": context deadline exceeded (Client.Timeout exceeded while awaiting headers))
[ citizen-server-impl] Server list query returned an error: server request failed: server request failed for endpoint https://102.39.241.136:30120/players.json (Get "https://102.39.241.136:30120/players.json": context deadline exceeded (Client.Timeout exceeded while awaiting headers))
