================================================================
======== Log Rotated - 2026/03/17, 00:00:00                     
================================================================
[14:10:43] [jaePB#2] Zerxis654: joined with identifiers [license:7df1…5909, xbl:2535…2995, live:1055…0914, discord:5336…1534, fivem:2412049, license2:da0e…971c]
[14:11:02] [jaePB#2] Zerxis654: enabled noclip
[14:14:28] [jaePB#2] Zerxis654: disconnected (Exiting)
================================================================
======== txAdmin v8.0.1 atop fxserver 25770 Starting - 2026/03/17, 14:16:09
================================================================
[14:16:15] txAdmin: Logger started
[14:18:47] [dDRf8#1] Zerxis654: joined with identifiers [license:7df1…5909, xbl:2535…2995, live:1055…0914, discord:5336…1534, fivem:2412049, license2:da0e…971c]
[14:19:12] [dDRf8#1] Zerxis654: enabled noclip
[14:21:38] [dDRf8#1] Zerxis654: teleported to a waypoint
[14:23:32] [dDRf8#1] Zerxis654: said "/-openInventory"
[14:23:58] [dDRf8#1] Zerxis654: became mortal (standard mode)
[14:23:59] [dDRf8#1] Zerxis654: said "/-openInventory"
[14:24:36] [dDRf8#1] Zerxis654: said "/-openInventory"
[14:24:55] [dDRf8#1] Zerxis654: enabled noclip
[14:25:03] [dDRf8#1] Zerxis654: became mortal (standard mode)
[14:25:06] [dDRf8#1] Zerxis654: enabled noclip
[14:26:56] [dDRf8#1] Zerxis654: said "/-openInventory"
[14:27:10] [dDRf8#1] Zerxis654: said "/-openInventory"
[14:27:10] [dDRf8#1] Zerxis654: said "/-openInventory"
[14:27:14] [dDRf8#1] Zerxis654: said "/-openInventory"
[14:27:15] [dDRf8#1] Zerxis654: said "/-openInventory"
[14:27:16] [dDRf8#1] Zerxis654: said "/-openInventory"
[14:27:17] [dDRf8#1] Zerxis654: said "/-openInventory"
[14:27:19] [dDRf8#1] Zerxis654: said "/-openInventory"
[14:27:20] [dDRf8#1] Zerxis654: said "/-openInventory"
[14:27:21] [dDRf8#1] Zerxis654: said "/-openInventory"
[14:29:25] [dDRf8#1] Zerxis654: said "/-openInventory"
[14:48:48] [dDRf8#1] Zerxis654: became mortal (standard mode)
[14:52:31] [dDRf8#1] Zerxis654: spawned a vehicle (model: sm722)
[14:55:32] [dDRf8#1] Zerxis654: enabled noclip
[14:55:38] [dDRf8#1] Zerxis654: became mortal (standard mode)
[14:55:40] [dDRf8#1] Zerxis654: deleted a vehicle
[14:55:42] [dDRf8#1] Zerxis654: spawned a vehicle (model: volatus)
[14:58:24] [dDRf8#1] Zerxis654: deleted a vehicle
[14:58:45] [dDRf8#1] Zerxis654: spawned a vehicle (model: streamer216)
[15:04:22] [dDRf8#1] Zerxis654: enabled noclip
[15:06:43] [dDRf8#1] Zerxis654: became mortal (standard mode)
[15:06:44] [dDRf8#1] Zerxis654: spawned a vehicle (model: valkyrie2)
[15:07:08] [dDRf8#1] Zerxis654: deleted a vehicle
[15:07:09] [dDRf8#1] Zerxis654: enabled noclip
[15:07:12] [dDRf8#1] Zerxis654: became mortal (standard mode)
[15:07:15] [dDRf8#1] Zerxis654: spawned a vehicle (model: valkyrie)
[15:07:19] [dDRf8#1] Zerxis654: deleted a vehicle
[15:07:47] [dDRf8#1] Zerxis654: spawned a vehicle (model: supervolito2)
[15:07:55] [dDRf8#1] Zerxis654: deleted a vehicle
[15:08:57] [dDRf8#1] Zerxis654: spawned a vehicle (model: maverick)
[15:09:53] [dDRf8#1] Zerxis654: caused an explosion (PLANE)
[15:09:53] [dDRf8#1] Zerxis654: died from suicide (Explosion)
[15:09:55] [dDRf8#1] Zerxis654: enabled noclip
[15:09:57] [dDRf8#1] Zerxis654: became mortal (standard mode)
[15:09:58] [dDRf8#1] Zerxis654: enabled noclip
[15:10:08] [dDRf8#1] Zerxis654: became mortal (standard mode)
[15:10:09] [dDRf8#1] Zerxis654: spawned a vehicle (model: maverick)
[15:10:34] [dDRf8#1] Zerxis654: deleted a vehicle
[15:10:35] [dDRf8#1] Zerxis654: enabled noclip
[15:11:12] [dDRf8#1] Zerxis654: became mortal (standard mode)
[15:11:14] [dDRf8#1] Zerxis654: spawned a vehicle (model: polmav)
[15:12:53] [dDRf8#1] Zerxis654: deleted a vehicle
[15:12:53] [dDRf8#1] Zerxis654: disconnected (Exiting)
[17:06:33] [dDRf8#2] Zerxis654: joined with identifiers [license:7df1…5909, xbl:2535…2995, live:1055…0914, discord:5336…1534, fivem:2412049, license2:da0e…971c]
[17:06:50] [dDRf8#2] Zerxis654: enabled noclip
[17:06:57] [dDRf8#2] Zerxis654: became mortal (standard mode)
[17:07:09] [dDRf8#2] Zerxis654: spawned a vehicle (model: panthere)
[17:08:45] [dDRf8#2] Zerxis654: deleted a vehicle
[17:09:15] [dDRf8#2] Zerxis654: spawned a vehicle (model: envisage)
[17:10:23] [dDRf8#2] Zerxis654: deleted a vehicle
[17:10:46] [dDRf8#2] Zerxis654: spawned a vehicle (model: lynx)
[17:12:26] [dDRf8#2] Zerxis654: repaired their vehicle
[17:15:43] [dDRf8#2] Zerxis654: repaired their vehicle
[17:15:49] [dDRf8#2] Zerxis654: repaired their vehicle
[17:15:54] [dDRf8#2] Zerxis654: said "/-openInventory"
[17:16:34] [dDRf8#2] Zerxis654: disconnected (Exiting)
