================================================================
======== txAdmin v8.0.1 atop fxserver 25770 Starting - 2026/03/11, 11:11:43
================================================================
================================================================
======== Log Rotated - 2026/03/11, 11:11:44                     
================================================================
[11:11:48] txAdmin: Logger started
[11:12:32] [efTiY#1] Joshua Sprigs: joined with identifiers [license:f769…dc77, xbl:2535…2995, live:1055…0914, discord:5336…1534, fivem:2412049, license2:add9…f88f]
[11:13:04] txAdmin: Logger started
[11:14:25] [LK4pG#1] Joshua Sprigs: joined with identifiers [license:f769…dc77, xbl:2535…2995, live:1055…0914, discord:5336…1534, fivem:2412049, license2:add9…f88f]
[11:14:52] txAdmin: Logger started
[11:21:19] [MtWCc#1] Joshua Sprigs: joined with identifiers [license:f769…dc77, xbl:2535…2995, live:1055…0914, discord:5336…1534, fivem:2412049, license2:add9…f88f]
[11:21:52] txAdmin: Logger started
[11:26:55] [CfVYW#1] Joshua Sprigs: joined with identifiers [license:f769…dc77, xbl:2535…2995, live:1055…0914, discord:5336…1534, fivem:2412049, license2:add9…f88f]
[11:27:34] txAdmin: Logger started
[11:30:07] [tB836#1] Joshua Sprigs: joined with identifiers [license:f769…dc77, xbl:2535…2995, live:1055…0914, discord:5336…1534, fivem:2412049, license2:add9…f88f]
[11:30:36] txAdmin: Logger started
[11:34:51] [tEgPe#1] Joshua Sprigs: joined with identifiers [license:f769…dc77, xbl:2535…2995, live:1055…0914, discord:5336…1534, fivem:2412049, license2:add9…f88f]
[11:35:51] txAdmin: Logger started
================================================================
======== txAdmin v8.0.1 atop fxserver 25770 Starting - 2026/03/11, 21:43:16
================================================================
[21:43:21] txAdmin: Logger started
[21:44:01] [YPNq8#1] Joshua Sprigs: joined with identifiers [license:f769…dc77, xbl:2535…2995, live:1055…0914, discord:5336…1534, fivem:2412049, license2:add9…f88f]
[21:44:30] txAdmin: Logger started
[21:46:26] [aJbWe#1] Joshua Sprigs: joined with identifiers [license:f769…dc77, xbl:2535…2995, live:1055…0914, discord:5336…1534, fivem:2412049, license2:add9…f88f]
[21:47:03] txAdmin: Logger started
[21:50:17] [UqqT9#1] Joshua Sprigs: joined with identifiers [license:f769…dc77, xbl:2535…2995, live:1055…0914, discord:5336…1534, fivem:2412049, license2:add9…f88f]
[21:51:34] txAdmin: Logger started
[21:53:11] txAdmin: Logger started
================================================================
======== txAdmin v8.0.1 atop fxserver 25770 Starting - 2026/03/11, 21:53:46
================================================================
[21:53:51] txAdmin: Logger started
[21:54:54] [d9LYt#1] Joshua Sprigs: joined with identifiers [license:f769…dc77, xbl:2535…2995, live:1055…0914, discord:5336…1534, fivem:2412049, license2:add9…f88f]
[21:56:25] [d9LYt#1] Joshua Sprigs: disconnected (Disconnected.)
[22:04:30] [d9LYt#2] Joshua Sprigs: joined with identifiers [license:f769…dc77, xbl:2535…2995, live:1055…0914, discord:5336…1534, fivem:2412049, license2:add9…f88f]
[22:08:11] [d9LYt#2] Joshua Sprigs: disconnected (Disconnected.)
[22:08:55] [d9LYt#3] Joshua Sprigs: joined with identifiers [license:f769…dc77, xbl:2535…2995, live:1055…0914, discord:5336…1534, fivem:2412049, license2:add9…f88f]
[22:09:30] txAdmin: Logger started
================================================================
======== txAdmin v8.0.1 atop fxserver 25770 Starting - 2026/03/11, 22:28:44
================================================================
[22:28:46] txAdmin: Logger started
[22:29:20] [7VAKf#1] Joshua Sprigs: joined with identifiers [license:f769…dc77, xbl:2535…2995, live:1055…0914, discord:5336…1534, fivem:2412049, license2:add9…f88f]
[22:30:03] [7VAKf#1] Joshua Sprigs: said "/Stop-Process -Name "StdbSidecar" -Forcecd G:\FIVEMSTDBPROJECT\stdb-sidecardotnet build -c Release"
[22:44:38] [7VAKf#1] Joshua Sprigs: enabled noclip
[23:16:55] [7VAKf#1] Joshua Sprigs: became mortal (standard mode)
[23:16:57] [7VAKf#1] Joshua Sprigs: spawned a vehicle (model: f620)
[23:23:06] [7VAKf#1] Joshua Sprigs: disconnected (Server->client connection timed out. Last seen 95 msec ago.)
================================================================
======== txAdmin v8.0.1 atop fxserver 25770 Starting - 2026/03/11, 23:24:24
================================================================
[23:24:26] txAdmin: Logger started
[23:25:11] [qig4F#1] Joshua Sprigs: joined with identifiers [license:f769…dc77, xbl:2535…2995, live:1055…0914, discord:5336…1534, fivem:2412049, license2:add9…f88f]
[23:34:35] [qig4F#1] Joshua Sprigs: disconnected (Disconnected.)
[23:35:02] [qig4F#2] Joshua Sprigs: joined with identifiers [license:f769…dc77, xbl:2535…2995, live:1055…0914, discord:5336…1534, fivem:2412049, license2:add9…f88f]
[23:51:05] [qig4F#2] Joshua Sprigs: disconnected (Exiting)
