================================================================
======== Log Rotated - 2026/03/16, 00:00:00                     
================================================================
[07:39:16] [rnib4#2] Joshua Sprigs: joined with identifiers [license:f769…dc77, xbl:2535…2995, live:1055…0914, discord:5336…1534, fivem:2412049, license2:add9…f88f]
[07:39:51] [rnib4#2] Joshua Sprigs: enabled noclip
[07:39:56] [rnib4#2] Joshua Sprigs: became mortal (standard mode)
[07:40:01] [rnib4#2] Joshua Sprigs: spawned a vehicle (model: italirsx)
[07:46:57] [rnib4#2] Joshua Sprigs: deleted a vehicle
[07:50:52] [rnib4#2] Joshua Sprigs: spawned a vehicle (model: emerus)
[07:52:11] [rnib4#2] Joshua Sprigs: repaired their vehicle
[07:57:50] [rnib4#2] Joshua Sprigs: disconnected (Exiting)
================================================================
======== txAdmin v8.0.1 atop fxserver 25770 Starting - 2026/03/16, 12:56:03
================================================================
[12:56:08] txAdmin: Logger started
[12:57:03] [n43Pb#1] Joshua Sprigs: joined with identifiers [license:f769…dc77, xbl:2535…2995, live:1055…0914, discord:5336…1534, fivem:2412049, license2:add9…f88f]
[12:57:26] [n43Pb#1] Joshua Sprigs: enabled noclip
[12:58:12] [n43Pb#1] Joshua Sprigs: became mortal (standard mode)
[12:58:21] [n43Pb#1] Joshua Sprigs: spawned a vehicle (model: emerus)
[12:58:25] [n43Pb#1] Joshua Sprigs: said "/-openInventory"
[12:58:25] [n43Pb#1] Joshua Sprigs: said "/-openInventory"
[12:58:27] [n43Pb#1] Joshua Sprigs: said "/-openInventory"
[13:07:38] [n43Pb#1] Joshua Sprigs: enabled noclip
[13:07:41] [n43Pb#1] Joshua Sprigs: disconnected (Server->client connection timed out. Last seen 69 msec ago.)
[14:31:01] [n43Pb#2] Joshua Sprigs: joined with identifiers [license:7df1…5909, xbl:2535…2995, live:1055…0914, discord:5336…1534, fivem:2412049, license2:da0e…971c]
[14:31:18] [n43Pb#3] Retro Pepe: joined with identifiers [license:7df1…5909, xbl:2535…2995, live:1055…0914, discord:5336…1534, fivem:2412049, license2:da0e…971c]
[14:31:27] [n43Pb#2] Joshua Sprigs: enabled noclip
[14:31:49] [n43Pb#2] Joshua Sprigs: said "/-openInventory"
[14:32:13] [n43Pb#2] Joshua Sprigs: teleported to player [#3] Retro Pepe (x=-1756.629, y=427.582, z=127.683)
[14:32:18] [n43Pb#2] Joshua Sprigs: became mortal (standard mode)
[14:32:23] [n43Pb#3] Retro Pepe: said "/-openInventory"
[14:32:30] [n43Pb#2] Joshua Sprigs: said "/-openInventory"
[14:32:32] [n43Pb#2] Joshua Sprigs: said "/-openInventory"
[14:32:39] [n43Pb#2] Joshua Sprigs: said "/-openInventory"
[14:32:41] [n43Pb#2] Joshua Sprigs: said "/-openInventory"
[14:32:45] [n43Pb#2] Joshua Sprigs: said "/-openInventory"
[14:32:47] [n43Pb#3] Retro Pepe: said "/-openInventory"
[14:33:49] [n43Pb#3] Retro Pepe: said "/-openInventory"
[14:33:51] [n43Pb#2] Joshua Sprigs: said "/-openInventory"
[14:34:35] [n43Pb#3] Retro Pepe: said "/-openInventory"
[14:34:38] [n43Pb#3] Retro Pepe: enabled noclip
[14:34:40] [n43Pb#3] Retro Pepe: became mortal (standard mode)
[14:35:26] [n43Pb#3] Retro Pepe: said "/-openInventory"
[14:38:05] [n43Pb#3] Retro Pepe: said "/-openInventory"
[14:38:19] [n43Pb#3] Retro Pepe: said "/-openInventory"
[14:38:22] [n43Pb#2] Joshua Sprigs: said "/-openInventory"
[14:40:02] [n43Pb#2] Joshua Sprigs: said "/-openInventory"
[14:40:03] [n43Pb#3] Retro Pepe: said "/-openInventory"
[14:40:49] [n43Pb#3] Retro Pepe: said "/-openInventory"
[14:41:37] [n43Pb#3] Retro Pepe: said "/-openInventory"
[14:43:31] [n43Pb#3] Retro Pepe: said "/-openInventory"
[14:43:40] [n43Pb#2] Joshua Sprigs: disconnected (Exiting)
[14:43:45] [n43Pb#3] Retro Pepe: disconnected (Exiting)
[18:55:23] [n43Pb#4] Joshua Sprigs: joined with identifiers [license:7df1…5909, xbl:2535…2995, live:1055…0914, discord:5336…1534, fivem:2412049, license2:da0e…971c]
[18:55:56] [n43Pb#4] Joshua Sprigs: said "/-openInventory"
[18:56:04] [n43Pb#4] Joshua Sprigs: enabled noclip
[18:57:19] [n43Pb#4] Joshua Sprigs: became mortal (standard mode)
[18:57:21] [n43Pb#4] Joshua Sprigs: spawned a vehicle (model: bati)
[18:58:35] [n43Pb#4] Joshua Sprigs: deleted a vehicle
[18:58:57] [n43Pb#4] Joshua Sprigs: spawned a vehicle (model: stingertt)
[19:04:10] [n43Pb#4] Joshua Sprigs: repaired their vehicle
[19:04:52] [n43Pb#4] Joshua Sprigs: repaired their vehicle
[19:05:22] [n43Pb#4] Joshua Sprigs: repaired their vehicle
[19:06:23] [n43Pb#4] Joshua Sprigs: repaired their vehicle
[19:10:06] [n43Pb#4] Joshua Sprigs: repaired their vehicle
[19:10:42] [n43Pb#4] Joshua Sprigs: repaired their vehicle
[19:11:27] [n43Pb#4] Joshua Sprigs: repaired their vehicle
[19:11:57] [n43Pb#4] Joshua Sprigs: healed themself
[19:11:58] [n43Pb#4] Joshua Sprigs: repaired their vehicle
[19:14:16] [n43Pb#4] Joshua Sprigs: repaired their vehicle
[19:14:39] [n43Pb#4] Joshua Sprigs: repaired their vehicle
[19:15:43] [n43Pb#4] Joshua Sprigs: repaired their vehicle
[19:16:17] [n43Pb#4] Joshua Sprigs: repaired their vehicle
[19:20:47] [n43Pb#4] Joshua Sprigs: repaired their vehicle
[19:23:22] [n43Pb#4] Joshua Sprigs: repaired their vehicle
[19:24:00] [n43Pb#4] Joshua Sprigs: repaired their vehicle
[19:24:26] [n43Pb#4] Joshua Sprigs: repaired their vehicle
[19:24:27] [n43Pb#4] Joshua Sprigs: enabled noclip
[19:24:33] [n43Pb#4] Joshua Sprigs: became mortal (standard mode)
[19:24:36] [n43Pb#4] Joshua Sprigs: deleted a vehicle
[19:25:03] [n43Pb#4] Joshua Sprigs: enabled noclip
[19:25:19] [n43Pb#4] Joshua Sprigs: became mortal (standard mode)
[19:25:58] [n43Pb#4] Joshua Sprigs: spawned a vehicle (model: cargoplane)
[19:29:30] [n43Pb#4] Joshua Sprigs: caused an explosion (PLANE)
[19:29:30] [n43Pb#4] Joshua Sprigs: caused an explosion (PLANE)
[19:29:30] [n43Pb#4] Joshua Sprigs: died from suicide (Explosion)
[19:29:35] [n43Pb#4] Joshua Sprigs: enabled noclip
[19:29:48] [n43Pb#4] Joshua Sprigs: became mortal (standard mode)
[19:30:13] [n43Pb#4] Joshua Sprigs: said "/-openInventory"
[19:30:18] [n43Pb#4] Joshua Sprigs: spawned a vehicle (model: mogul)
[19:34:50] [n43Pb#4] Joshua Sprigs: deleted a vehicle
[19:35:09] [n43Pb#4] Joshua Sprigs: spawned a vehicle (model: tula)
[19:36:36] [n43Pb#4] Joshua Sprigs: said "/-openInventory"
[19:36:38] [n43Pb#4] Joshua Sprigs: said "/-openInventory"
[19:39:00] [n43Pb#4] Joshua Sprigs: deleted a vehicle
[19:39:16] [n43Pb#4] Joshua Sprigs: enabled noclip
[19:39:22] [n43Pb#4] Joshua Sprigs: became mortal (standard mode)
[19:39:31] [n43Pb#4] Joshua Sprigs: spawned a vehicle (model: streamer216)
[19:40:38] [n43Pb#4] Joshua Sprigs: deleted a vehicle
[19:41:27] [n43Pb#4] Joshua Sprigs: spawned a vehicle (model: reever)
[19:42:04] [n43Pb#4] Joshua Sprigs: disconnected (Exiting)
[19:46:47] [n43Pb#5] Retro Pepe: joined with identifiers [license:7df1…5909, xbl:2535…2995, live:1055…0914, discord:5336…1534, fivem:2412049, license2:da0e…971c]
[19:46:58] [n43Pb#6] Joshua Sprigs: joined with identifiers [license:7df1…5909, xbl:2535…2995, live:1055…0914, discord:5336…1534, fivem:2412049, license2:da0e…971c]
[19:47:08] [n43Pb#5] Retro Pepe: enabled noclip
[19:47:25] [n43Pb#5] Retro Pepe: became mortal (standard mode)
[19:47:27] [n43Pb#5] Retro Pepe: spawned a vehicle (model: coquette)
[19:47:30] [n43Pb#5] Retro Pepe: said "/-openInventory"
[19:47:31] [n43Pb#5] Retro Pepe: said "/-openInventory"
[19:47:53] [n43Pb#6] Joshua Sprigs: said "/-openInventory"
[19:47:57] [n43Pb#6] Joshua Sprigs: teleported to player [#6] Joshua Sprigs (x=-1352.440, y=-1542.752, z=4.410)
[19:48:02] [n43Pb#6] Joshua Sprigs: said "/-openInventory"
[19:48:05] [n43Pb#6] Joshua Sprigs: teleported to player [#5] Retro Pepe (x=-1911.877, y=2045.987, z=140.034)
[19:48:17] [n43Pb#5] Retro Pepe: said "/-openInventory"
[19:48:21] [n43Pb#6] Joshua Sprigs: said "/-openInventory"
[19:48:24] [n43Pb#5] Retro Pepe: said "/-openInventory"
[19:48:27] [n43Pb#5] Retro Pepe: said "/-openInventory"
[19:48:30] [n43Pb#6] Joshua Sprigs: said "/-openInventory"
[19:48:37] [n43Pb#6] Joshua Sprigs: said "/-openInventory"
[19:48:40] [n43Pb#5] Retro Pepe: said "/-openInventory"
[19:50:14] [n43Pb#5] Retro Pepe: disconnected (Exiting)
[19:50:19] [n43Pb#6] Joshua Sprigs: disconnected (Exiting)
================================================================
======== txAdmin v8.0.1 atop fxserver 25770 Starting - 2026/03/16, 22:51:15
================================================================
[22:51:21] txAdmin: Logger started
[22:52:26] [jaePB#1] Joshua Sprigs: joined with identifiers [license:7df1…5909, xbl:2535…2995, live:1055…0914, discord:5336…1534, fivem:2412049, license2:da0e…971c]
[22:52:49] [jaePB#1] Joshua Sprigs: enabled noclip
[22:52:55] [jaePB#1] Joshua Sprigs: became mortal (standard mode)
[22:53:02] [jaePB#1] Joshua Sprigs: spawned a vehicle (model: volatus)
[22:53:51] [jaePB#1] Joshua Sprigs: caused an explosion (PLANE)
[22:53:51] [jaePB#1] Joshua Sprigs: died from suicide (Explosion)
[22:53:56] [jaePB#1] Joshua Sprigs: enabled noclip
[22:55:01] [jaePB#1] Joshua Sprigs: became mortal (standard mode)
[22:55:02] [jaePB#1] Joshua Sprigs: spawned a vehicle (model: rhinehart)
[22:57:05] [jaePB#1] Joshua Sprigs: repaired their vehicle
[22:58:15] [jaePB#1] Joshua Sprigs: repaired their vehicle
[23:01:26] [jaePB#1] Joshua Sprigs: enabled noclip
[23:08:28] [jaePB#1] Joshua Sprigs: became mortal (standard mode)
[23:08:35] [jaePB#1] Joshua Sprigs: repaired their vehicle
[23:10:17] [jaePB#1] Joshua Sprigs: enabled noclip
[23:14:44] [jaePB#1] Joshua Sprigs: disconnected (Exiting)
