================================================================
======== Log Rotated - 2026/03/21, 00:00:00                     
================================================================
[00:15:44] [kggRQ#6] Zerxis654: joined with identifiers [license:7df1…5909, xbl:2535…2995, live:1055…0914, discord:5336…1534, fivem:2412049, license2:da0e…971c]
[00:16:01] [kggRQ#6] Zerxis654: said "/-openInventory"
[00:16:52] [kggRQ#6] Zerxis654: said "/-openInventory"
[00:18:39] [kggRQ#6] Zerxis654: said "/-openInventory"
[00:19:44] [kggRQ#6] Zerxis654: said "/-openInventory"
[00:19:49] [kggRQ#6] Zerxis654: said "/-openInventory"
[00:21:25] [kggRQ#6] Zerxis654: said "/-openInventory"
[00:24:48] [kggRQ#6] Zerxis654: said "/-openInventory"
[00:27:17] [kggRQ#6] Zerxis654: said "/-openInventory"
[00:27:35] [kggRQ#6] Zerxis654: said "/-openInventory"
[00:28:59] [kggRQ#6] Zerxis654: said "/-openInventory"
[00:31:21] [kggRQ#6] Zerxis654: said "/-openInventory"
[00:32:45] [kggRQ#6] Zerxis654: said "/-openInventory"
================================================================
======== txAdmin v8.0.1 atop fxserver 25770 Starting - 2026/03/21, 01:07:47
================================================================
[01:07:50] txAdmin: Logger started
[01:10:44] [yiwUb#1] Zerxis654: joined with identifiers [license:7df1…5909, xbl:2535…2995, live:1055…0914, discord:5336…1534, fivem:2412049, license2:da0e…971c]
[01:11:00] [yiwUb#1] Zerxis654: said "/-openInventory"
[01:11:12] [yiwUb#1] Zerxis654: disconnected (Disconnected.)
[01:11:33] [yiwUb#2] Zerxis654: joined with identifiers [license:7df1…5909, xbl:2535…2995, live:1055…0914, discord:5336…1534, fivem:2412049, license2:da0e…971c]
[01:11:53] [yiwUb#2] Zerxis654: said "/-openInventory"
[01:13:24] [yiwUb#2] Zerxis654: disconnected (Disconnected.)
[01:13:46] [yiwUb#3] Zerxis654: joined with identifiers [license:7df1…5909, xbl:2535…2995, live:1055…0914, discord:5336…1534, fivem:2412049, license2:da0e…971c]
[01:14:01] [yiwUb#3] Zerxis654: said "/-openInventory"
[01:14:42] [yiwUb#3] Zerxis654: said "/-openInventory"
[01:17:18] [yiwUb#3] Zerxis654: said "/-openInventory"
[01:21:19] [yiwUb#3] Zerxis654: said "/-openInventory"
[01:21:21] [yiwUb#3] Zerxis654: said "/-openInventory"
[01:23:26] [yiwUb#3] Zerxis654: said "/-openInventory"
[01:23:55] [yiwUb#3] Zerxis654: said "/-openInventory"
[01:27:33] [yiwUb#3] Zerxis654: said "/-openInventory"
[01:28:33] [yiwUb#3] Zerxis654: said "/-openInventory"
[01:28:35] [yiwUb#3] Zerxis654: said "/-openInventory"
[01:28:50] [yiwUb#3] Zerxis654: said "/-openInventory"
[01:29:02] [yiwUb#3] Zerxis654: said "/-openInventory"
[01:29:21] [yiwUb#3] Zerxis654: said "/-openInventory"
[01:29:22] [yiwUb#3] Zerxis654: said "/-openInventory"
[01:31:28] [yiwUb#3] Zerxis654: said "/-openInventory"
[01:36:02] [yiwUb#3] Zerxis654: said "/-openInventory"
[01:36:14] [yiwUb#3] Zerxis654: said "/-openInventory"
[01:36:15] [yiwUb#3] Zerxis654: said "/-openInventory"
[01:36:17] [yiwUb#3] Zerxis654: said "/-openInventory"
[01:36:27] [yiwUb#3] Zerxis654: said "/-openInventory"
[01:36:28] [yiwUb#3] Zerxis654: said "/-openInventory"
[01:36:35] [yiwUb#3] Zerxis654: said "/-openInventory"
[01:36:53] [yiwUb#3] Zerxis654: said "/-openInventory"
[01:36:54] [yiwUb#3] Zerxis654: said "/-openInventory"
[01:36:55] [yiwUb#3] Zerxis654: said "/-openInventory"
[01:36:59] [yiwUb#3] Zerxis654: said "/-openInventory"
[02:04:57] [yiwUb#3] Zerxis654: said "/-openInventory"
[02:05:22] [yiwUb#3] Zerxis654: said "/-openInventory"
[02:05:24] [yiwUb#3] Zerxis654: said "/-openInventory"
[02:06:51] [yiwUb#3] Zerxis654: said "/-openInventory"
[02:07:11] [yiwUb#3] Zerxis654: said "/-openInventory"
[02:11:26] [yiwUb#3] Zerxis654: said "/-openInventory"
[02:11:36] [yiwUb#3] Zerxis654: said "/-openInventory"
[02:11:38] [yiwUb#3] Zerxis654: said "/-openInventory"
[02:12:00] [yiwUb#3] Zerxis654: said "/-openInventory"
[02:12:02] [yiwUb#3] Zerxis654: said "/-openInventory"
[02:12:07] [yiwUb#3] Zerxis654: said "/-openInventory"
[02:12:46] [yiwUb#3] Zerxis654: said "/-openInventory"
[02:13:00] [yiwUb#3] Zerxis654: said "/-openInventory"
[02:13:00] [yiwUb#3] Zerxis654: said "/-openInventory"
[02:13:02] [yiwUb#3] Zerxis654: said "/-openInventory"
[02:13:13] [yiwUb#3] Zerxis654: said "/-openInventory"
[02:13:22] [yiwUb#3] Zerxis654: said "/-openInventory"
[02:15:37] [yiwUb#3] Zerxis654: said "/-openInventory"
[02:22:34] [yiwUb#3] Zerxis654: said "/-openInventory"
[02:22:36] [yiwUb#3] Zerxis654: said "/-openInventory"
[02:23:09] [yiwUb#3] Zerxis654: said "/-openInventory"
[02:24:02] [yiwUb#3] Zerxis654: said "/-openInventory"
[02:24:16] [yiwUb#3] Zerxis654: said "/-openInventory"
[02:24:17] [yiwUb#3] Zerxis654: said "/-openInventory"
[02:24:17] [yiwUb#3] Zerxis654: said "/-openInventory"
[02:24:19] [yiwUb#3] Zerxis654: said "/-openInventory"
[02:26:07] [yiwUb#3] Zerxis654: said "/-openInventory"
[02:26:10] [yiwUb#3] Zerxis654: said "/-openInventory"
[02:26:13] [yiwUb#3] Zerxis654: said "/-openInventory"
[02:26:18] [yiwUb#3] Zerxis654: said "/-openInventory"
[02:26:20] [yiwUb#3] Zerxis654: said "/-openInventory"
[02:26:43] [yiwUb#3] Zerxis654: said "/-openInventory"
[02:26:45] [yiwUb#3] Zerxis654: said "/-openInventory"
[02:27:06] [yiwUb#3] Zerxis654: said "/-openInventory"
[02:27:08] [yiwUb#3] Zerxis654: said "/-openInventory"
[02:27:23] [yiwUb#3] Zerxis654: said "/-openInventory"
[02:27:25] [yiwUb#3] Zerxis654: said "/-openInventory"
[02:27:37] [yiwUb#3] Zerxis654: said "/-openInventory"
[02:27:38] [yiwUb#3] Zerxis654: said "/-openInventory"
[02:27:46] [yiwUb#3] Zerxis654: said "/-openInventory"
[02:27:47] [yiwUb#3] Zerxis654: said "/-openInventory"
[02:27:49] [yiwUb#3] Zerxis654: said "/-openInventory"
[02:29:08] [yiwUb#3] Zerxis654: said "/-openInventory"
[02:29:12] [yiwUb#3] Zerxis654: said "/-openInventory"
[02:33:38] [yiwUb#3] Zerxis654: said "/-openInventory"
[02:33:54] [yiwUb#3] Zerxis654: said "/-openInventory"
[02:33:56] [yiwUb#3] Zerxis654: said "/-openInventory"
[02:34:05] [yiwUb#3] Zerxis654: said "/-openInventory"
[02:34:06] [yiwUb#3] Zerxis654: said "/-openInventory"
[02:43:47] [yiwUb#3] Zerxis654: said "/-openInventory"
[02:44:03] [yiwUb#3] Zerxis654: said "/-openInventory"
[02:44:06] [yiwUb#3] Zerxis654: said "/-openInventory"
[02:44:11] [yiwUb#3] Zerxis654: said "/-openInventory"
[02:44:12] [yiwUb#3] Zerxis654: said "/-openInventory"
[02:50:34] [yiwUb#3] Zerxis654: said "/-openInventory"
[02:50:40] [yiwUb#3] Zerxis654: said "/-openInventory"
[02:50:42] [yiwUb#3] Zerxis654: said "/-openInventory"
[02:50:50] [yiwUb#3] Zerxis654: said "/-openInventory"
[02:50:56] [yiwUb#3] Zerxis654: said "/-openInventory"
[02:50:57] [yiwUb#3] Zerxis654: said "/-openInventory"
[02:51:13] [yiwUb#3] Zerxis654: said "/-openInventory"
[02:51:16] [yiwUb#3] Zerxis654: said "/-openInventory"
[02:51:20] [yiwUb#3] Zerxis654: said "/-openInventory"
[02:51:22] [yiwUb#3] Zerxis654: said "/-openInventory"
[02:53:45] [yiwUb#3] Zerxis654: said "/-openInventory"
[02:53:57] [yiwUb#3] Zerxis654: said "/-openInventory"
[02:54:42] [yiwUb#3] Zerxis654: said "/-openInventory"
[02:54:59] [yiwUb#3] Zerxis654: said "/-openInventory"
[02:55:12] [yiwUb#3] Zerxis654: said "/-openInventory"
[02:55:13] [yiwUb#3] Zerxis654: said "/-openInventory"
[02:55:18] [yiwUb#3] Zerxis654: said "/-openInventory"
[02:56:42] [yiwUb#3] Zerxis654: said "/-openInventory"
[02:56:45] [yiwUb#3] Zerxis654: said "/-openInventory"
[02:57:04] [yiwUb#3] Zerxis654: said "/-openInventory"
[02:57:11] [yiwUb#3] Zerxis654: said "/-openInventory"
================================================================
======== txAdmin v8.0.1 atop fxserver 25770 Starting - 2026/03/21, 03:10:34
================================================================
[03:10:36] txAdmin: Logger started
[03:16:59] [Rpdig#1] Zerxis654: joined with identifiers [license:7df1…5909, xbl:2535…2995, live:1055…0914, discord:5336…1534, fivem:2412049, license2:da0e…971c]
[03:17:16] [Rpdig#1] Zerxis654: said "/-openInventory"
[03:17:18] [Rpdig#1] Zerxis654: said "/-openInventory"
[03:17:19] [Rpdig#1] Zerxis654: said "/-openInventory"
================================================================
======== txAdmin v8.0.1 atop fxserver 25770 Starting - 2026/03/21, 03:17:45
================================================================
[03:17:48] txAdmin: Logger started
[03:18:29] [hiRNJ#1] Zerxis654: joined with identifiers [license:7df1…5909, xbl:2535…2995, live:1055…0914, discord:5336…1534, fivem:2412049, license2:da0e…971c]
[03:18:53] [hiRNJ#1] Zerxis654: said "/-openInventory"
[03:19:06] [hiRNJ#1] Zerxis654: said "/-openInventory"
[03:19:08] [hiRNJ#1] Zerxis654: said "/-openInventory"
[03:19:13] [hiRNJ#1] Zerxis654: said "/-openInventory"
[03:19:21] [hiRNJ#1] Zerxis654: said "/-openInventory"
[03:19:29] [hiRNJ#1] Zerxis654: said "/-openInventory"
[03:19:31] [hiRNJ#1] Zerxis654: said "/-openInventory"
[03:19:34] [hiRNJ#1] Zerxis654: said "/-openInventory"
[03:19:35] [hiRNJ#1] Zerxis654: said "/-openInventory"
[03:19:41] [hiRNJ#1] Zerxis654: said "/-openInventory"
[03:19:47] [hiRNJ#1] Zerxis654: said "/-openInventory"
[03:19:51] [hiRNJ#1] Zerxis654: said "/-openInventory"
[03:19:55] [hiRNJ#1] Zerxis654: said "/-openInventory"
[03:21:03] [hiRNJ#1] Zerxis654: said "/-openInventory"
[03:21:09] [hiRNJ#1] Zerxis654: said "/-openInventory"
[03:22:12] [hiRNJ#1] Zerxis654: said "/-openInventory"
[03:28:53] [hiRNJ#1] Zerxis654: said "/-openInventory"
[03:29:21] [hiRNJ#1] Zerxis654: said "/-openInventory"
[03:29:28] [hiRNJ#1] Zerxis654: said "/-openInventory"
[03:29:34] [hiRNJ#1] Zerxis654: said "/-openInventory"
[03:34:07] [hiRNJ#1] Zerxis654: said "/-openInventory"
[03:34:13] [hiRNJ#1] Zerxis654: said "/-openInventory"
[03:34:15] [hiRNJ#1] Zerxis654: said "/-openInventory"
[03:34:38] [hiRNJ#1] Zerxis654: said "/-openInventory"
[03:34:51] [hiRNJ#1] Zerxis654: said "/-openInventory"
[03:35:00] [hiRNJ#1] Zerxis654: said "/-openInventory"
[03:37:20] [hiRNJ#1] Zerxis654: enabled noclip
[03:37:55] [hiRNJ#1] Zerxis654: became mortal (standard mode)
[03:37:57] [hiRNJ#1] Zerxis654: said "/-openInventory"
[03:38:00] [hiRNJ#1] Zerxis654: said "/-openInventory"
[03:42:56] [hiRNJ#1] Zerxis654: said "/-openInventory"
[03:43:17] [hiRNJ#1] Zerxis654: said "/-openInventory"
[03:43:20] [hiRNJ#1] Zerxis654: said "/-openInventory"
[03:43:36] [hiRNJ#1] Zerxis654: said "/-openInventory"
[03:44:23] [hiRNJ#1] Zerxis654: said "/-openInventory"
[03:44:35] [hiRNJ#1] Zerxis654: said "/-openInventory"
[03:44:37] [hiRNJ#1] Zerxis654: said "/-openInventory"
[03:44:47] [hiRNJ#1] Zerxis654: said "/-openInventory"
[03:44:49] [hiRNJ#1] Zerxis654: said "/-openInventory"
[03:45:42] [hiRNJ#1] Zerxis654: said "/-openInventory"
[03:45:48] [hiRNJ#1] Zerxis654: said "/-openInventory"
[03:45:57] [hiRNJ#1] Zerxis654: said "/-openInventory"
[03:46:10] [hiRNJ#1] Zerxis654: enabled noclip
[03:46:15] [hiRNJ#1] Zerxis654: became mortal (standard mode)
[03:51:30] [hiRNJ#1] Zerxis654: said "/-openInventory"
[03:51:34] [hiRNJ#1] Zerxis654: said "/-placeItem"
[03:51:36] [hiRNJ#1] Zerxis654: said "/-openInventory"
[03:51:38] [hiRNJ#1] Zerxis654: said "/-openInventory"
[03:51:47] [hiRNJ#1] Zerxis654: disconnected (Exiting)
[03:53:54] [hiRNJ#2] Zerxis654: joined with identifiers [license:7df1…5909, xbl:2535…2995, live:1055…0914, discord:5336…1534, fivem:2412049, license2:da0e…971c]
[03:54:13] [hiRNJ#2] Zerxis654: said "/-openInventory"
[03:54:16] [hiRNJ#2] Zerxis654: said "/-placeItem"
[03:54:20] [hiRNJ#2] Zerxis654: said "/-openInventory"
[03:54:34] [hiRNJ#2] Zerxis654: said "/-openInventory"
[03:54:36] [hiRNJ#2] Zerxis654: said "/-openInventory"
[03:54:44] [hiRNJ#2] Zerxis654: said "/-openInventory"
[03:54:46] [hiRNJ#2] Zerxis654: said "/-openInventory"
[03:55:48] [hiRNJ#2] Zerxis654: said "/-openInventory"
[03:56:01] [hiRNJ#2] Zerxis654: said "/-openInventory"
[03:56:04] [hiRNJ#2] Zerxis654: said "/-openInventory"
[03:57:09] [hiRNJ#2] Zerxis654: said "/-openInventory"
[03:58:40] [hiRNJ#2] Zerxis654: disconnected (Disconnected.)
[04:01:02] [hiRNJ#3] Zerxis654: joined with identifiers [license:7df1…5909, xbl:2535…2995, live:1055…0914, discord:5336…1534, fivem:2412049, license2:da0e…971c]
[04:01:19] [hiRNJ#3] Zerxis654: said "/-openInventory"
[04:01:27] [hiRNJ#3] Zerxis654: said "/-placeItem"
[04:01:29] [hiRNJ#3] Zerxis654: said "/-openInventory"
[04:01:32] [hiRNJ#3] Zerxis654: said "/-openInventory"
[04:01:33] [hiRNJ#3] Zerxis654: said "/-openInventory"
[04:01:40] [hiRNJ#3] Zerxis654: said "/-openInventory"
[04:01:42] [hiRNJ#3] Zerxis654: said "/-openInventory"
[04:01:45] [hiRNJ#3] Zerxis654: said "/-placeItem"
[04:01:47] [hiRNJ#3] Zerxis654: said "/-openInventory"
[04:03:01] [hiRNJ#3] Zerxis654: said "/-openInventory"
[04:03:08] [hiRNJ#3] Zerxis654: said "/-placeItem"
[04:03:09] [hiRNJ#3] Zerxis654: said "/-openInventory"
[04:03:19] [hiRNJ#3] Zerxis654: said "/-openInventory"
[04:03:21] [hiRNJ#3] Zerxis654: said "/-openInventory"
[04:03:25] [hiRNJ#3] Zerxis654: said "/-placeItem"
[04:03:27] [hiRNJ#3] Zerxis654: said "/-openInventory"
[04:04:17] [hiRNJ#3] Zerxis654: said "/-openInventory"
[04:04:21] [hiRNJ#3] Zerxis654: said "/-placeItem"
[04:04:22] [hiRNJ#3] Zerxis654: said "/-openInventory"
[04:05:08] [hiRNJ#3] Zerxis654: said "/-openInventory"
[04:05:13] [hiRNJ#3] Zerxis654: disconnected (Disconnected.)
[04:05:35] [hiRNJ#4] Zerxis654: joined with identifiers [license:7df1…5909, xbl:2535…2995, live:1055…0914, discord:5336…1534, fivem:2412049, license2:da0e…971c]
[04:05:56] [hiRNJ#4] Zerxis654: said "/-openInventory"
[04:05:59] [hiRNJ#4] Zerxis654: said "/-placeItem"
[04:06:01] [hiRNJ#4] Zerxis654: said "/-openInventory"
[04:06:03] [hiRNJ#4] Zerxis654: said "/-openInventory"
[04:06:06] [hiRNJ#4] Zerxis654: said "/-openInventory"
[04:06:14] [hiRNJ#4] Zerxis654: said "/-placeItem"
[04:06:15] [hiRNJ#4] Zerxis654: said "/-openInventory"
[04:06:17] [hiRNJ#4] Zerxis654: said "/-openInventory"
[04:06:26] [hiRNJ#4] Zerxis654: said "/-openInventory"
[04:07:35] [hiRNJ#4] Zerxis654: said "/-openInventory"
[04:07:47] [hiRNJ#4] Zerxis654: said "/-placeItem"
[04:07:49] [hiRNJ#4] Zerxis654: said "/-openInventory"
[04:08:42] [hiRNJ#4] Zerxis654: said "/-openInventory"
[04:08:44] [hiRNJ#4] Zerxis654: said "/-placeItem"
[04:08:46] [hiRNJ#4] Zerxis654: said "/-openInventory"
[04:13:34] [hiRNJ#4] Zerxis654: said "/-openInventory"
[04:13:36] [hiRNJ#4] Zerxis654: said "/-placeItem"
[04:13:38] [hiRNJ#4] Zerxis654: said "/-openInventory"
[04:13:41] [hiRNJ#4] Zerxis654: said "/-openInventory"
[04:13:49] [hiRNJ#4] Zerxis654: said "/-openInventory"
[04:13:50] [hiRNJ#4] Zerxis654: said "/-openInventory"
[04:13:52] [hiRNJ#4] Zerxis654: said "/-openInventory"
[04:14:13] [hiRNJ#4] Zerxis654: enabled noclip
[04:14:22] [hiRNJ#4] Zerxis654: became mortal (standard mode)
[04:14:53] [hiRNJ#4] Zerxis654: said "/-openInventory"
[04:14:58] [hiRNJ#4] Zerxis654: said "/-placeItem"
[04:15:00] [hiRNJ#4] Zerxis654: said "/-openInventory"
[04:17:42] [hiRNJ#4] Zerxis654: said "/-openInventory"
[04:24:29] [hiRNJ#4] Zerxis654: said "/-openInventory"
[04:24:37] [hiRNJ#4] Zerxis654: said "/-openInventory"
[04:24:40] [hiRNJ#4] Zerxis654: said "/-placeItem"
[04:24:41] [hiRNJ#4] Zerxis654: said "/-openInventory"
[04:24:46] [hiRNJ#4] Zerxis654: enabled noclip
[04:24:54] [hiRNJ#4] Zerxis654: said "/-placeItem"
[04:25:15] [hiRNJ#4] Zerxis654: became mortal (standard mode)
[04:25:16] [hiRNJ#4] Zerxis654: said "/-openInventory"
[04:25:19] [hiRNJ#4] Zerxis654: said "/-placeItem"
[04:25:21] [hiRNJ#4] Zerxis654: said "/-openInventory"
[04:25:24] [hiRNJ#4] Zerxis654: enabled noclip
[04:25:36] [hiRNJ#4] Zerxis654: said "/-placeItem"
[04:25:37] [hiRNJ#4] Zerxis654: said "/-placeItem"
[04:25:37] [hiRNJ#4] Zerxis654: said "/-placeItem"
[04:25:37] [hiRNJ#4] Zerxis654: said "/-placeItem"
[04:25:38] [hiRNJ#4] Zerxis654: said "/-placeItem"
[04:25:41] [hiRNJ#4] Zerxis654: became mortal (standard mode)
[04:25:42] [hiRNJ#4] Zerxis654: said "/-openInventory"
[04:25:56] [hiRNJ#4] Zerxis654: said "/-openInventory"
[04:25:59] [hiRNJ#4] Zerxis654: said "/-openInventory"
[04:26:01] [hiRNJ#4] Zerxis654: said "/-openInventory"
[04:26:20] [hiRNJ#4] Zerxis654: said "/-openInventory"
[04:26:22] [hiRNJ#4] Zerxis654: said "/-openInventory"
[04:30:40] [hiRNJ#4] Zerxis654: said "/-openInventory"
[04:30:43] [hiRNJ#4] Zerxis654: said "/-placeItem"
[04:30:44] [hiRNJ#4] Zerxis654: said "/-openInventory"
[04:30:53] [hiRNJ#4] Zerxis654: said "/-openInventory"
[04:30:56] [hiRNJ#4] Zerxis654: said "/-placeItem"
[04:30:59] [hiRNJ#4] Zerxis654: said "/-openInventory"
[04:31:03] [hiRNJ#4] Zerxis654: said "/-openInventory"
[04:31:17] [hiRNJ#4] Zerxis654: said "/-openInventory"
[04:31:20] [hiRNJ#4] Zerxis654: said "/-openInventory"
[04:31:50] [hiRNJ#4] Zerxis654: said "/-openInventory"
[04:31:54] [hiRNJ#4] Zerxis654: said "/-openInventory"
[04:32:06] [hiRNJ#4] Zerxis654: said "/-openInventory"
[04:32:08] [hiRNJ#4] Zerxis654: said "/-openInventory"
[04:32:17] [hiRNJ#4] Zerxis654: said "/-placeItem"
[04:32:19] [hiRNJ#4] Zerxis654: said "/-openInventory"
[04:32:26] [hiRNJ#4] Zerxis654: said "/-placeItem"
[04:32:27] [hiRNJ#4] Zerxis654: said "/-openInventory"
[04:32:30] [hiRNJ#4] Zerxis654: said "/-openInventory"
[04:32:59] [hiRNJ#4] Zerxis654: said "/-openInventory"
[04:37:44] [hiRNJ#4] Zerxis654: said "/-openInventory"
[04:37:46] [hiRNJ#4] Zerxis654: said "/-placeItem"
[04:37:47] [hiRNJ#4] Zerxis654: said "/-openInventory"
[04:38:03] [hiRNJ#4] Zerxis654: disconnected (Disconnected.)
[04:38:26] [hiRNJ#5] Zerxis654: joined with identifiers [license:7df1…5909, xbl:2535…2995, live:1055…0914, discord:5336…1534, fivem:2412049, license2:da0e…971c]
[04:38:48] [hiRNJ#5] Zerxis654: said "/-openInventory"
[04:38:51] [hiRNJ#5] Zerxis654: said "/-placeItem"
[04:38:53] [hiRNJ#5] Zerxis654: said "/-openInventory"
[04:38:55] [hiRNJ#5] Zerxis654: said "/-openInventory"
[04:39:07] [hiRNJ#5] Zerxis654: said "/-openInventory"
[04:39:09] [hiRNJ#5] Zerxis654: said "/-openInventory"
[04:39:14] [hiRNJ#5] Zerxis654: said "/-openInventory"
[04:39:18] [hiRNJ#5] Zerxis654: said "/-openInventory"
[04:39:23] [hiRNJ#5] Zerxis654: said "/-openInventory"
[04:39:25] [hiRNJ#5] Zerxis654: said "/-openInventory"
[04:39:35] [hiRNJ#5] Zerxis654: said "/-openInventory"
[04:39:40] [hiRNJ#5] Zerxis654: said "/-openInventory"
[04:39:44] [hiRNJ#5] Zerxis654: said "/-openInventory"
[04:41:06] [hiRNJ#5] Zerxis654: said "/-placeItem"
[04:41:08] [hiRNJ#5] Zerxis654: said "/-openInventory"
[04:41:11] [hiRNJ#5] Zerxis654: said "/-openInventory"
[04:41:13] [hiRNJ#5] Zerxis654: said "/-placeItem"
[04:41:15] [hiRNJ#5] Zerxis654: said "/-openInventory"
[04:41:17] [hiRNJ#5] Zerxis654: said "/-openInventory"
[04:41:20] [hiRNJ#5] Zerxis654: said "/-openInventory"
[04:41:23] [hiRNJ#5] Zerxis654: said "/-openInventory"
[04:41:25] [hiRNJ#5] Zerxis654: said "/-openInventory"
[04:41:31] [hiRNJ#5] Zerxis654: said "/-placeItem"
[04:41:32] [hiRNJ#5] Zerxis654: said "/-openInventory"
[04:41:36] [hiRNJ#5] Zerxis654: said "/-openInventory"
[04:41:38] [hiRNJ#5] Zerxis654: said "/-openInventory"
[04:41:44] [hiRNJ#5] Zerxis654: said "/-placeItem"
[04:41:47] [hiRNJ#5] Zerxis654: said "/-openInventory"
[04:41:51] [hiRNJ#5] Zerxis654: said "/-openInventory"
[04:55:54] [hiRNJ#5] Zerxis654: said "/-openInventory"
[04:56:10] [hiRNJ#5] Zerxis654: said "/-openInventory"
[04:56:15] [hiRNJ#5] Zerxis654: said "/-openInventory"
[04:56:19] [hiRNJ#5] Zerxis654: said "/-openInventory"
[04:56:25] [hiRNJ#5] Zerxis654: said "/-placeItem"
[04:56:28] [hiRNJ#5] Zerxis654: said "/-openInventory"
[04:56:32] [hiRNJ#5] Zerxis654: said "/-openInventory"
[04:56:36] [hiRNJ#5] Zerxis654: said "/-placeItem"
[04:56:38] [hiRNJ#5] Zerxis654: said "/-openInventory"
[04:56:52] [hiRNJ#5] Zerxis654: said "/-openInventory"
[04:56:57] [hiRNJ#5] Zerxis654: said "/-openInventory"
[04:57:08] [hiRNJ#5] Zerxis654: said "/-openInventory"
[04:57:13] [hiRNJ#5] Zerxis654: said "/-openInventory"
[04:57:18] [hiRNJ#5] Zerxis654: enabled noclip
[04:57:19] [hiRNJ#5] Zerxis654: became mortal (standard mode)
[04:57:21] [hiRNJ#5] Zerxis654: spawned a vehicle (model: f620)
[04:57:26] [hiRNJ#5] Zerxis654: said "/-openInventory"
[04:57:27] [hiRNJ#5] Zerxis654: said "/-openInventory"
[04:57:38] [hiRNJ#5] Zerxis654: said "/-openInventory"
[05:03:12] [hiRNJ#5] Zerxis654: said "/-openInventory"
[05:03:16] [hiRNJ#5] Zerxis654: said "/-openInventory"
[05:03:26] [hiRNJ#5] Zerxis654: said "/-placeItem"
[05:03:27] [hiRNJ#5] Zerxis654: said "/-openInventory"
[05:03:36] [hiRNJ#5] Zerxis654: said "/-openInventory"
[05:03:50] [hiRNJ#5] Zerxis654: said "/-placeItem"
[05:03:51] [hiRNJ#5] Zerxis654: said "/-openInventory"
[05:03:55] [hiRNJ#5] Zerxis654: said "/-openInventory"
[05:04:07] [hiRNJ#5] Zerxis654: said "/-openInventory"
[05:08:50] [hiRNJ#5] Zerxis654: said "/-openInventory"
[05:09:00] [hiRNJ#5] Zerxis654: said "/-openInventory"
[05:09:11] [hiRNJ#5] Zerxis654: said "/-placeItem"
[05:09:12] [hiRNJ#5] Zerxis654: said "/-openInventory"
[05:09:14] [hiRNJ#5] Zerxis654: said "/-openInventory"
[05:09:28] [hiRNJ#5] Zerxis654: said "/-placeItem"
[05:09:30] [hiRNJ#5] Zerxis654: said "/-openInventory"
[05:09:33] [hiRNJ#5] Zerxis654: said "/-openInventory"
[05:09:40] [hiRNJ#5] Zerxis654: said "/-placeItem"
[05:09:40] [hiRNJ#5] Zerxis654: said "/-openInventory"
[05:17:05] [hiRNJ#5] Zerxis654: said "/-openInventory"
[05:17:15] [hiRNJ#5] Zerxis654: said "/-openInventory"
[05:17:21] [hiRNJ#5] Zerxis654: said "/-openInventory"
[05:17:44] [hiRNJ#5] Zerxis654: said "/-openInventory"
[05:17:46] [hiRNJ#5] Zerxis654: said "/-openInventory"
[05:17:58] [hiRNJ#5] Zerxis654: said "/-openInventory"
[05:18:04] [hiRNJ#5] Zerxis654: said "/-openInventory"
[05:21:27] [hiRNJ#5] Zerxis654: said "/-openInventory"
[05:21:32] [hiRNJ#5] Zerxis654: said "/-openInventory"
[05:21:34] [hiRNJ#5] Zerxis654: said "/-openInventory"
[05:21:49] [hiRNJ#5] Zerxis654: said "/-openInventory"
[05:22:00] [hiRNJ#5] Zerxis654: said "/-openInventory"
[05:24:19] [hiRNJ#5] Zerxis654: said "/-openInventory"
[05:24:31] [hiRNJ#5] Zerxis654: said "/-openInventory"
[05:24:33] [hiRNJ#5] Zerxis654: said "/-openInventory"
[05:24:44] [hiRNJ#5] Zerxis654: said "/-openInventory"
[05:24:46] [hiRNJ#5] Zerxis654: said "/-openInventory"
[05:24:51] [hiRNJ#5] Zerxis654: said "/-openInventory"
[05:24:54] [hiRNJ#5] Zerxis654: said "/-openInventory"
[05:24:56] [hiRNJ#5] Zerxis654: said "/-openInventory"
[05:24:58] [hiRNJ#5] Zerxis654: said "/-openInventory"
[05:25:00] [hiRNJ#5] Zerxis654: said "/-openInventory"
[05:25:02] [hiRNJ#5] Zerxis654: said "/-openInventory"
[05:25:10] [hiRNJ#5] Zerxis654: said "/-openInventory"
[05:25:47] [hiRNJ#5] Zerxis654: said "/-openInventory"
[05:25:59] [hiRNJ#5] Zerxis654: said "/-openInventory"
[05:26:00] [hiRNJ#5] Zerxis654: said "/-openInventory"
[05:26:02] [hiRNJ#5] Zerxis654: said "/-openInventory"
[05:26:10] [hiRNJ#5] Zerxis654: said "/-openInventory"
[05:26:12] [hiRNJ#5] Zerxis654: said "/-openInventory"
[05:26:19] [hiRNJ#5] Zerxis654: said "/-placeItem"
[05:26:19] [hiRNJ#5] Zerxis654: said "/-openInventory"
[05:26:35] [hiRNJ#5] Zerxis654: said "/-openInventory"
[05:26:54] [hiRNJ#5] Zerxis654: said "/-openInventory"
[05:27:06] [hiRNJ#5] Zerxis654: said "/-openInventory"
[05:27:18] [hiRNJ#5] Zerxis654: said "/-openInventory"
[05:28:19] [hiRNJ#5] Zerxis654: said "/-openInventory"
[05:28:28] [hiRNJ#5] Zerxis654: said "/-openInventory"
[06:02:29] [hiRNJ#5] Zerxis654: said "/-openInventory"
[06:02:43] [hiRNJ#5] Zerxis654: said "/-openInventory"
[06:02:54] [hiRNJ#5] Zerxis654: disconnected (Exiting)
[06:36:38] [hiRNJ#6] Zerxis654: joined with identifiers [license:7df1…5909, xbl:2535…2995, live:1055…0914, discord:5336…1534, fivem:2412049, license2:da0e…971c]
[06:37:00] [hiRNJ#6] Zerxis654: said "/-openInventory"
[06:37:06] [hiRNJ#6] Zerxis654: said "/-placeItem"
[06:37:07] [hiRNJ#6] Zerxis654: said "/-openInventory"
[06:37:08] [hiRNJ#6] Zerxis654: said "/-openInventory"
[06:37:10] [hiRNJ#6] Zerxis654: said "/-openInventory"
[06:37:23] [hiRNJ#6] Zerxis654: said "/-openInventory"
[06:37:38] [hiRNJ#6] Zerxis654: said "/-openInventory"
[06:37:42] [hiRNJ#6] Zerxis654: said "/-openInventory"
[06:37:44] [hiRNJ#6] Zerxis654: said "/-openInventory"
[06:37:47] [hiRNJ#6] Zerxis654: said "/-openInventory"
[06:37:49] [hiRNJ#6] Zerxis654: said "/-openInventory"
[06:37:51] [hiRNJ#6] Zerxis654: said "/-placeItem"
[06:37:51] [hiRNJ#6] Zerxis654: said "/-openInventory"
[06:37:54] [hiRNJ#6] Zerxis654: said "/-openInventory"
[06:37:58] [hiRNJ#6] Zerxis654: said "/-openInventory"
[06:37:59] [hiRNJ#6] Zerxis654: said "/-openInventory"
[06:38:01] [hiRNJ#6] Zerxis654: said "/-openInventory"
[06:38:03] [hiRNJ#6] Zerxis654: said "/-openInventory"
[06:38:05] [hiRNJ#6] Zerxis654: said "/-openInventory"
[06:38:07] [hiRNJ#6] Zerxis654: said "/-openInventory"
[06:38:13] [hiRNJ#6] Zerxis654: said "/-openInventory"
[06:38:27] [hiRNJ#6] Zerxis654: said "/-openInventory"
[06:38:30] [hiRNJ#6] Zerxis654: said "/-openInventory"
[06:38:37] [hiRNJ#6] Zerxis654: enabled noclip
[06:38:41] [hiRNJ#6] Zerxis654: became mortal (standard mode)
[06:38:42] [hiRNJ#6] Zerxis654: said "/-openInventory"
[06:38:49] [hiRNJ#6] Zerxis654: said "/-placeItem"
[06:38:50] [hiRNJ#6] Zerxis654: said "/-openInventory"
[06:38:59] [hiRNJ#6] Zerxis654: said "/-openInventory"
[06:39:01] [hiRNJ#6] Zerxis654: said "/-openInventory"
[06:39:03] [hiRNJ#6] Zerxis654: said "/-openInventory"
[06:39:05] [hiRNJ#6] Zerxis654: enabled noclip
[06:39:07] [hiRNJ#6] Zerxis654: disconnected (Exiting)
[06:40:38] [hiRNJ#7] Zerxis654: joined with identifiers [license:7df1…5909, xbl:2535…2995, live:1055…0914, discord:5336…1534, fivem:2412049, license2:da0e…971c]
[06:40:55] [hiRNJ#7] Zerxis654: said "/-openInventory"
[06:41:02] [hiRNJ#7] Zerxis654: said "/-placeItem"
[06:41:03] [hiRNJ#7] Zerxis654: said "/-openInventory"
[06:41:25] [hiRNJ#7] Zerxis654: disconnected (Exiting)
================================================================
======== txAdmin v8.0.1 atop fxserver 25770 Starting - 2026/03/21, 06:41:56
================================================================
[06:41:58] txAdmin: Logger started
[06:43:10] [6WgmN#1] Zerxis654: joined with identifiers [license:7df1…5909, xbl:2535…2995, live:1055…0914, discord:5336…1534, fivem:2412049, license2:da0e…971c]
[06:43:30] [6WgmN#1] Zerxis654: said "/-openInventory"
[06:43:35] [6WgmN#1] Zerxis654: said "/-placeItem"
[06:43:37] [6WgmN#1] Zerxis654: said "/-openInventory"
[06:43:48] [6WgmN#1] Zerxis654: said "/-openInventory"
[06:43:58] [6WgmN#1] Zerxis654: said "/-placeItem"
[06:43:59] [6WgmN#1] Zerxis654: said "/-openInventory"
[06:44:05] [6WgmN#1] Zerxis654: said "/-placeItem"
[06:44:06] [6WgmN#1] Zerxis654: said "/-openInventory"
[06:44:37] [6WgmN#1] Zerxis654: said "/-openInventory"
[06:44:45] [6WgmN#1] Zerxis654: said "/-openInventory"
[06:44:46] [6WgmN#1] Zerxis654: said "/-openInventory"
[06:46:39] [6WgmN#1] Zerxis654: disconnected (Exiting)
================================================================
======== txAdmin v8.0.1 atop fxserver 25770 Starting - 2026/03/21, 14:13:01
================================================================
================================================================
======== txAdmin v8.0.1 atop fxserver 25770 Starting - 2026/03/21, 14:14:43
================================================================
[14:14:46] txAdmin: Logger started
[14:15:53] [PH7KH#1] Zerxis654: joined with identifiers [license:7df1…5909, xbl:2535…2995, live:1055…0914, discord:5336…1534, fivem:2412049, license2:da0e…971c]
[14:16:23] [PH7KH#1] Zerxis654: said "/-openInventory"
[14:16:30] [PH7KH#1] Zerxis654: said "/-placeItem"
[14:16:30] [PH7KH#1] Zerxis654: said "/-openInventory"
[14:16:34] [PH7KH#1] Zerxis654: said "/-openInventory"
[14:16:49] [PH7KH#1] Zerxis654: said "/-openInventory"
[14:17:18] [PH7KH#1] Zerxis654: enabled noclip
[14:17:24] [PH7KH#1] Zerxis654: became mortal (standard mode)
[14:17:26] [PH7KH#1] Zerxis654: spawned a vehicle (model: sc1)
[14:19:04] [PH7KH#1] Zerxis654: said "/-openInventory"
[14:19:16] [PH7KH#1] Zerxis654: said "/-openInventory"
[14:19:55] [PH7KH#1] Zerxis654: said "/-openInventory"
[14:22:58] [PH7KH#1] Zerxis654: said "/-openInventory"
[14:23:19] [PH7KH#1] Zerxis654: said "/-openInventory"
[14:23:27] [PH7KH#1] Zerxis654: said "/-openInventory"
[14:26:48] [PH7KH#1] Zerxis654: said "/-openInventory"
[14:27:06] [PH7KH#1] Zerxis654: said "/-openInventory"
[14:27:14] [PH7KH#1] Zerxis654: said "/-openInventory"
[14:27:17] [PH7KH#1] Zerxis654: said "/-openInventory"
[14:27:19] [PH7KH#1] Zerxis654: said "/-openInventory"
[14:27:22] [PH7KH#1] Zerxis654: said "/-openInventory"
[14:27:25] [PH7KH#1] Zerxis654: said "/-openInventory"
[14:27:29] [PH7KH#1] Zerxis654: said "/-openInventory"
[14:49:05] [PH7KH#1] Zerxis654: disconnected (Exiting)
[17:20:26] [PH7KH#2] Zerxis654: joined with identifiers [license:7df1…5909, xbl:2535…2995, live:1055…0914, discord:5336…1534, fivem:2412049, license2:da0e…971c]
[17:20:46] [PH7KH#2] Zerxis654: said "/-openInventory"
[17:21:21] [PH7KH#2] Zerxis654: said "/-openInventory"
[17:21:29] [PH7KH#2] Zerxis654: said "/-placeItem"
[17:21:30] [PH7KH#2] Zerxis654: said "/-openInventory"
[17:21:33] [PH7KH#2] Zerxis654: said "/-openInventory"
[17:21:49] [PH7KH#2] Zerxis654: said "/-openInventory"
[17:22:46] [PH7KH#2] Zerxis654: said "/-openInventory"
[17:22:50] [PH7KH#2] Zerxis654: said "/-openInventory"
[17:24:01] [PH7KH#2] Zerxis654: said "/-openInventory"
[17:24:11] [PH7KH#2] Zerxis654: enabled noclip
[17:24:50] [PH7KH#2] Zerxis654: became mortal (standard mode)
[17:24:51] [PH7KH#2] Zerxis654: spawned a vehicle (model: f620)
[17:24:54] [PH7KH#2] Zerxis654: said "/-openInventory"
[17:24:55] [PH7KH#2] Zerxis654: said "/-openInventory"
[17:24:57] [PH7KH#2] Zerxis654: said "/-openInventory"
[17:25:00] [PH7KH#2] Zerxis654: said "/-openInventory"
[17:26:39] [PH7KH#2] Zerxis654: deleted a vehicle
[17:26:41] [PH7KH#2] Zerxis654: spawned a vehicle (model: nero)
[17:27:08] [PH7KH#2] Zerxis654: deleted a vehicle
[17:27:11] [PH7KH#2] Zerxis654: spawned a vehicle (model: zeno)
[17:29:07] [PH7KH#2] Zerxis654: repaired their vehicle
[17:29:18] [PH7KH#2] Zerxis654: repaired their vehicle
[17:29:42] [PH7KH#2] Zerxis654: repaired their vehicle
[17:29:50] [PH7KH#2] Zerxis654: said "/-openInventory"
[17:29:50] [PH7KH#2] Zerxis654: said "/-openInventory"
[17:30:28] [PH7KH#2] Zerxis654: repaired their vehicle
[17:30:53] [PH7KH#2] Zerxis654: repaired their vehicle
[17:36:09] [PH7KH#2] Zerxis654: said "/-placeItem"
[17:37:43] [PH7KH#2] Zerxis654: repaired their vehicle
[17:41:07] [PH7KH#2] Zerxis654: repaired their vehicle
[17:42:38] [PH7KH#2] Zerxis654: repaired their vehicle
[17:42:53] [PH7KH#2] Zerxis654: deleted a vehicle
[17:43:10] [PH7KH#2] Zerxis654: spawned a vehicle (model: taipan)
[17:44:02] [PH7KH#2] Zerxis654: repaired their vehicle
[17:54:47] [PH7KH#2] Zerxis654: disconnected (Exiting)
[18:26:00] [PH7KH#3] Zerxis654: joined with identifiers [license:7df1…5909, xbl:2535…2995, live:1055…0914, discord:5336…1534, fivem:2412049, license2:da0e…971c]
[18:26:28] [PH7KH#3] Zerxis654: enabled noclip
[18:26:31] [PH7KH#3] Zerxis654: became mortal (standard mode)
[18:26:32] [PH7KH#3] Zerxis654: said "/-openInventory"
[18:26:45] [PH7KH#3] Zerxis654: said "/-placeItem"
[18:26:46] [PH7KH#3] Zerxis654: said "/-openInventory"
[18:26:49] [PH7KH#3] Zerxis654: said "/-openInventory"
[18:26:50] [PH7KH#3] Zerxis654: said "/-openInventory"
[18:26:52] [PH7KH#3] Zerxis654: said "/-openInventory"
[18:26:57] [PH7KH#3] Zerxis654: said "/-openInventory"
[18:27:01] [PH7KH#3] Zerxis654: said "/-openInventory"
[18:27:04] [PH7KH#3] Zerxis654: said "/-placeItem"
[18:27:04] [PH7KH#3] Zerxis654: said "/-placeItem"
[18:27:05] [PH7KH#3] Zerxis654: said "/-openInventory"
[18:27:09] [PH7KH#3] Zerxis654: said "/-openInventory"
[18:27:17] [PH7KH#3] Zerxis654: said "/-openInventory"
[18:27:30] [PH7KH#3] Zerxis654: said "/-placeItem"
[18:27:31] [PH7KH#3] Zerxis654: said "/-openInventory"
[18:27:34] [PH7KH#3] Zerxis654: said "/-openInventory"
[18:27:35] [PH7KH#3] Zerxis654: said "/-openInventory"
[18:27:39] [PH7KH#3] Zerxis654: said "/-openInventory"
[18:27:42] [PH7KH#3] Zerxis654: said "/-openInventory"
[18:27:53] [PH7KH#3] Zerxis654: said "/-openInventory"
[18:27:55] [PH7KH#3] Zerxis654: said "/-openInventory"
[18:28:03] [PH7KH#3] Zerxis654: said "/-openInventory"
[18:28:12] [PH7KH#3] Zerxis654: said "/-placeItem"
[18:28:13] [PH7KH#3] Zerxis654: said "/-openInventory"
[20:49:03] [PH7KH#3] Zerxis654: said "/-openInventory"
[20:49:11] [PH7KH#3] Zerxis654: said "/-openInventory"
[20:49:21] [PH7KH#3] Zerxis654: said "/-openInventory"
[20:50:58] [PH7KH#3] Zerxis654: enabled noclip
[20:51:17] [PH7KH#3] Zerxis654: said "/-placeItem"
[20:51:35] [PH7KH#3] Zerxis654: said "/-placeItem"
[20:51:36] [PH7KH#3] Zerxis654: said "/-placeItem"
[21:15:01] [PH7KH#3] Zerxis654: became mortal (standard mode)
[21:15:03] [PH7KH#3] Zerxis654: spawned a vehicle (model: coquette)
[21:21:20] [PH7KH#3] Zerxis654: said "/-openInventory"
[21:21:21] [PH7KH#3] Zerxis654: said "/-openInventory"
[21:21:27] [PH7KH#3] Zerxis654: said "/-openInventory"
[21:21:30] [PH7KH#3] Zerxis654: said "/-openInventory"
[21:28:21] [PH7KH#3] Zerxis654: repaired their vehicle
[21:42:03] [PH7KH#3] Zerxis654: enabled noclip
[21:43:27] [PH7KH#3] Zerxis654: said "/-placeItem"
[21:43:28] [PH7KH#3] Zerxis654: said "/-placeItem"
[21:43:29] [PH7KH#3] Zerxis654: said "/-placeItem"
[21:43:40] [PH7KH#3] Zerxis654: said "/-placeItem"
[21:43:41] [PH7KH#3] Zerxis654: said "/-placeItem"
[21:54:39] [PH7KH#3] Zerxis654: became mortal (standard mode)
[21:55:59] [PH7KH#3] Zerxis654: disconnected (Exiting)
[23:37:21] [PH7KH#4] Zerxis654: joined with identifiers [license:7df1…5909, xbl:2535…2995, live:1055…0914, discord:5336…1534, fivem:2412049, license2:da0e…971c]
[23:37:44] [PH7KH#4] Zerxis654: said "/-openInventory"
[23:38:02] [PH7KH#4] Zerxis654: said "/-openInventory"
[23:40:04] [PH7KH#4] Zerxis654: enabled noclip
[23:41:00] [PH7KH#4] Zerxis654: became mortal (standard mode)
[23:41:02] [PH7KH#4] Zerxis654: said "/-openInventory"
[23:41:12] [PH7KH#4] Zerxis654: said "/-openInventory"
[23:41:16] [PH7KH#4] Zerxis654: enabled noclip
[23:41:32] [PH7KH#4] Zerxis654: became mortal (standard mode)
[23:41:33] [PH7KH#4] Zerxis654: said "/-openInventory"
[23:41:38] [PH7KH#4] Zerxis654: said "/-openInventory"
[23:41:41] [PH7KH#4] Zerxis654: said "/-openInventory"
[23:41:44] [PH7KH#4] Zerxis654: said "/-openInventory"
[23:41:47] [PH7KH#4] Zerxis654: said "/-openInventory"
[23:41:49] [PH7KH#4] Zerxis654: said "/-openInventory"
[23:41:54] [PH7KH#4] Zerxis654: said "/-placeItem"
[23:41:56] [PH7KH#4] Zerxis654: said "/-openInventory"
[23:42:09] [PH7KH#4] Zerxis654: enabled noclip
[23:42:25] [PH7KH#4] Zerxis654: became mortal (standard mode)
[23:42:29] [PH7KH#4] Zerxis654: enabled noclip
[23:50:53] [PH7KH#4] Zerxis654: became mortal (standard mode)
[23:50:55] [PH7KH#4] Zerxis654: spawned a vehicle (model: nero)
[23:51:01] [PH7KH#4] Zerxis654: said "/-openInventory"
[23:56:17] [PH7KH#4] Zerxis654: said "/-openInventory"
[23:56:28] [PH7KH#4] Zerxis654: said "/-openInventory"
[23:58:34] [PH7KH#4] Zerxis654: said "/-openInventory"
[23:58:45] [PH7KH#4] Zerxis654: said "/-openInventory"
[23:59:42] [PH7KH#4] Zerxis654: said "/-openInventory"
[23:59:59] [PH7KH#4] Zerxis654: said "/-openInventory"
