================================================================
======== Log Rotated - 2026/03/13, 00:00:00                     
================================================================
[00:01:15] [QacAr#3] Joshua Sprigs: said "/-openInventory"
[00:02:16] [QacAr#3] Joshua Sprigs: disconnected (Exiting)
================================================================
======== txAdmin v8.0.1 atop fxserver 25770 Starting - 2026/03/13, 00:06:13
================================================================
[00:06:15] txAdmin: Logger started
[00:08:32] [MyQdV#1] Joshua Sprigs: joined with identifiers [license:f769…dc77, xbl:2535…2995, live:1055…0914, discord:5336…1534, fivem:2412049, license2:add9…f88f]
[00:08:54] [MyQdV#1] Joshua Sprigs: said "/-openInventory"
[00:09:36] [MyQdV#1] Joshua Sprigs: enabled noclip
[00:11:37] [MyQdV#1] Joshua Sprigs: became mortal (standard mode)
[00:11:40] [MyQdV#1] Joshua Sprigs: spawned a vehicle (model: toros)
[00:11:42] [MyQdV#1] Joshua Sprigs: said "/-openInventory"
[00:11:50] [MyQdV#1] Joshua Sprigs: said "/-openInventory"
[00:11:52] [MyQdV#1] Joshua Sprigs: said "/-openInventory"
[00:12:06] [MyQdV#1] Joshua Sprigs: said "/-openInventory"
[00:12:08] [MyQdV#1] Joshua Sprigs: said "/-openInventory"
[00:12:08] [MyQdV#1] Joshua Sprigs: said "/-openInventory"
[00:12:09] [MyQdV#1] Joshua Sprigs: said "/-openInventory"
[00:12:09] [MyQdV#1] Joshua Sprigs: said "/-openInventory"
[00:12:09] [MyQdV#1] Joshua Sprigs: said "/-openInventory"
[00:12:09] [MyQdV#1] Joshua Sprigs: said "/-openInventory"
[00:12:09] [MyQdV#1] Joshua Sprigs: said "/-openInventory"
[00:12:09] [MyQdV#1] Joshua Sprigs: said "/-openInventory"
[00:17:42] [MyQdV#1] Joshua Sprigs: said "/-openInventory"
[00:18:08] [MyQdV#1] Joshua Sprigs: said "/-openInventory"
[00:19:04] [MyQdV#1] Joshua Sprigs: said "/-openInventory"
[00:19:07] [MyQdV#1] Joshua Sprigs: said "/-openInventory"
[00:19:14] [MyQdV#1] Joshua Sprigs: said "/-openInventory"
[00:20:59] [MyQdV#1] Joshua Sprigs: said "/-openInventory"
[00:21:07] [MyQdV#1] Joshua Sprigs: said "/-openInventory"
[00:21:09] [MyQdV#1] Joshua Sprigs: said "/-openInventory"
[00:21:18] [MyQdV#1] Joshua Sprigs: said "/-openInventory"
[00:21:26] [MyQdV#1] Joshua Sprigs: said "/-openInventory"
[00:21:28] [MyQdV#1] Joshua Sprigs: said "/-openInventory"
[00:21:40] [MyQdV#1] Joshua Sprigs: said "/-openInventory"
[00:22:14] [MyQdV#1] Joshua Sprigs: said "/-openInventory"
[00:23:08] [MyQdV#1] Joshua Sprigs: said "/-openInventory"
[00:23:09] [MyQdV#1] Joshua Sprigs: said "/-openInventory"
[00:29:22] [MyQdV#1] Joshua Sprigs: said "/-openInventory"
[00:30:21] [MyQdV#1] Joshua Sprigs: said "/-openInventory"
[00:40:18] [MyQdV#1] Joshua Sprigs: disconnected (Exiting)
[00:42:19] [MyQdV#2] Joshua Sprigs: joined with identifiers [license:f769…dc77, xbl:2535…2995, live:1055…0914, discord:5336…1534, fivem:2412049, license2:add9…f88f]
[00:42:36] [MyQdV#2] Joshua Sprigs: said "/-openInventory"
[00:42:49] [MyQdV#2] Joshua Sprigs: enabled noclip
[00:42:53] [MyQdV#2] Joshua Sprigs: became mortal (standard mode)
[00:42:54] [MyQdV#2] Joshua Sprigs: turned show player IDs on
[00:43:01] [MyQdV#2] Joshua Sprigs: enabled noclip
[00:43:04] [MyQdV#2] Joshua Sprigs: became mortal (standard mode)
[00:43:48] [MyQdV#2] Joshua Sprigs: caused an explosion (TANKSHELL)
[00:43:49] [MyQdV#2] Joshua Sprigs: caused an explosion (TRUCK)
[00:43:50] [MyQdV#2] Joshua Sprigs: caused an explosion (TANKSHELL)
[00:44:02] [MyQdV#2] Joshua Sprigs: caused an explosion (PLANE_ROCKET)
[00:44:13] [MyQdV#2] Joshua Sprigs: caused an explosion (TANKSHELL)
[00:44:14] [MyQdV#2] Joshua Sprigs: caused an explosion (TANKSHELL)
[00:44:14] [MyQdV#2] Joshua Sprigs: caused an explosion (TANKSHELL)
[00:44:15] [MyQdV#2] Joshua Sprigs: caused an explosion (PLANE_ROCKET)
[00:44:15] [MyQdV#2] Joshua Sprigs: caused an explosion (TANKSHELL)
[00:44:24] [MyQdV#2] Joshua Sprigs: caused an explosion (TANKSHELL)
[00:44:24] [MyQdV#2] Joshua Sprigs: caused an explosion (UNKNOWN)
[00:44:24] [MyQdV#2] Joshua Sprigs: caused an explosion (UNKNOWN)
[00:44:25] [MyQdV#2] Joshua Sprigs: caused an explosion (UNKNOWN)
[00:44:25] [MyQdV#2] Joshua Sprigs: caused an explosion (UNKNOWN)
[00:44:25] [MyQdV#2] Joshua Sprigs: caused an explosion (UNKNOWN)
[00:44:25] [MyQdV#2] Joshua Sprigs: caused an explosion (UNKNOWN)
[00:44:25] [MyQdV#2] Joshua Sprigs: caused an explosion (TANKSHELL)
[00:44:26] [MyQdV#2] Joshua Sprigs: caused an explosion (TANKSHELL)
[00:44:27] [MyQdV#2] Joshua Sprigs: caused an explosion (TANKSHELL)
[00:44:38] [MyQdV#2] Joshua Sprigs: caused an explosion (TANKSHELL)
[00:44:38] [MyQdV#2] Joshua Sprigs: caused an explosion (TANKSHELL)
[00:44:38] [MyQdV#2] Joshua Sprigs: caused an explosion (UNKNOWN)
[00:44:38] [MyQdV#2] Joshua Sprigs: caused an explosion (UNKNOWN)
[00:44:39] [MyQdV#2] Joshua Sprigs: caused an explosion (UNKNOWN)
[00:44:39] [MyQdV#2] Joshua Sprigs: caused an explosion (UNKNOWN)
[00:44:39] [MyQdV#2] Joshua Sprigs: caused an explosion (UNKNOWN)
[00:44:39] [MyQdV#2] Joshua Sprigs: caused an explosion (UNKNOWN)
[00:44:39] [MyQdV#2] Joshua Sprigs: caused an explosion (UNKNOWN)
[00:44:39] [MyQdV#2] Joshua Sprigs: caused an explosion (UNKNOWN)
[00:44:40] [MyQdV#2] Joshua Sprigs: caused an explosion (UNKNOWN)
[00:44:40] [MyQdV#2] Joshua Sprigs: caused an explosion (TANKSHELL)
[00:44:40] [MyQdV#2] Joshua Sprigs: caused an explosion (UNKNOWN)
[00:44:40] [MyQdV#2] Joshua Sprigs: caused an explosion (UNKNOWN)
[00:44:40] [MyQdV#2] Joshua Sprigs: caused an explosion (UNKNOWN)
[00:44:40] [MyQdV#2] Joshua Sprigs: caused an explosion (UNKNOWN)
[00:44:40] [MyQdV#2] Joshua Sprigs: caused an explosion (UNKNOWN)
[00:44:40] [MyQdV#2] Joshua Sprigs: caused an explosion (UNKNOWN)
[00:44:41] [MyQdV#2] Joshua Sprigs: caused an explosion (TANKSHELL)
[00:44:42] [MyQdV#2] Joshua Sprigs: caused an explosion (TANKSHELL)
[00:44:46] [MyQdV#2] Joshua Sprigs: caused an explosion (UNKNOWN)
[00:44:46] [MyQdV#2] Joshua Sprigs: caused an explosion (UNKNOWN)
[00:44:46] [MyQdV#2] Joshua Sprigs: caused an explosion (UNKNOWN)
[00:44:46] [MyQdV#2] Joshua Sprigs: caused an explosion (PLANE)
[00:44:46] [MyQdV#2] Joshua Sprigs: caused an explosion (PLANE)
[00:44:46] [MyQdV#2] Joshua Sprigs: caused an explosion (PLANE)
[00:44:46] [MyQdV#2] Joshua Sprigs: caused an explosion (PLANE)
[00:44:46] [MyQdV#2] Joshua Sprigs: caused an explosion (UNKNOWN)
[00:44:46] [MyQdV#2] Joshua Sprigs: caused an explosion (UNKNOWN)
[00:44:47] [MyQdV#2] Joshua Sprigs: caused an explosion (UNKNOWN)
[00:44:47] [MyQdV#2] Joshua Sprigs: caused an explosion (UNKNOWN)
[00:44:47] [MyQdV#2] Joshua Sprigs: caused an explosion (UNKNOWN)
[00:44:47] [MyQdV#2] Joshua Sprigs: caused an explosion (PLANE)
[00:44:47] [MyQdV#2] Joshua Sprigs: caused an explosion (PLANE)
[00:44:48] [MyQdV#2] Joshua Sprigs: died from suicide (Explosion)
[00:44:54] [MyQdV#2] Joshua Sprigs: enabled noclip
[00:45:28] [MyQdV#2] Joshua Sprigs: became mortal (standard mode)
[00:45:33] [MyQdV#2] Joshua Sprigs: enabled god mode
[00:45:38] [MyQdV#2] Joshua Sprigs: enabled noclip
[00:45:43] [MyQdV#2] Joshua Sprigs: became mortal (standard mode)
[00:45:50] [MyQdV#2] Joshua Sprigs: enabled god mode
[00:46:28] [MyQdV#2] Joshua Sprigs: became mortal (standard mode)
[00:46:30] [MyQdV#2] Joshua Sprigs: enabled noclip
[00:46:36] [MyQdV#2] Joshua Sprigs: became mortal (standard mode)
[00:46:39] [MyQdV#2] Joshua Sprigs: enabled god mode
[00:47:18] [MyQdV#2] Joshua Sprigs: caused an explosion (TANKSHELL)
[00:47:18] [MyQdV#2] Joshua Sprigs: caused an explosion (TANKSHELL)
[00:47:19] [MyQdV#2] Joshua Sprigs: caused an explosion (TANKSHELL)
[00:47:20] [MyQdV#2] Joshua Sprigs: caused an explosion (TANKSHELL)
[00:47:20] [MyQdV#2] Joshua Sprigs: caused an explosion (TANKSHELL)
[00:47:21] [MyQdV#2] Joshua Sprigs: caused an explosion (TANKSHELL)
[00:47:23] [MyQdV#2] Joshua Sprigs: caused an explosion (TANKSHELL)
[00:47:23] [MyQdV#2] Joshua Sprigs: caused an explosion (TRUCK)
[00:47:24] [MyQdV#2] Joshua Sprigs: caused an explosion (TRUCK)
[00:47:25] [MyQdV#2] Joshua Sprigs: caused an explosion (TANKSHELL)
[00:47:27] [MyQdV#2] Joshua Sprigs: caused an explosion (TANKSHELL)
[00:47:31] [MyQdV#2] Joshua Sprigs: caused an explosion (TANKSHELL)
[00:47:33] [MyQdV#2] Joshua Sprigs: caused an explosion (TANKSHELL)
[00:47:33] [MyQdV#2] Joshua Sprigs: caused an explosion (TANKER)
[00:47:33] [MyQdV#2] Joshua Sprigs: caused an explosion (CAR)
[00:47:34] [MyQdV#2] Joshua Sprigs: caused an explosion (TANKSHELL)
[00:47:34] [MyQdV#2] Joshua Sprigs: caused an explosion (TANKSHELL)
[00:47:36] [MyQdV#2] Joshua Sprigs: caused an explosion (TANKSHELL)
[00:47:36] [MyQdV#2] Joshua Sprigs: caused an explosion (PLANE)
[00:47:36] [MyQdV#2] Joshua Sprigs: caused an explosion (TANKSHELL)
[00:47:37] [MyQdV#2] Joshua Sprigs: caused an explosion (TANKSHELL)
[00:47:44] [MyQdV#2] Joshua Sprigs: caused an explosion (TANKSHELL)
[00:47:45] [MyQdV#2] Joshua Sprigs: caused an explosion (TANKSHELL)
[00:47:46] [MyQdV#2] Joshua Sprigs: caused an explosion (TANKSHELL)
[00:47:47] [MyQdV#2] Joshua Sprigs: caused an explosion (TANKSHELL)
[00:47:48] [MyQdV#2] Joshua Sprigs: caused an explosion (TANKSHELL)
[00:47:52] [MyQdV#2] Joshua Sprigs: caused an explosion (TANKSHELL)
[00:47:57] [MyQdV#2] Joshua Sprigs: caused an explosion (TANKSHELL)
[00:47:57] [MyQdV#2] Joshua Sprigs: caused an explosion (CAR)
[00:47:58] [MyQdV#2] Joshua Sprigs: said "/-openInventory"
[00:47:59] [MyQdV#2] Joshua Sprigs: caused an explosion (TANKSHELL)
[00:48:00] [MyQdV#2] Joshua Sprigs: said "/-openInventory"
[00:48:00] [MyQdV#2] Joshua Sprigs: caused an explosion (TANKSHELL)
[00:48:01] [MyQdV#2] Joshua Sprigs: said "/-openInventory"
[00:48:02] [MyQdV#2] Joshua Sprigs: caused an explosion (TANKSHELL)
[00:48:03] [MyQdV#2] Joshua Sprigs: caused an explosion (TANKSHELL)
[00:48:03] [MyQdV#2] Joshua Sprigs: caused an explosion (CAR)
[00:48:04] [MyQdV#2] Joshua Sprigs: caused an explosion (TANKSHELL)
[00:48:05] [MyQdV#2] Joshua Sprigs: caused an explosion (TANKSHELL)
[00:48:06] [MyQdV#2] Joshua Sprigs: caused an explosion (TANKSHELL)
[00:48:06] [MyQdV#2] Joshua Sprigs: caused an explosion (TANKSHELL)
[00:48:06] [MyQdV#2] Joshua Sprigs: caused an explosion (TANKSHELL)
[00:48:06] [MyQdV#2] Joshua Sprigs: caused an explosion (CAR)
[00:48:07] [MyQdV#2] Joshua Sprigs: caused an explosion (TANKSHELL)
[00:48:08] [MyQdV#2] Joshua Sprigs: caused an explosion (TANKSHELL)
[00:48:08] [MyQdV#2] Joshua Sprigs: caused an explosion (TANKSHELL)
[00:48:09] [MyQdV#2] Joshua Sprigs: caused an explosion (TANKSHELL)
[00:48:09] [MyQdV#2] Joshua Sprigs: caused an explosion (TANKSHELL)
[00:48:11] [MyQdV#2] Joshua Sprigs: caused an explosion (TANKSHELL)
[00:48:12] [MyQdV#2] Joshua Sprigs: caused an explosion (TANKSHELL)
[00:48:15] [MyQdV#2] Joshua Sprigs: caused an explosion (TANKSHELL)
[00:48:15] [MyQdV#2] Joshua Sprigs: caused an explosion (CAR)
[00:48:21] [MyQdV#2] Joshua Sprigs: caused an explosion (TANKSHELL)
[00:48:23] [MyQdV#2] Joshua Sprigs: caused an explosion (TANKSHELL)
[00:48:23] [MyQdV#2] Joshua Sprigs: caused an explosion (TRUCK)
[00:48:23] [MyQdV#2] Joshua Sprigs: caused an explosion (TANKSHELL)
[00:48:24] [MyQdV#2] Joshua Sprigs: caused an explosion (TANKSHELL)
[00:48:30] [MyQdV#2] Joshua Sprigs: caused an explosion (TANKSHELL)
[00:48:32] [MyQdV#2] Joshua Sprigs: caused an explosion (TANKSHELL)
[00:48:34] [MyQdV#2] Joshua Sprigs: became mortal (standard mode)
[00:48:37] [MyQdV#2] Joshua Sprigs: caused an explosion (TANKSHELL)
[00:48:38] [MyQdV#2] Joshua Sprigs: died from suicide (Fire)
[00:48:43] [MyQdV#2] Joshua Sprigs: said "/-openInventory"
[00:49:02] [MyQdV#2] Joshua Sprigs: said "/-openInventory"
[00:54:05] [MyQdV#2] Joshua Sprigs: disconnected (Exiting)
================================================================
======== txAdmin v8.0.1 atop fxserver 25770 Starting - 2026/03/13, 07:54:23
================================================================
[07:54:28] txAdmin: Logger started
[07:56:36] [UgVCh#1] Joshua Sprigs: joined with identifiers [license:f769…dc77, xbl:2535…2995, live:1055…0914, discord:5336…1534, fivem:2412049, license2:add9…f88f]
[07:57:10] [UgVCh#1] Joshua Sprigs: said "/-openInventory"
[07:57:19] [UgVCh#1] Joshua Sprigs: said "/-openInventory"
[07:57:45] [UgVCh#1] Joshua Sprigs: said "/-openInventory"
[07:57:53] [UgVCh#1] Joshua Sprigs: said "/-openInventory"
[07:58:23] [UgVCh#1] Joshua Sprigs: enabled noclip
[08:03:30] [UgVCh#1] Joshua Sprigs: became mortal (standard mode)
[08:03:33] [UgVCh#1] Joshua Sprigs: spawned a vehicle (model: tyrant)
[08:03:36] [UgVCh#1] Joshua Sprigs: said "/-openInventory"
[08:03:38] [UgVCh#1] Joshua Sprigs: said "/-openInventory"
[08:03:43] [UgVCh#1] Joshua Sprigs: said "/-openInventory"
[08:04:31] [UgVCh#1] Joshua Sprigs: said "/-openInventory"
[08:09:05] [UgVCh#1] Joshua Sprigs: said "/-openInventory"
[08:13:53] [UgVCh#1] Joshua Sprigs: said "/-openInventory"
[08:50:49] [UgVCh#1] Joshua Sprigs: deleted a vehicle
[08:51:17] [UgVCh#1] Joshua Sprigs: spawned a vehicle (model: lm87)
[08:53:29] [UgVCh#1] Joshua Sprigs: deleted a vehicle
[08:53:59] [UgVCh#1] Joshua Sprigs: spawned a vehicle (model: ignus)
[08:55:25] [UgVCh#1] Joshua Sprigs: said "/-openInventory"
[08:55:28] [UgVCh#1] Joshua Sprigs: said "/-openInventory"
[08:55:32] [UgVCh#1] Joshua Sprigs: said "/-openInventory"
[08:55:40] [UgVCh#1] Joshua Sprigs: said "/-openInventory"
[08:57:07] [UgVCh#1] Joshua Sprigs: enabled noclip
[08:57:09] [UgVCh#1] Joshua Sprigs: became mortal (standard mode)
[08:57:11] [UgVCh#1] Joshua Sprigs: repaired their vehicle
[08:57:42] [UgVCh#1] Joshua Sprigs: repaired their vehicle
[08:58:18] [UgVCh#1] Joshua Sprigs: repaired their vehicle
[09:00:41] [UgVCh#1] Joshua Sprigs: enabled noclip
[09:00:44] [UgVCh#1] Joshua Sprigs: became mortal (standard mode)
[09:00:46] [UgVCh#1] Joshua Sprigs: repaired their vehicle
[09:00:47] [UgVCh#1] Joshua Sprigs: enabled noclip
[09:00:50] [UgVCh#1] Joshua Sprigs: became mortal (standard mode)
[09:01:52] [UgVCh#1] Joshua Sprigs: repaired their vehicle
[09:04:20] [UgVCh#1] Joshua Sprigs: deleted a vehicle
[09:04:22] [UgVCh#1] Joshua Sprigs: disconnected (Exiting)
[13:43:39] [UgVCh#2] Joshua Sprigs: joined with identifiers [license:f769…dc77, xbl:2535…2995, live:1055…0914, discord:5336…1534, fivem:2412049, license2:add9…f88f]
[13:43:56] [UgVCh#2] Joshua Sprigs: enabled noclip
[13:44:17] [UgVCh#2] Joshua Sprigs: became mortal (standard mode)
[13:44:19] [UgVCh#2] Joshua Sprigs: spawned a vehicle (model: issi5)
[13:44:21] [UgVCh#2] Joshua Sprigs: deleted a vehicle
[13:44:24] [UgVCh#2] Joshua Sprigs: spawned a vehicle (model: nero)
[13:44:29] [UgVCh#2] Joshua Sprigs: said "/-openInventory"
[13:44:30] [UgVCh#2] Joshua Sprigs: said "/-openInventory"
[13:44:33] [UgVCh#2] Joshua Sprigs: said "/-openInventory"
[13:45:07] [UgVCh#2] Joshua Sprigs: said "/-openInventory"
[13:45:35] [UgVCh#2] Joshua Sprigs: said "/-openInventory"
[13:45:38] [UgVCh#2] Joshua Sprigs: said "/-openInventory"
[13:46:02] [UgVCh#2] Joshua Sprigs: said "/-openInventory"
[13:47:01] [UgVCh#2] Joshua Sprigs: said "/-openInventory"
[13:52:24] [UgVCh#2] Joshua Sprigs: deleted a vehicle
[13:52:26] [UgVCh#2] Joshua Sprigs: spawned a vehicle (model: coquette)
[14:09:40] [UgVCh#2] Joshua Sprigs: spawned a vehicle (model: champion)
[14:11:33] [UgVCh#2] Joshua Sprigs: spawned a vehicle (model: turismo3)
[14:15:42] [UgVCh#2] Joshua Sprigs: said "/-openInventory"
[14:15:48] [UgVCh#2] Joshua Sprigs: said "/-openInventory"
[14:15:49] [UgVCh#2] Joshua Sprigs: said "/-openInventory"
[14:15:53] [UgVCh#2] Joshua Sprigs: said "/-openInventory"
[14:15:56] [UgVCh#2] Joshua Sprigs: said "/-openInventory"
[14:15:57] [UgVCh#2] Joshua Sprigs: said "/-openInventory"
[14:16:00] [UgVCh#2] Joshua Sprigs: said "/-openInventory"
[14:16:02] [UgVCh#2] Joshua Sprigs: said "/-openInventory"
[14:16:04] [UgVCh#2] Joshua Sprigs: said "/-openInventory"
[14:16:06] [UgVCh#2] Joshua Sprigs: said "/-openInventory"
[14:16:11] [UgVCh#2] Joshua Sprigs: said "/-openInventory"
[14:16:23] [UgVCh#2] Joshua Sprigs: said "/-openInventory"
[14:16:32] [UgVCh#2] Joshua Sprigs: said "/-openInventory"
[14:16:34] [UgVCh#2] Joshua Sprigs: said "/-openInventory"
[14:16:42] [UgVCh#2] Joshua Sprigs: said "/-openInventory"
[14:17:05] [UgVCh#2] Joshua Sprigs: said "/-openInventory"
[14:20:10] [UgVCh#2] Joshua Sprigs: deleted a vehicle
[14:20:13] [UgVCh#2] Joshua Sprigs: spawned a vehicle (model: thrax)
[14:25:42] [UgVCh#2] Joshua Sprigs: deleted a vehicle
[14:25:45] [UgVCh#2] Joshua Sprigs: spawned a vehicle (model: thrax)
[14:26:45] [UgVCh#2] Joshua Sprigs: deleted a vehicle
[14:26:46] [UgVCh#2] Joshua Sprigs: enabled noclip
[14:27:08] [UgVCh#2] Joshua Sprigs: became mortal (standard mode)
[14:27:13] [UgVCh#2] Joshua Sprigs: spawned a vehicle (model: volatus)
[14:31:14] [UgVCh#2] Joshua Sprigs: said "/-openInventory"
[14:31:30] [UgVCh#2] Joshua Sprigs: disconnected (Exiting)
================================================================
======== txAdmin v8.0.1 atop fxserver 25770 Starting - 2026/03/13, 14:32:00
================================================================
[14:32:05] txAdmin: Logger started
[14:33:08] [NNgVj#1] Joshua Sprigs: joined with identifiers [license:f769…dc77, xbl:2535…2995, live:1055…0914, discord:5336…1534, fivem:2412049, license2:add9…f88f]
[14:33:30] [NNgVj#1] Joshua Sprigs: said "/-openInventory"
[14:33:34] [NNgVj#1] Joshua Sprigs: said "/-openInventory"
[14:33:37] [NNgVj#1] Joshua Sprigs: said "/-openInventory"
[14:33:44] [NNgVj#1] Joshua Sprigs: enabled noclip
[14:51:29] [NNgVj#1] Joshua Sprigs: became mortal (standard mode)
[14:51:34] [NNgVj#1] Joshua Sprigs: spawned a vehicle (model: volatus)
[14:51:36] [NNgVj#1] Joshua Sprigs: deleted a vehicle
[14:51:38] [NNgVj#1] Joshua Sprigs: enabled noclip
[14:52:40] [NNgVj#1] Joshua Sprigs: became mortal (standard mode)
[14:53:29] [NNgVj#1] Joshua Sprigs: spawned a vehicle (model: buffalo5)
[14:54:06] [NNgVj#1] Joshua Sprigs: deleted a vehicle
[14:54:09] [NNgVj#1] Joshua Sprigs: enabled noclip
[14:54:24] [NNgVj#1] Joshua Sprigs: became mortal (standard mode)
[14:54:40] [NNgVj#1] Joshua Sprigs: spawned a vehicle (model: turismo2)
[15:02:10] [NNgVj#1] Joshua Sprigs: enabled noclip
[15:03:14] [NNgVj#1] Joshua Sprigs: disconnected (Exiting)
[20:27:58] [NNgVj#2] Joshua Sprigs: joined with identifiers [license:f769…dc77, xbl:2535…2995, live:1055…0914, discord:5336…1534, fivem:2412049, license2:add9…f88f]
[20:28:24] [NNgVj#2] Joshua Sprigs: enabled noclip
[20:28:24] [NNgVj#2] Joshua Sprigs: became mortal (standard mode)
[20:28:29] [NNgVj#2] Joshua Sprigs: spawned a vehicle (model: sc1)
[20:30:19] [NNgVj#2] Joshua Sprigs: deleted a vehicle
[20:30:24] [NNgVj#2] Joshua Sprigs: spawned a vehicle (model: tyrant)
[20:32:12] [NNgVj#2] Joshua Sprigs: deleted a vehicle
[20:32:13] [NNgVj#2] Joshua Sprigs: enabled noclip
[20:32:19] [NNgVj#2] Joshua Sprigs: became mortal (standard mode)
[20:32:22] [NNgVj#2] Joshua Sprigs: spawned a vehicle (model: buzzard2)
[20:36:44] [NNgVj#2] Joshua Sprigs: said "/-openInventory"
[20:36:49] [NNgVj#2] Joshua Sprigs: said "/-openInventory"
[20:36:58] [NNgVj#2] Joshua Sprigs: said "/-openInventory"
[20:42:58] [NNgVj#2] Joshua Sprigs: disconnected (Disconnected.)
================================================================
======== txAdmin v8.0.1 atop fxserver 25770 Starting - 2026/03/13, 20:43:23
================================================================
[20:43:26] txAdmin: Logger started
[20:44:04] [7eYb7#1] Joshua Sprigs: joined with identifiers [license:f769…dc77, xbl:2535…2995, live:1055…0914, discord:5336…1534, fivem:2412049, license2:add9…f88f]
[20:44:43] [7eYb7#1] Joshua Sprigs: said "/-openInventory"
[20:44:57] [7eYb7#1] Joshua Sprigs: said "/-openInventory"
[20:45:11] [7eYb7#1] Joshua Sprigs: said "/-openInventory"
[20:45:16] [7eYb7#1] Joshua Sprigs: said "/-openInventory"
[20:52:20] [7eYb7#1] Joshua Sprigs: said "/-openInventory"
[20:52:23] [7eYb7#1] Joshua Sprigs: said "/-openInventory"
[20:52:25] [7eYb7#1] Joshua Sprigs: said "/-openInventory"
[20:52:28] [7eYb7#1] Joshua Sprigs: said "/-openInventory"
[20:52:39] [7eYb7#1] Joshua Sprigs: said "/-openInventory"
[20:52:47] [7eYb7#1] Joshua Sprigs: said "/-openInventory"
[20:52:54] [7eYb7#1] Joshua Sprigs: said "/-openInventory"
[20:52:56] [7eYb7#1] Joshua Sprigs: said "/-openInventory"
[20:53:09] [7eYb7#1] Joshua Sprigs: said "/-openInventory"
[20:53:28] [7eYb7#1] Joshua Sprigs: said "/-openInventory"
[21:16:15] [7eYb7#1] Joshua Sprigs: said "/-openInventory"
[21:16:20] [7eYb7#1] Joshua Sprigs: said "/-openInventory"
[21:16:27] [7eYb7#1] Joshua Sprigs: said "/-openInventory"
[21:16:33] [7eYb7#1] Joshua Sprigs: said "/-openInventory"
[21:16:35] [7eYb7#1] Joshua Sprigs: said "/-openInventory"
[21:16:38] [7eYb7#1] Joshua Sprigs: said "/-openInventory"
[21:16:40] [7eYb7#1] Joshua Sprigs: said "/-openInventory"
[21:16:44] [7eYb7#1] Joshua Sprigs: said "/-openInventory"
