================================================================
======== Log Rotated - 2026/03/18, 00:00:00                     
================================================================
================================================================
======== txAdmin v8.0.1 atop fxserver 25770 Starting - 2026/03/18, 14:49:24
================================================================
[14:49:29] txAdmin: Logger started
[14:50:50] [8pj8X#1] Retro Pepe: joined with identifiers [license:7df1…5909, xbl:2535…2995, live:1055…0914, discord:5336…1534, fivem:2412049, license2:da0e…971c]
[14:51:28] [8pj8X#1] Retro Pepe: enabled noclip
[14:51:31] [8pj8X#1] Retro Pepe: said "/-openInventory"
[14:51:50] [8pj8X#1] Retro Pepe: became mortal (standard mode)
[14:52:17] [8pj8X#1] Retro Pepe: spawned a vehicle (model: corsita)
[14:54:20] [8pj8X#1] Retro Pepe: said "/-openInventory"
[14:54:22] [8pj8X#1] Retro Pepe: said "/-openInventory"
[14:54:46] [8pj8X#1] Retro Pepe: said "/-openInventory"
[14:56:37] [8pj8X#1] Retro Pepe: disconnected (Exiting)
[16:36:58] [8pj8X#2] Zerxis654: joined with identifiers [license:7df1…5909, xbl:2535…2995, live:1055…0914, discord:5336…1534, fivem:2412049, license2:da0e…971c]
[16:37:56] [8pj8X#2] Zerxis654: enabled noclip
[16:38:21] [8pj8X#2] Zerxis654: became mortal (standard mode)
[16:38:32] [8pj8X#2] Zerxis654: spawned a vehicle (model: jester4)
[16:39:05] [8pj8X#2] Zerxis654: said "/-openInventory"
[16:39:07] [8pj8X#2] Zerxis654: said "/-openInventory"
[16:39:36] [8pj8X#2] Zerxis654: repaired their vehicle
[16:41:49] [8pj8X#2] Zerxis654: repaired their vehicle
[16:45:03] [8pj8X#2] Zerxis654: repaired their vehicle
[16:46:13] [8pj8X#2] Zerxis654: repaired their vehicle
[16:47:00] [8pj8X#2] Zerxis654: enabled noclip
[16:47:02] [8pj8X#2] Zerxis654: became mortal (standard mode)
[16:47:05] [8pj8X#2] Zerxis654: deleted a vehicle
[16:47:07] [8pj8X#2] Zerxis654: spawned a vehicle (model: sugoi)
[16:48:13] [8pj8X#2] Zerxis654: disconnected (Exiting)
================================================================
======== txAdmin v8.0.1 atop fxserver 25770 Starting - 2026/03/18, 18:54:34
================================================================
[18:54:39] txAdmin: Logger started
[18:56:08] [AMKfN#1] Zerxis654: joined with identifiers [license:7df1…5909, xbl:2535…2995, live:1055…0914, discord:5336…1534, fivem:2412049, license2:da0e…971c]
[18:56:26] [AMKfN#1] Zerxis654: enabled noclip
[18:56:47] [AMKfN#1] Zerxis654: became mortal (standard mode)
[18:56:49] [AMKfN#1] Zerxis654: spawned a vehicle (model: sultan3)
[18:58:52] [AMKfN#1] Zerxis654: said "/qquit"
[18:58:53] [AMKfN#1] Zerxis654: disconnected (Exiting)
[20:35:04] [AMKfN#2] Zerxis654: joined with identifiers [license:7df1…5909, xbl:2535…2995, live:1055…0914, discord:5336…1534, fivem:2412049, license2:da0e…971c]
[20:35:26] [AMKfN#2] Zerxis654: enabled noclip
[20:35:30] [AMKfN#2] Zerxis654: became mortal (standard mode)
[20:35:35] [AMKfN#2] Zerxis654: spawned a vehicle (model: komoda)
[20:36:42] [AMKfN#2] Zerxis654: enabled noclip
[20:37:04] [AMKfN#2] Zerxis654: became mortal (standard mode)
[20:37:57] [AMKfN#2] Zerxis654: said "/-openInventory"
[20:37:57] [AMKfN#2] Zerxis654: said "/-openInventory"
[20:39:21] [AMKfN#2] Zerxis654: said "/-openInventory"
[20:39:38] [AMKfN#2] Zerxis654: said "/-openInventory"
[20:39:46] [AMKfN#2] Zerxis654: repaired their vehicle
[20:39:52] [AMKfN#2] Zerxis654: deleted a vehicle
[20:40:15] [AMKfN#2] Zerxis654: spawned a vehicle (model: growler)
[20:44:37] [AMKfN#2] Zerxis654: enabled noclip
[20:45:26] [AMKfN#2] Zerxis654: disconnected (Exiting)
