================================================================
======== Log Rotated - 2026/03/22, 00:00:00                     
================================================================
[00:00:09] [PH7KH#4] Zerxis654: said "/-openInventory"
[00:04:28] [PH7KH#4] Zerxis654: said "/-openInventory"
[00:04:46] [PH7KH#4] Zerxis654: said "/-openInventory"
[00:05:05] [PH7KH#4] Zerxis654: said "/-openInventory"
[00:07:36] [PH7KH#4] Zerxis654: said "//testanimdicts"
[00:22:58] [PH7KH#4] Zerxis654: said "/-openInventory"
[00:23:12] [PH7KH#4] Zerxis654: said "/-openInventory"
[00:23:16] [PH7KH#4] Zerxis654: said "/-openInventory"
[00:23:19] [PH7KH#4] Zerxis654: said "/-openInventory"
[00:23:31] [PH7KH#4] Zerxis654: said "/-openInventory"
[00:24:59] [PH7KH#4] Zerxis654: said "/-openInventory"
[00:25:01] [PH7KH#4] Zerxis654: said "/-openInventory"
[00:25:08] [PH7KH#4] Zerxis654: said "/-openInventory"
[00:30:34] [PH7KH#4] Zerxis654: said "/-openInventory"
[00:30:36] [PH7KH#4] Zerxis654: said "/-openInventory"
[00:30:43] [PH7KH#4] Zerxis654: said "/-openInventory"
[00:30:46] [PH7KH#4] Zerxis654: disconnected (Exiting)
[00:32:31] [PH7KH#5] Zerxis654: joined with identifiers [license:7df1…5909, xbl:2535…2995, live:1055…0914, discord:5336…1534, fivem:2412049, license2:da0e…971c]
[00:32:52] [PH7KH#5] Zerxis654: said "/-openInventory"
[00:33:04] [PH7KH#5] Zerxis654: said "/-openInventory"
[00:33:07] [PH7KH#5] Zerxis654: said "/-openInventory"
[00:55:05] [PH7KH#5] Zerxis654: said "/-openInventory"
[00:55:26] [PH7KH#5] Zerxis654: said "/-openInventory"
[00:55:29] [PH7KH#5] Zerxis654: said "/-openInventory"
[00:55:41] [PH7KH#5] Zerxis654: said "/-openInventory"
[00:57:07] [PH7KH#5] Zerxis654: said "/-openInventory"
[00:57:14] [PH7KH#5] Zerxis654: said "/-openInventory"
[00:57:29] [PH7KH#5] Zerxis654: said "/-openInventory"
[00:57:31] [PH7KH#5] Zerxis654: said "/-openInventory"
[00:57:38] [PH7KH#5] Zerxis654: said "/-openInventory"
[00:58:18] [PH7KH#5] Zerxis654: said "/-openInventory"
[00:59:11] [PH7KH#5] Zerxis654: said "/-openInventory"
[00:59:20] [PH7KH#5] Zerxis654: said "/-openInventory"
[00:59:36] [PH7KH#5] Zerxis654: said "/-openInventory"
[00:59:37] [PH7KH#5] Zerxis654: said "/-openInventory"
[00:59:37] [PH7KH#5] Zerxis654: said "/-openInventory"
[00:59:56] [PH7KH#5] Zerxis654: said "/-openInventory"
[01:00:11] [PH7KH#5] Zerxis654: said "/-openInventory"
[01:00:19] [PH7KH#5] Zerxis654: said "/-openInventory"
[01:00:24] [PH7KH#5] Zerxis654: enabled noclip
[01:00:34] [PH7KH#5] Zerxis654: became mortal (standard mode)
[01:00:59] [PH7KH#5] Zerxis654: spawned a vehicle (model: issi5)
[01:01:01] [PH7KH#5] Zerxis654: said "/-openInventory"
[01:01:02] [PH7KH#5] Zerxis654: said "/-openInventory"
[01:01:05] [PH7KH#5] Zerxis654: said "/-openInventory"
[01:01:14] [PH7KH#5] Zerxis654: said "/-openInventory"
[01:04:49] [PH7KH#5] Zerxis654: said "/-openInventory"
[01:05:12] [PH7KH#5] Zerxis654: said "/-openInventory"
[01:05:15] [PH7KH#5] Zerxis654: said "/-openInventory"
[01:05:25] [PH7KH#5] Zerxis654: said "/-openInventory"
[01:08:35] [PH7KH#5] Zerxis654: said "/-openInventory"
[01:19:33] [PH7KH#5] Zerxis654: said "/-openInventory"
[01:19:34] [PH7KH#5] Zerxis654: disconnected (Exiting)
[01:37:12] [PH7KH#6] Zerxis654: joined with identifiers [license:7df1…5909, xbl:2535…2995, live:1055…0914, discord:5336…1534, fivem:2412049, license2:da0e…971c]
[01:37:49] [PH7KH#6] Zerxis654: said "/-openInventory"
[01:38:09] [PH7KH#6] Zerxis654: enabled noclip
[01:38:40] [PH7KH#6] Zerxis654: became mortal (standard mode)
[01:38:41] [PH7KH#6] Zerxis654: said "/-openInventory"
[01:38:50] [PH7KH#6] Zerxis654: said "/-openInventory"
[01:44:55] [PH7KH#6] Zerxis654: said "//clear"
[01:47:22] [PH7KH#6] Zerxis654: said "/-openInventory"
[01:47:29] [PH7KH#6] Zerxis654: disconnected (Exiting)
[01:49:25] [PH7KH#7] Zerxis654: joined with identifiers [license:7df1…5909, xbl:2535…2995, live:1055…0914, discord:5336…1534, fivem:2412049, license2:da0e…971c]
[01:50:01] [PH7KH#7] Zerxis654: said "/-openInventory"
[01:50:08] [PH7KH#7] Zerxis654: said "/-placeItem"
[01:50:09] [PH7KH#7] Zerxis654: said "/-openInventory"
[01:50:11] [PH7KH#7] Zerxis654: said "/-openInventory"
[01:50:13] [PH7KH#7] Zerxis654: said "/-openInventory"
[01:50:34] [PH7KH#7] Zerxis654: said "/-openInventory"
[01:50:52] [PH7KH#7] Zerxis654: said "/-openInventory"
[01:51:03] [PH7KH#7] Zerxis654: said "/-openInventory"
[01:52:08] [PH7KH#7] Zerxis654: said "/-openInventory"
[01:52:26] [PH7KH#7] Zerxis654: said "/-openInventory"
[01:52:28] [PH7KH#7] Zerxis654: said "/-openInventory"
[01:53:21] [PH7KH#7] Zerxis654: said "/-openInventory"
[01:54:43] [PH7KH#7] Zerxis654: said "/-openInventory"
[01:54:46] [PH7KH#7] Zerxis654: said "/-openInventory"
[01:56:57] [PH7KH#7] Zerxis654: disconnected (Exiting)
[01:57:17] txAdmin: Logger started
[01:58:11] [xDabY#1] Zerxis654: joined with identifiers [license:7df1…5909, xbl:2535…2995, live:1055…0914, discord:5336…1534, fivem:2412049, license2:da0e…971c]
[01:58:28] [xDabY#1] Zerxis654: said "/-openInventory"
[01:58:49] [xDabY#1] Zerxis654: said "/-openInventory"
[01:58:58] [xDabY#1] Zerxis654: said "/-openInventory"
[01:59:06] [xDabY#1] Zerxis654: said "/-openInventory"
[01:59:09] [xDabY#1] Zerxis654: said "/-openInventory"
[01:59:12] [xDabY#1] Zerxis654: said "/-openInventory"
[01:59:20] [xDabY#1] Zerxis654: said "/-openInventory"
[02:01:09] [xDabY#1] Zerxis654: said "/-openInventory"
[02:01:17] [xDabY#1] Zerxis654: said "/-openInventory"
[02:03:26] [xDabY#1] Zerxis654: said "/-openInventory"
[02:03:40] [xDabY#1] Zerxis654: said "/-openInventory"
[02:03:44] [xDabY#1] Zerxis654: said "/-openInventory"
[02:03:54] [xDabY#1] Zerxis654: said "/-openInventory"
[02:05:47] [xDabY#1] Zerxis654: said "/-openInventory"
[02:06:00] [xDabY#1] Zerxis654: said "/-openInventory"
[02:06:06] [xDabY#1] Zerxis654: said "/-openInventory"
[02:13:38] [xDabY#1] Zerxis654: said "/-openInventory"
[02:13:41] [xDabY#1] Zerxis654: said "/-openInventory"
[02:13:53] [xDabY#1] Zerxis654: said "/-openInventory"
[02:14:10] [xDabY#1] Zerxis654: said "/-openInventory"
[02:18:22] [xDabY#1] Zerxis654: said "/-openInventory"
[02:18:30] [xDabY#1] Zerxis654: said "/-openInventory"
[02:21:40] [xDabY#1] Zerxis654: said "/-openInventory"
[02:21:53] [xDabY#1] Zerxis654: said "/-openInventory"
[02:21:56] [xDabY#1] Zerxis654: disconnected (Exiting)
[02:26:01] [xDabY#2] Zerxis654: joined with identifiers [license:7df1…5909, xbl:2535…2995, live:1055…0914, discord:5336…1534, fivem:2412049, license2:da0e…971c]
[02:26:25] [xDabY#2] Zerxis654: said "/-openInventory"
[02:26:30] [xDabY#2] Zerxis654: said "/-openInventory"
[02:26:31] [xDabY#2] Zerxis654: said "/-openInventory"
[02:26:38] [xDabY#2] Zerxis654: disconnected (Exiting)
[02:27:14] txAdmin: Logger started
[02:28:36] [zYYzm#1] Zerxis654: joined with identifiers [license:7df1…5909, xbl:2535…2995, live:1055…0914, discord:5336…1534, fivem:2412049, license2:da0e…971c]
[02:28:54] [zYYzm#1] Zerxis654: said "/-openInventory"
[02:29:03] [zYYzm#1] Zerxis654: said "/-openInventory"
[02:29:21] [zYYzm#1] Zerxis654: said "/-openInventory"
[02:29:24] [zYYzm#1] Zerxis654: said "/-openInventory"
[02:30:47] [zYYzm#1] Zerxis654: said "/-openInventory"
[02:30:48] [zYYzm#1] Zerxis654: said "/-openInventory"
[02:30:59] [zYYzm#1] Zerxis654: said "/-openInventory"
[02:31:05] [zYYzm#1] Zerxis654: spawned a vehicle (model: sc1)
[02:31:09] [zYYzm#1] Zerxis654: said "/-openInventory"
[02:31:10] [zYYzm#1] Zerxis654: said "/-openInventory"
[02:31:21] [zYYzm#1] Zerxis654: said "/-openInventory"
[02:32:23] [zYYzm#1] Zerxis654: said "/-openInventory"
[02:32:25] [zYYzm#1] Zerxis654: disconnected (Exiting)
[02:59:31] [zYYzm#2] Retro Pepe: joined with identifiers [license:7df1…5909, xbl:2535…2995, live:1055…0914, discord:5336…1534, fivem:2412049, license2:da0e…971c]
[02:59:58] [zYYzm#2] Retro Pepe: said "/-openInventory"
[03:00:09] [zYYzm#2] Retro Pepe: disconnected (Exiting)
[03:00:47] txAdmin: Logger started
[03:01:26] [K8AFm#1] Retro Pepe: joined with identifiers [license:7df1…5909, xbl:2535…2995, live:1055…0914, discord:5336…1534, fivem:2412049, license2:da0e…971c]
[03:02:12] [K8AFm#1] Retro Pepe: said "/-openInventory"
[03:02:16] [K8AFm#1] Retro Pepe: enabled noclip
[03:02:20] [K8AFm#1] Retro Pepe: became mortal (standard mode)
[03:02:21] [K8AFm#1] Retro Pepe: said "/-openInventory"
[03:02:35] [K8AFm#1] Retro Pepe: said "/-openInventory"
[03:02:49] [K8AFm#1] Retro Pepe: said "/-openInventory"
[03:03:00] [K8AFm#1] Retro Pepe: said "/-openInventory"
[03:06:56] [K8AFm#1] Retro Pepe: disconnected (Exiting)
================================================================
======== txAdmin v8.0.1 atop fxserver 25770 Starting - 2026/03/22, 10:31:32
================================================================
[10:31:37] txAdmin: Logger started
[10:33:39] [jiDwR#1] Retro Pepe: joined with identifiers [license:7df1…5909, xbl:2535…2995, live:1055…0914, discord:5336…1534, fivem:2412049, license2:da0e…971c]
[10:33:59] [jiDwR#1] Retro Pepe: said "/-openInventory"
[10:51:55] [jiDwR#1] Retro Pepe: disconnected ([md] Lost connection to authentication services.	Verify your internet connectivity and try again later.	If the issue persists, check our [status page](https://status.cfx.re/).		Error ID: au\_bu8mf8736qw51\_igpca\_9hnhf8736qw51\_v4a8a_0.c4f21502.1774169217.9b02087d)
================================================================
======== txAdmin v8.0.1 atop fxserver 25770 Starting - 2026/03/22, 11:11:36
================================================================
================================================================
======== txAdmin v8.0.1 atop fxserver 25770 Starting - 2026/03/22, 11:15:26
================================================================
================================================================
======== txAdmin v8.0.1 atop fxserver 25770 Starting - 2026/03/22, 11:18:08
================================================================
[11:18:11] txAdmin: Logger started
================================================================
======== txAdmin v8.0.1 atop fxserver 25770 Starting - 2026/03/22, 11:25:31
================================================================
[11:25:36] txAdmin: Logger started
[11:29:38] [YyPPk#1] Joshua Sprigs: joined with identifiers [license:7df1…5909, xbl:2535…2995, live:1055…0914, discord:5336…1534, fivem:2412049, license2:da0e…971c]
[11:29:56] [YyPPk#1] Joshua Sprigs: said "/-openInventory"
[11:30:09] [YyPPk#1] Joshua Sprigs: enabled noclip
[11:34:18] [YyPPk#1] Joshua Sprigs: said "/-openInventory"
[11:42:31] [YyPPk#1] Joshua Sprigs: became mortal (standard mode)
[11:43:09] [YyPPk#1] Joshua Sprigs: said "/-openInventory"
[11:43:15] [YyPPk#1] Joshua Sprigs: said "/-placeItem"
[11:43:16] [YyPPk#1] Joshua Sprigs: said "/-openInventory"
[11:43:23] [YyPPk#1] Joshua Sprigs: said "/-placeItem"
[11:43:25] [YyPPk#1] Joshua Sprigs: said "/-openInventory"
[11:43:39] [YyPPk#1] Joshua Sprigs: said "/-openInventory"
[11:43:44] [YyPPk#1] Joshua Sprigs: enabled noclip
[11:43:53] [YyPPk#1] Joshua Sprigs: became mortal (standard mode)
[11:43:56] [YyPPk#1] Joshua Sprigs: said "/-openInventory"
[11:46:17] [YyPPk#1] Joshua Sprigs: said "/-openInventory"
[11:46:21] [YyPPk#1] Joshua Sprigs: said "/-placeItem"
[11:46:22] [YyPPk#1] Joshua Sprigs: said "/-openInventory"
[11:47:15] [YyPPk#1] Joshua Sprigs: said "/-openInventory"
[11:47:23] [YyPPk#1] Joshua Sprigs: said "/-openInventory"
[11:51:05] [YyPPk#1] Joshua Sprigs: said "/-openInventory"
[11:53:23] [YyPPk#1] Joshua Sprigs: said "/-openInventory"
[11:53:32] [YyPPk#1] Joshua Sprigs: said "/-openInventory"
[11:53:39] [YyPPk#1] Joshua Sprigs: said "/-openInventory"
[12:04:50] [YyPPk#1] Joshua Sprigs: said "/-openInventory"
[12:09:49] [YyPPk#2] Baki Hanma: joined with identifiers [license:4dab…66e9, xbl:2535…0714, live:9851…2806, discord:1050…3900, fivem:11168673, license2:7a11…c2e5]
[12:10:25] [YyPPk#1] Joshua Sprigs: said "/-openInventory"
[12:10:43] [YyPPk#1] Joshua Sprigs: said "/-openInventory"
[12:10:45] [YyPPk#1] Joshua Sprigs: teleported to player [#2] Baki Hanma (x=657.719, y=457.345, z=144.634)
[12:10:53] [YyPPk#1] Joshua Sprigs: said "/-openInventory"
[12:10:59] [YyPPk#1] Joshua Sprigs: said "/-openInventory"
[12:11:01] [YyPPk#1] Joshua Sprigs: said "/-openInventory"
[12:11:47] [YyPPk#1] Joshua Sprigs: said "/-openInventory"
[12:11:48] [YyPPk#1] Joshua Sprigs: said "/-openInventory"
[12:11:56] [YyPPk#1] Joshua Sprigs: said "/-openInventory"
[12:12:02] [YyPPk#1] Joshua Sprigs: said "/-placeItem"
[12:12:03] [YyPPk#1] Joshua Sprigs: said "/-openInventory"
[12:12:07] [YyPPk#1] Joshua Sprigs: said "/-openInventory"
[12:12:11] [YyPPk#2] Baki Hanma: said "/-openInventory"
[12:12:55] [YyPPk#2] Baki Hanma: said "/-openInventory"
[12:13:10] [YyPPk#1] Joshua Sprigs: said "/-openInventory"
[12:13:20] [YyPPk#2] Baki Hanma: said "/-openInventory"
[12:13:31] [YyPPk#2] Baki Hanma: said "/-openInventory"
[12:13:46] [YyPPk#1] Joshua Sprigs: said "/-openInventory"
[12:13:49] [YyPPk#2] Baki Hanma: said "/-openInventory"
[12:14:01] [YyPPk#2] Baki Hanma: said "/-placeItem"
[12:14:01] [YyPPk#2] Baki Hanma: said "/-placeItem"
[12:14:02] [YyPPk#2] Baki Hanma: said "/-openInventory"
[12:14:11] [YyPPk#2] Baki Hanma: said "/-openInventory"
[12:14:21] [YyPPk#1] Joshua Sprigs: said "/-openInventory"
[12:14:26] [YyPPk#1] Joshua Sprigs: said "/-openInventory"
[12:14:31] [YyPPk#1] Joshua Sprigs: said "/-placeItem"
[12:14:32] [YyPPk#1] Joshua Sprigs: said "/-openInventory"
[12:15:33] [YyPPk#2] Baki Hanma: said "/-placeItem"
[12:15:34] [YyPPk#2] Baki Hanma: said "/-placeItem"
[12:15:34] [YyPPk#2] Baki Hanma: said "/-placeItem"
[12:15:36] [YyPPk#2] Baki Hanma: said "/-placeItem"
[12:15:37] [YyPPk#2] Baki Hanma: said "/-placeItem"
[12:15:44] [YyPPk#1] Joshua Sprigs: said "/-openInventory"
[12:15:48] [YyPPk#2] Baki Hanma: said "/-placeItem"
[12:15:48] [YyPPk#2] Baki Hanma: said "/-placeItem"
[12:15:48] [YyPPk#2] Baki Hanma: said "/-placeItem"
[12:15:49] [YyPPk#2] Baki Hanma: said "/-placeItem"
[12:15:49] [YyPPk#2] Baki Hanma: said "/-placeItem"
[12:15:49] [YyPPk#2] Baki Hanma: said "/-placeItem"
[12:17:27] [YyPPk#2] Baki Hanma: said "/-placeItem"
[12:17:28] [YyPPk#2] Baki Hanma: said "/-placeItem"
[12:17:28] [YyPPk#2] Baki Hanma: said "/-placeItem"
[12:17:28] [YyPPk#2] Baki Hanma: said "/-placeItem"
[12:17:28] [YyPPk#2] Baki Hanma: said "/-placeItem"
[12:17:28] [YyPPk#2] Baki Hanma: said "/-placeItem"
[12:17:28] [YyPPk#2] Baki Hanma: said "/-placeItem"
[12:17:29] [YyPPk#2] Baki Hanma: said "/-placeItem"
[12:17:29] [YyPPk#2] Baki Hanma: said "/-placeItem"
[12:17:29] [YyPPk#2] Baki Hanma: said "/-placeItem"
[12:17:29] [YyPPk#2] Baki Hanma: said "/-placeItem"
[12:17:29] [YyPPk#2] Baki Hanma: said "/-placeItem"
[12:17:29] [YyPPk#2] Baki Hanma: said "/-placeItem"
[12:17:29] [YyPPk#2] Baki Hanma: said "/-placeItem"
[12:17:30] [YyPPk#2] Baki Hanma: said "/-placeItem"
[12:17:30] [YyPPk#2] Baki Hanma: said "/-placeItem"
[12:17:30] [YyPPk#2] Baki Hanma: said "/-placeItem"
[12:17:30] [YyPPk#2] Baki Hanma: said "/-placeItem"
[12:17:30] [YyPPk#2] Baki Hanma: said "/-placeItem"
[12:17:30] [YyPPk#2] Baki Hanma: said "/-placeItem"
[12:17:31] [YyPPk#2] Baki Hanma: said "/-placeItem"
[12:17:31] [YyPPk#2] Baki Hanma: said "/-placeItem"
[12:17:31] [YyPPk#2] Baki Hanma: said "/-placeItem"
[12:17:32] [YyPPk#2] Baki Hanma: said "/-placeItem"
[12:17:37] [YyPPk#1] Joshua Sprigs: said "/-openInventory"
[12:17:46] [YyPPk#1] Joshua Sprigs: said "/-openInventory"
[12:17:54] [YyPPk#2] Baki Hanma: said "/-openInventory"
[12:17:56] [YyPPk#1] Joshua Sprigs: said "/-openInventory"
[12:19:09] [YyPPk#1] Joshua Sprigs: said "/-openInventory"
[12:24:59] [YyPPk#1] Joshua Sprigs: said "/-openInventory"
[12:25:10] [YyPPk#1] Joshua Sprigs: said "/-openInventory"
[12:25:28] [YyPPk#1] Joshua Sprigs: said "/-openInventory"
[12:25:32] [YyPPk#1] Joshua Sprigs: said "/-openInventory"
[12:25:37] [YyPPk#1] Joshua Sprigs: said "/-openInventory"
[12:25:47] [YyPPk#2] Baki Hanma: disconnected (Exiting)
[12:25:49] [YyPPk#1] Joshua Sprigs: disconnected (Exiting)
================================================================
======== txAdmin v8.0.1 atop fxserver 25770 Starting - 2026/03/22, 20:13:03
================================================================
[20:13:08] txAdmin: Logger started
[20:15:42] [VgiXz#1] Joshua Sprigs: joined with identifiers [license:7df1…5909, xbl:2535…2995, live:1055…0914, discord:5336…1534, fivem:2412049, license2:da0e…971c]
[20:16:06] [VgiXz#1] Joshua Sprigs: said "/-openInventory"
[20:16:09] [VgiXz#1] Joshua Sprigs: said "/-placeItem"
[20:16:10] [VgiXz#1] Joshua Sprigs: said "/-openInventory"
[20:17:41] [VgiXz#1] Joshua Sprigs: said "/-openInventory"
[20:18:28] [VgiXz#1] Joshua Sprigs: said "/-openInventory"
[20:18:34] [VgiXz#1] Joshua Sprigs: said "/-openInventory"
[20:18:36] [VgiXz#1] Joshua Sprigs: said "/-openInventory"
[20:18:47] [VgiXz#1] Joshua Sprigs: said "/-openInventory"
[20:18:53] [VgiXz#1] Joshua Sprigs: said "/-openInventory"
[20:20:16] [VgiXz#1] Joshua Sprigs: said "/-openInventory"
[20:20:20] [VgiXz#1] Joshua Sprigs: said "/-placeItem"
[20:21:26] [VgiXz#1] Joshua Sprigs: said "/-openInventory"
[20:21:30] [VgiXz#1] Joshua Sprigs: said "/-placeItem"
[20:21:31] [VgiXz#1] Joshua Sprigs: said "/-openInventory"
[20:21:52] [VgiXz#1] Joshua Sprigs: said "/-openInventory"
[20:22:02] [VgiXz#1] Joshua Sprigs: said "/-openInventory"
[20:22:06] [VgiXz#1] Joshua Sprigs: said "/-placeItem"
[20:22:07] [VgiXz#1] Joshua Sprigs: said "/-openInventory"
[20:22:22] [VgiXz#1] Joshua Sprigs: said "/-openInventory"
[20:22:25] [VgiXz#1] Joshua Sprigs: said "/-placeItem"
[20:22:26] [VgiXz#1] Joshua Sprigs: said "/-openInventory"
[20:22:31] [VgiXz#1] Joshua Sprigs: said "/-openInventory"
[20:22:35] [VgiXz#1] Joshua Sprigs: said "/-openInventory"
[20:22:38] [VgiXz#1] Joshua Sprigs: said "/-openInventory"
[20:22:40] [VgiXz#1] Joshua Sprigs: said "/-openInventory"
[20:23:29] [VgiXz#1] Joshua Sprigs: said "/-openInventory"
[20:23:32] [VgiXz#1] Joshua Sprigs: said "/-placeItem"
[20:23:32] [VgiXz#1] Joshua Sprigs: said "/-openInventory"
[20:24:16] [VgiXz#1] Joshua Sprigs: said "/-openInventory"
[20:24:18] [VgiXz#1] Joshua Sprigs: said "/-placeItem"
[20:24:19] [VgiXz#1] Joshua Sprigs: said "/-openInventory"
[20:26:28] [VgiXz#1] Joshua Sprigs: said "/-openInventory"
[20:26:31] [VgiXz#1] Joshua Sprigs: said "/-openInventory"
[20:43:47] [VgiXz#1] Joshua Sprigs: said "/-openInventory"
[20:43:53] [VgiXz#1] Joshua Sprigs: said "/-placeItem"
[20:43:55] [VgiXz#1] Joshua Sprigs: said "/-openInventory"
[20:43:57] [VgiXz#1] Joshua Sprigs: said "/-openInventory"
[20:44:06] [VgiXz#1] Joshua Sprigs: said "/-openInventory"
[20:44:10] [VgiXz#1] Joshua Sprigs: said "/-openInventory"
[20:44:16] [VgiXz#1] Joshua Sprigs: said "/-openInventory"
[21:09:30] txAdmin: Logger started
[21:12:35] [wnkCy#1] Joshua Sprigs: joined with identifiers [license:7df1…5909, xbl:2535…2995, live:1055…0914, discord:5336…1534, fivem:2412049, license2:da0e…971c]
[21:13:04] [wnkCy#1] Joshua Sprigs: said "/-openInventory"
[21:13:07] [wnkCy#1] Joshua Sprigs: said "/-placeItem"
[21:13:08] [wnkCy#1] Joshua Sprigs: said "/-openInventory"
[21:13:11] [wnkCy#1] Joshua Sprigs: said "/-openInventory"
[21:13:23] [wnkCy#1] Joshua Sprigs: said "/-openInventory"
[21:14:39] [wnkCy#1] Joshua Sprigs: enabled noclip
[21:14:54] [wnkCy#1] Joshua Sprigs: became mortal (standard mode)
[21:15:01] [wnkCy#1] Joshua Sprigs: said "/-openInventory"
[21:15:37] [wnkCy#1] Joshua Sprigs: disconnected (Server->client connection timed out. Last seen 128 msec ago.)
[21:15:51] txAdmin: Logger started
[21:17:31] [aGhEF#1] Joshua Sprigs: joined with identifiers [license:7df1…5909, xbl:2535…2995, live:1055…0914, discord:5336…1534, fivem:2412049, license2:da0e…971c]
[21:18:54] [aGhEF#1] Joshua Sprigs: said "/-openInventory"
[21:18:59] [aGhEF#1] Joshua Sprigs: said "/-placeItem"
[21:19:01] [aGhEF#1] Joshua Sprigs: said "/-openInventory"
[21:19:04] [aGhEF#1] Joshua Sprigs: said "/-openInventory"
[21:19:14] [aGhEF#1] Joshua Sprigs: said "/-openInventory"
[21:20:01] [aGhEF#1] Joshua Sprigs: disconnected (Exiting)
[21:20:37] [aGhEF#2] Joshua Sprigs: joined with identifiers [license:7df1…5909, xbl:2535…2995, live:1055…0914, discord:5336…1534, fivem:2412049, license2:da0e…971c]
[21:21:43] [aGhEF#2] Joshua Sprigs: said "/-openInventory"
[21:21:53] [aGhEF#2] Joshua Sprigs: said "/-openInventory"
[21:21:56] [aGhEF#2] Joshua Sprigs: said "/-openInventory"
[21:21:59] [aGhEF#2] Joshua Sprigs: enabled noclip
[21:22:07] [aGhEF#2] Joshua Sprigs: became mortal (standard mode)
[21:22:07] [aGhEF#2] Joshua Sprigs: enabled noclip
[21:22:08] [aGhEF#2] Joshua Sprigs: became mortal (standard mode)
[21:22:09] [aGhEF#2] Joshua Sprigs: said "/-openInventory"
[21:22:46] [aGhEF#2] Joshua Sprigs: said "/-openInventory"
[21:22:48] [aGhEF#2] Joshua Sprigs: said "/-openInventory"
[21:22:52] [aGhEF#2] Joshua Sprigs: said "/-openInventory"
[21:22:56] [aGhEF#2] Joshua Sprigs: said "/-openInventory"
[21:22:59] [aGhEF#2] Joshua Sprigs: said "/-placeItem"
[21:23:00] [aGhEF#2] Joshua Sprigs: said "/-openInventory"
[21:23:50] [aGhEF#2] Joshua Sprigs: said "/-openInventory"
[21:24:34] [aGhEF#2] Joshua Sprigs: said "/-openInventory"
[21:24:39] [aGhEF#2] Joshua Sprigs: said "/-openInventory"
[21:24:42] [aGhEF#2] Joshua Sprigs: said "/-openInventory"
[21:26:02] [aGhEF#2] Joshua Sprigs: said "/-openInventory"
[21:26:04] [aGhEF#2] Joshua Sprigs: said "/-openInventory"
[21:26:06] [aGhEF#2] Joshua Sprigs: said "/-placeItem"
[21:26:08] [aGhEF#2] Joshua Sprigs: said "/-openInventory"
[21:27:12] [aGhEF#2] Joshua Sprigs: said "/-openInventory"
[21:27:19] [aGhEF#2] Joshua Sprigs: said "/-openInventory"
[21:27:24] [aGhEF#2] Joshua Sprigs: said "/-openInventory"
[21:27:32] [aGhEF#2] Joshua Sprigs: said "/-openInventory"
[21:27:37] [aGhEF#2] Joshua Sprigs: spawned a vehicle (model: issi5)
[21:27:40] [aGhEF#2] Joshua Sprigs: said "/-openInventory"
[21:27:41] [aGhEF#2] Joshua Sprigs: said "/-openInventory"
[21:27:52] [aGhEF#2] Joshua Sprigs: deleted a vehicle
[21:27:54] [aGhEF#2] Joshua Sprigs: said "/-openInventory"
[21:27:55] [aGhEF#2] Joshua Sprigs: said "/-openInventory"
[21:28:04] [aGhEF#2] Joshua Sprigs: said "/-openInventory"
[21:28:09] [aGhEF#2] Joshua Sprigs: spawned a vehicle (model: sc1)
[21:28:17] [aGhEF#2] Joshua Sprigs: deleted a vehicle
[21:28:19] [aGhEF#2] Joshua Sprigs: spawned a vehicle (model: nemesis)
[21:28:21] [aGhEF#2] Joshua Sprigs: said "/-openInventory"
[21:28:22] [aGhEF#2] Joshua Sprigs: said "/-openInventory"
[21:28:33] [aGhEF#2] Joshua Sprigs: said "/-openInventory"
[21:30:06] [aGhEF#2] Joshua Sprigs: said "/-openInventory"
[21:30:17] [aGhEF#2] Joshua Sprigs: said "/-openInventory"
[21:30:20] [aGhEF#2] Joshua Sprigs: said "/-openInventory"
[21:30:33] [aGhEF#2] Joshua Sprigs: said "/-openInventory"
[21:32:10] [aGhEF#2] Joshua Sprigs: said "/-openInventory"
[21:32:19] [aGhEF#2] Joshua Sprigs: said "/-openInventory"
[21:37:38] [aGhEF#2] Joshua Sprigs: said "/-openInventory"
[21:37:54] [aGhEF#2] Joshua Sprigs: said "/-openInventory"
[21:37:57] [aGhEF#2] Joshua Sprigs: said "/-openInventory"
[21:38:07] [aGhEF#2] Joshua Sprigs: said "/-openInventory"
[21:38:10] [aGhEF#2] Joshua Sprigs: said "/-openInventory"
[21:38:21] [aGhEF#2] Joshua Sprigs: said "/-openInventory"
[21:39:33] [aGhEF#2] Joshua Sprigs: spawned a vehicle (model: f620)
[21:39:36] [aGhEF#2] Joshua Sprigs: said "/-openInventory"
[21:39:36] [aGhEF#2] Joshua Sprigs: said "/-openInventory"
[21:39:50] [aGhEF#2] Joshua Sprigs: said "/-openInventory"
[21:45:13] [aGhEF#2] Joshua Sprigs: said "/-openInventory"
[21:45:21] [aGhEF#2] Joshua Sprigs: said "/-openInventory"
[21:45:24] [aGhEF#2] Joshua Sprigs: said "/-openInventory"
[21:45:29] [aGhEF#2] Joshua Sprigs: said "/-openInventory"
[21:45:37] [aGhEF#2] Joshua Sprigs: said "/-openInventory"
[21:45:45] [aGhEF#2] Joshua Sprigs: said "/-openInventory"
[21:45:49] [aGhEF#2] Joshua Sprigs: said "/-openInventory"
[21:45:53] [aGhEF#2] Joshua Sprigs: spawned a vehicle (model: volatus)
[21:45:56] [aGhEF#2] Joshua Sprigs: said "/-openInventory"
[21:45:56] [aGhEF#2] Joshua Sprigs: said "/-openInventory"
[21:46:10] [aGhEF#2] Joshua Sprigs: said "/-openInventory"
[21:46:32] [aGhEF#2] Joshua Sprigs: said "/-openInventory"
[21:46:39] [aGhEF#2] Joshua Sprigs: said "/-openInventory"
[21:46:42] [aGhEF#2] Joshua Sprigs: said "/-openInventory"
[21:46:51] [aGhEF#2] Joshua Sprigs: said "/-openInventory"
[21:47:12] [aGhEF#2] Joshua Sprigs: said "/-openInventory"
[21:47:20] [aGhEF#2] Joshua Sprigs: said "/-openInventory"
[21:47:22] [aGhEF#2] Joshua Sprigs: said "/-openInventory"
[21:47:30] [aGhEF#2] Joshua Sprigs: said "/-openInventory"
[21:47:55] [aGhEF#2] Joshua Sprigs: said "/-openInventory"
[21:48:04] [aGhEF#2] Joshua Sprigs: said "/-openInventory"
[21:48:27] [aGhEF#2] Joshua Sprigs: said "/-openInventory"
[21:48:31] [aGhEF#2] Joshua Sprigs: said "/-placeItem"
[21:48:33] [aGhEF#2] Joshua Sprigs: said "/-openInventory"
[21:49:09] [aGhEF#2] Joshua Sprigs: said "/-openInventory"
[21:49:12] [aGhEF#2] Joshua Sprigs: said "/-placeItem"
[21:49:13] [aGhEF#2] Joshua Sprigs: said "/-openInventory"
[22:38:35] [aGhEF#2] Joshua Sprigs: said "/-openInventory"
[22:38:43] [aGhEF#2] Joshua Sprigs: said "/-openInventory"
[22:38:47] [aGhEF#2] Joshua Sprigs: said "/-openInventory"
[22:39:01] [aGhEF#2] Joshua Sprigs: said "/-openInventory"
[22:39:10] [aGhEF#2] Joshua Sprigs: said "/-openInventory"
[22:39:17] [aGhEF#2] Joshua Sprigs: said "/-openInventory"
[22:39:23] [aGhEF#2] Joshua Sprigs: said "/-openInventory"
[22:39:31] [aGhEF#2] Joshua Sprigs: said "/-openInventory"
[22:40:04] [aGhEF#2] Joshua Sprigs: said "/-openInventory"
[22:40:44] [aGhEF#2] Joshua Sprigs: said "/-openInventory"
[22:40:49] [aGhEF#2] Joshua Sprigs: said "/-openInventory"
[22:40:50] [aGhEF#2] Joshua Sprigs: said "/-openInventory"
[22:40:53] [aGhEF#2] Joshua Sprigs: said "/-openInventory"
[22:41:36] [aGhEF#2] Joshua Sprigs: said "/-openInventory"
[22:41:40] [aGhEF#2] Joshua Sprigs: said "/-openInventory"
[22:41:48] [aGhEF#2] Joshua Sprigs: said "/-openInventory"
[22:42:48] [aGhEF#2] Joshua Sprigs: said "/-openInventory"
[22:43:04] [aGhEF#2] Joshua Sprigs: said "/-openInventory"
[22:44:43] [aGhEF#2] Joshua Sprigs: died from suicide (Pump Shotgun)
[22:44:58] [aGhEF#2] Joshua Sprigs: said "/-openInventory"
[22:44:59] [aGhEF#2] Joshua Sprigs: said "/-openInventory"
[22:45:01] [aGhEF#2] Joshua Sprigs: said "/-placeItem"
[22:45:01] [aGhEF#2] Joshua Sprigs: said "/-openInventory"
[22:45:10] [aGhEF#2] Joshua Sprigs: said "/-openInventory"
[22:45:16] [aGhEF#2] Joshua Sprigs: said "/-openInventory"
[22:46:38] [aGhEF#2] Joshua Sprigs: said "/-openInventory"
[22:46:44] [aGhEF#2] Joshua Sprigs: said "/-openInventory"
[22:46:59] [aGhEF#2] Joshua Sprigs: said "/-openInventory"
[22:47:07] [aGhEF#2] Joshua Sprigs: said "/-openInventory"
[22:47:54] [aGhEF#2] Joshua Sprigs: said "/-openInventory"
[22:48:06] [aGhEF#2] Joshua Sprigs: said "/-openInventory"
[22:48:14] [aGhEF#2] Joshua Sprigs: said "/-openInventory"
[22:48:21] [aGhEF#2] Joshua Sprigs: said "/-openInventory"
[22:48:29] [aGhEF#2] Joshua Sprigs: said "/-openInventory"
[22:48:31] [aGhEF#2] Joshua Sprigs: enabled noclip
[22:50:01] [aGhEF#2] Joshua Sprigs: became mortal (standard mode)
[22:50:51] [aGhEF#2] Joshua Sprigs: said "/-openInventory"
[22:51:00] [aGhEF#2] Joshua Sprigs: said "/-openInventory"
[22:51:02] [aGhEF#2] Joshua Sprigs: said "/-openInventory"
[22:51:06] [aGhEF#2] Joshua Sprigs: said "/-openInventory"
[22:51:14] [aGhEF#2] Joshua Sprigs: said "/-openInventory"
[22:51:25] [aGhEF#2] Joshua Sprigs: said "/-openInventory"
[22:51:33] [aGhEF#2] Joshua Sprigs: said "/-openInventory"
[22:51:46] [aGhEF#2] Joshua Sprigs: said "/-openInventory"
[22:51:49] [aGhEF#2] Joshua Sprigs: said "/-openInventory"
[22:51:58] [aGhEF#2] Joshua Sprigs: said "/-openInventory"
[22:52:44] [aGhEF#2] Joshua Sprigs: said "/-openInventory"
[22:52:45] [aGhEF#2] Joshua Sprigs: said "/-openInventory"
[22:52:48] [aGhEF#2] Joshua Sprigs: said "/-openInventory"
[22:52:50] [aGhEF#2] Joshua Sprigs: said "/-openInventory"
[22:52:51] [aGhEF#2] Joshua Sprigs: said "/-openInventory"
[22:52:53] [aGhEF#2] Joshua Sprigs: said "/-openInventory"
[22:52:54] [aGhEF#2] Joshua Sprigs: said "/-openInventory"
[22:52:56] [aGhEF#2] Joshua Sprigs: said "/-openInventory"
[22:52:57] [aGhEF#2] Joshua Sprigs: said "/-openInventory"
[22:53:05] [aGhEF#2] Joshua Sprigs: said "/-openInventory"
[22:53:09] [aGhEF#2] Joshua Sprigs: said "/-openInventory"
[22:53:11] [aGhEF#2] Joshua Sprigs: said "/-openInventory"
[22:53:25] [aGhEF#2] Joshua Sprigs: said "/-openInventory"
[22:53:26] [aGhEF#2] Joshua Sprigs: said "/-openInventory"
[22:53:30] [aGhEF#2] Joshua Sprigs: said "/-openInventory"
[22:54:31] [aGhEF#2] Joshua Sprigs: said "/-openInventory"
[22:54:34] [aGhEF#2] Joshua Sprigs: said "/-openInventory"
[22:54:52] [aGhEF#2] Joshua Sprigs: said "/-openInventory"
[22:55:00] [aGhEF#2] Joshua Sprigs: said "/-openInventory"
[22:55:48] [aGhEF#2] Joshua Sprigs: said "/-openInventory"
[22:56:23] [aGhEF#2] Joshua Sprigs: said "/-openInventory"
[22:56:25] [aGhEF#2] Joshua Sprigs: said "/-openInventory"
[22:57:14] [aGhEF#2] Joshua Sprigs: said "/-openInventory"
[22:58:01] [aGhEF#2] Joshua Sprigs: said "/-openInventory"
[22:58:16] [aGhEF#2] Joshua Sprigs: said "/-openInventory"
[22:58:19] [aGhEF#2] Joshua Sprigs: said "/-openInventory"
[22:58:26] [aGhEF#2] Joshua Sprigs: said "/-openInventory"
[22:58:44] [aGhEF#2] Joshua Sprigs: said "/-openInventory"
[22:58:51] [aGhEF#2] Joshua Sprigs: said "/-openInventory"
[23:03:44] [aGhEF#2] Joshua Sprigs: said "/-openInventory"
[23:03:59] [aGhEF#2] Joshua Sprigs: said "/-openInventory"
[23:04:00] [aGhEF#2] Joshua Sprigs: said "/-openInventory"
[23:04:17] [aGhEF#2] Joshua Sprigs: said "/-openInventory"
[23:04:26] [aGhEF#2] Joshua Sprigs: said "/-openInventory"
[23:04:52] [aGhEF#2] Joshua Sprigs: said "/-openInventory"
[23:05:36] [aGhEF#2] Joshua Sprigs: said "/-openInventory"
[23:05:38] [aGhEF#2] Joshua Sprigs: said "/-openInventory"
[23:05:41] [aGhEF#2] Joshua Sprigs: said "/-openInventory"
[23:05:42] [aGhEF#2] Joshua Sprigs: said "/-openInventory"
[23:05:43] [aGhEF#2] Joshua Sprigs: said "/-openInventory"
[23:06:51] [aGhEF#2] Joshua Sprigs: said "/-openInventory"
[23:06:59] [aGhEF#2] Joshua Sprigs: said "/-openInventory"
[23:07:01] [aGhEF#2] Joshua Sprigs: said "/-openInventory"
[23:07:02] [aGhEF#2] Joshua Sprigs: said "/-openInventory"
[23:07:03] [aGhEF#2] Joshua Sprigs: said "/-openInventory"
[23:07:04] [aGhEF#2] Joshua Sprigs: said "/-openInventory"
[23:07:05] [aGhEF#2] Joshua Sprigs: said "/-openInventory"
[23:07:05] [aGhEF#2] Joshua Sprigs: said "/-openInventory"
[23:07:07] [aGhEF#2] Joshua Sprigs: said "/-openInventory"
[23:07:08] [aGhEF#2] Joshua Sprigs: said "/-openInventory"
[23:07:14] [aGhEF#2] Joshua Sprigs: said "/-openInventory"
[23:07:20] [aGhEF#2] Joshua Sprigs: said "/-openInventory"
[23:07:41] [aGhEF#2] Joshua Sprigs: said "/-openInventory"
[23:07:53] [aGhEF#2] Joshua Sprigs: said "/-openInventory"
