================================================================
======== Log Rotated - 2026/03/12, 00:00:00                     
================================================================
================================================================
======== txAdmin v8.0.1 atop fxserver 25770 Starting - 2026/03/12, 09:23:12
================================================================
[09:23:17] txAdmin: Logger started
[09:24:04] [LfniD#1] Joshua Sprigs: joined with identifiers [license:f769…dc77, xbl:2535…2995, live:1055…0914, discord:5336…1534, fivem:2412049, license2:add9…f88f]
[09:24:21] [LfniD#1] Joshua Sprigs: said "/-openInventory"
[09:24:22] [LfniD#1] Joshua Sprigs: said "/-openInventory"
[09:24:22] [LfniD#1] Joshua Sprigs: said "/-openInventory"
[09:24:22] [LfniD#1] Joshua Sprigs: said "/-openInventory"
[09:28:10] [LfniD#1] Joshua Sprigs: disconnected (Disconnected.)
[09:28:31] [LfniD#2] Joshua Sprigs: joined with identifiers [license:f769…dc77, xbl:2535…2995, live:1055…0914, discord:5336…1534, fivem:2412049, license2:add9…f88f]
[09:28:46] [LfniD#2] Joshua Sprigs: said "/-openInventory"
[09:29:04] [LfniD#2] Joshua Sprigs: said "/-openInventory"
[09:31:26] [LfniD#2] Joshua Sprigs: said "/-openInventory"
[09:31:27] [LfniD#2] Joshua Sprigs: said "/-openInventory"
[09:33:30] [LfniD#2] Joshua Sprigs: said "/-openInventory"
[09:34:03] [LfniD#2] Joshua Sprigs: said "/-openInventory"
[09:34:05] [LfniD#2] Joshua Sprigs: said "/-openInventory"
[09:39:50] [LfniD#2] Joshua Sprigs: said "/-openInventory"
[09:49:50] [LfniD#2] Joshua Sprigs: said "/-openInventory"
[09:53:33] [LfniD#2] Joshua Sprigs: said "/-openInventory"
[09:55:48] [LfniD#2] Joshua Sprigs: said "/-openInventory"
[09:57:18] [LfniD#2] Joshua Sprigs: said "/-openInventory"
[09:57:44] [LfniD#2] Joshua Sprigs: said "/-openInventory"
[09:57:45] [LfniD#2] Joshua Sprigs: said "/-openInventory"
[09:57:47] [LfniD#2] Joshua Sprigs: said "/-openInventory"
[09:57:50] [LfniD#2] Joshua Sprigs: said "/-openInventory"
[09:58:07] [LfniD#2] Joshua Sprigs: said "/-openInventory"
[09:58:12] [LfniD#2] Joshua Sprigs: said "/-openInventory"
[10:00:12] [LfniD#2] Joshua Sprigs: said "/-openInventory"
[10:00:13] [LfniD#2] Joshua Sprigs: said "/-openInventory"
[10:01:08] [LfniD#2] Joshua Sprigs: said "/-openInventory"
[10:01:21] [LfniD#2] Joshua Sprigs: said "/-openInventory"
[10:02:34] [LfniD#2] Joshua Sprigs: said "/-openInventory"
[10:04:12] [LfniD#2] Joshua Sprigs: said "/-openInventory"
[10:04:31] [LfniD#2] Joshua Sprigs: said "/-openInventory"
[10:05:04] [LfniD#2] Joshua Sprigs: said "/-openInventory"
[10:05:38] [LfniD#2] Joshua Sprigs: said "/-openInventory"
[10:05:41] [LfniD#2] Joshua Sprigs: said "/-openInventory"
[10:05:42] [LfniD#2] Joshua Sprigs: said "/-openInventory"
[10:05:44] [LfniD#2] Joshua Sprigs: said "/-openInventory"
[10:06:03] [LfniD#2] Joshua Sprigs: enabled noclip
[10:06:06] [LfniD#2] Joshua Sprigs: said "/-openInventory"
[10:06:36] [LfniD#2] Joshua Sprigs: became mortal (standard mode)
[10:06:59] [LfniD#2] Joshua Sprigs: said "/-openInventory"
[10:07:07] [LfniD#2] Joshua Sprigs: said "/-openInventory"
[10:09:26] [LfniD#2] Joshua Sprigs: said "/-openInventory"
[10:13:11] [LfniD#2] Joshua Sprigs: enabled noclip
[10:13:13] [LfniD#2] Joshua Sprigs: became mortal (standard mode)
[10:13:15] [LfniD#2] Joshua Sprigs: spawned a vehicle (model: buzzard2)
[10:16:21] [LfniD#2] Joshua Sprigs: enabled noclip
[10:16:23] [LfniD#2] Joshua Sprigs: became mortal (standard mode)
[10:16:26] [LfniD#2] Joshua Sprigs: caused an explosion (PLANE)
[10:16:49] [LfniD#2] Joshua Sprigs: enabled noclip
[10:16:57] [LfniD#2] Joshua Sprigs: became mortal (standard mode)
[10:19:39] [LfniD#2] Joshua Sprigs: said "/-openInventory"
[10:42:36] [LfniD#2] Joshua Sprigs: said "/-openInventory"
[10:43:55] [LfniD#2] Joshua Sprigs: said "/-openInventory"
[10:45:59] [LfniD#2] Joshua Sprigs: said "/-openInventory"
[10:46:33] [LfniD#2] Joshua Sprigs: said "/-openInventory"
[10:46:36] [LfniD#2] Joshua Sprigs: said "/-openInventory"
[10:46:40] [LfniD#2] Joshua Sprigs: said "/-openInventory"
[10:48:19] [LfniD#2] Joshua Sprigs: said "/-openInventory"
[10:50:29] [LfniD#2] Joshua Sprigs: said "/-openInventory"
[10:52:34] [LfniD#2] Joshua Sprigs: said "/-openInventory"
[10:52:37] [LfniD#2] Joshua Sprigs: said "/-openInventory"
[10:52:46] [LfniD#2] Joshua Sprigs: said "/-openInventory"
[10:53:02] [LfniD#2] Joshua Sprigs: said "/-openInventory"
[10:53:04] [LfniD#2] Joshua Sprigs: said "/-openInventory"
[10:53:17] [LfniD#2] Joshua Sprigs: said "/-openInventory"
[10:53:33] [LfniD#2] Joshua Sprigs: said "/-openInventory"
[10:54:08] [LfniD#2] Joshua Sprigs: said "/-openInventory"
[11:08:00] [LfniD#2] Joshua Sprigs: said "/-openInventory"
[11:10:17] [LfniD#2] Joshua Sprigs: said "/-openInventory"
[11:10:35] [LfniD#2] Joshua Sprigs: said "/-openInventory"
[11:18:31] [LfniD#2] Joshua Sprigs: said "/-openInventory"
[11:23:25] [LfniD#2] Joshua Sprigs: said "/-openInventory"
[11:29:15] [LfniD#2] Joshua Sprigs: said "/-openInventory"
[11:32:25] [LfniD#2] Joshua Sprigs: said "/-openInventory"
[11:34:33] [LfniD#2] Joshua Sprigs: said "/-openInventory"
[11:34:48] [LfniD#2] Joshua Sprigs: said "/-openInventory"
[11:35:07] [LfniD#2] Joshua Sprigs: enabled noclip
[11:35:10] [LfniD#2] Joshua Sprigs: became mortal (standard mode)
[11:35:13] [LfniD#2] Joshua Sprigs: spawned a vehicle (model: sultan3)
[11:35:26] [LfniD#2] Joshua Sprigs: said "/-openInventory"
[11:35:33] [LfniD#2] Joshua Sprigs: said "/-openInventory"
[11:36:55] [LfniD#2] Joshua Sprigs: said "/-openInventory"
[11:37:05] [LfniD#2] Joshua Sprigs: said "/-openInventory"
[11:38:31] [LfniD#2] Joshua Sprigs: enabled noclip
[11:38:38] [LfniD#2] Joshua Sprigs: became mortal (standard mode)
[11:38:47] [LfniD#2] Joshua Sprigs: said "/-openInventory"
[11:46:21] [LfniD#2] Joshua Sprigs: enabled noclip
[11:46:26] [LfniD#2] Joshua Sprigs: became mortal (standard mode)
[11:46:27] [LfniD#2] Joshua Sprigs: repaired their vehicle
[11:47:12] [LfniD#2] Joshua Sprigs: said "/-openInventory"
[11:48:34] [LfniD#2] Joshua Sprigs: deleted a vehicle
[11:48:35] [LfniD#2] Joshua Sprigs: disconnected (Server->client connection timed out. Last seen 31 msec ago.)
[12:00:11] [LfniD#3] Joshua Sprigs: joined with identifiers [license:f769…dc77, xbl:2535…2995, live:1055…0914, discord:5336…1534, fivem:2412049, license2:add9…f88f]
[12:00:26] [LfniD#3] Joshua Sprigs: said "/-openInventory"
[12:00:31] [LfniD#3] Joshua Sprigs: said "/-openInventory"
[12:00:40] [LfniD#3] Joshua Sprigs: enabled noclip
[12:02:13] [LfniD#3] Joshua Sprigs: became mortal (standard mode)
[12:02:15] [LfniD#3] Joshua Sprigs: spawned a vehicle (model: buzzard2)
[12:03:24] [LfniD#3] Joshua Sprigs: deleted a vehicle
[12:03:25] [LfniD#3] Joshua Sprigs: enabled noclip
[12:03:28] [LfniD#3] Joshua Sprigs: became mortal (standard mode)
[12:03:29] [LfniD#3] Joshua Sprigs: disconnected (Exiting)
[12:51:12] [LfniD#4] Joshua Sprigs: joined with identifiers [license:f769…dc77, xbl:2535…2995, live:1055…0914, discord:5336…1534, fivem:2412049, license2:add9…f88f]
[12:51:50] [LfniD#4] Joshua Sprigs: enabled noclip
[12:51:56] [LfniD#4] Joshua Sprigs: became mortal (standard mode)
[12:51:56] [LfniD#4] Joshua Sprigs: said "/-openInventory"
[12:52:06] [LfniD#4] Joshua Sprigs: spawned a vehicle (model: niobe)
[12:52:21] [LfniD#4] Joshua Sprigs: deleted a vehicle
[12:52:40] [LfniD#4] Joshua Sprigs: spawned a vehicle (model: toros)
[12:53:51] [LfniD#4] Joshua Sprigs: said "/-openInventory"
[12:54:22] [LfniD#4] Joshua Sprigs: deleted a vehicle
[12:55:08] [LfniD#4] Joshua Sprigs: spawned a vehicle (model: entity3)
[12:59:42] [LfniD#4] Joshua Sprigs: repaired their vehicle
[13:06:46] [LfniD#4] Joshua Sprigs: repaired their vehicle
[13:07:33] [LfniD#4] Joshua Sprigs: repaired their vehicle
[13:09:05] [LfniD#4] Joshua Sprigs: repaired their vehicle
[13:09:40] [LfniD#4] Joshua Sprigs: repaired their vehicle
[13:10:34] [LfniD#4] Joshua Sprigs: repaired their vehicle
[13:10:34] [LfniD#4] Joshua Sprigs: healed themself
[13:10:55] [LfniD#4] Joshua Sprigs: repaired their vehicle
[13:11:10] [LfniD#4] Joshua Sprigs: disconnected (Exiting)
================================================================
======== txAdmin v8.0.1 atop fxserver 25770 Starting - 2026/03/12, 13:51:38
================================================================
[13:51:44] txAdmin: Logger started
================================================================
======== txAdmin v8.0.1 atop fxserver 25770 Starting - 2026/03/12, 13:54:18
================================================================
[13:54:21] txAdmin: Logger started
[13:58:03] [gDqDf#1] Joshua Sprigs: joined with identifiers [license:f769…dc77, xbl:2535…2995, live:1055…0914, discord:5336…1534, fivem:2412049, license2:add9…f88f]
[13:58:23] [gDqDf#1] Joshua Sprigs: said "/-openInventory"
[13:59:38] [gDqDf#1] Joshua Sprigs: spawned a vehicle (model: nemesis)
[13:59:40] [gDqDf#1] Joshua Sprigs: deleted a vehicle
[13:59:42] [gDqDf#1] Joshua Sprigs: spawned a vehicle (model: issi5)
[13:59:43] [gDqDf#1] Joshua Sprigs: said "/-openInventory"
[13:59:45] [gDqDf#1] Joshua Sprigs: said "/-openInventory"
[14:00:28] [gDqDf#1] Joshua Sprigs: said "/-openInventory"
[14:00:42] [gDqDf#1] Joshua Sprigs: said "/-openInventory"
[14:01:03] [gDqDf#1] Joshua Sprigs: said "/-openInventory"
[14:04:03] [gDqDf#1] Joshua Sprigs: said "/-openInventory"
[14:04:04] [gDqDf#1] Joshua Sprigs: said "/-openInventory"
[14:04:12] [gDqDf#1] Joshua Sprigs: said "/-openInventory"
[14:04:22] [gDqDf#1] Joshua Sprigs: said "/-openInventory"
[14:06:58] [gDqDf#1] Joshua Sprigs: said "/-openInventory"
[14:07:19] [gDqDf#1] Joshua Sprigs: said "/-openInventory"
[14:07:34] [gDqDf#1] Joshua Sprigs: said "/-openInventory"
[14:07:52] [gDqDf#1] Joshua Sprigs: said "/-openInventory"
[14:08:13] [gDqDf#1] Joshua Sprigs: said "/-openInventory"
[14:08:51] [gDqDf#1] Joshua Sprigs: said "/-openInventory"
[14:09:28] [gDqDf#1] Joshua Sprigs: said "/-openInventory"
[14:09:51] [gDqDf#1] Joshua Sprigs: said "/-openInventory"
[14:12:17] [gDqDf#1] Joshua Sprigs: said "/-openInventory"
[14:14:32] [gDqDf#1] Joshua Sprigs: said "/-openInventory"
[14:14:37] [gDqDf#1] Joshua Sprigs: said "/-openInventory"
[14:15:48] [gDqDf#1] Joshua Sprigs: said "/-openInventory"
[14:16:16] [gDqDf#1] Joshua Sprigs: said "/-openInventory"
[14:16:26] [gDqDf#1] Joshua Sprigs: said "/-openInventory"
[14:18:08] [gDqDf#1] Joshua Sprigs: said "/-openInventory"
[14:18:09] [gDqDf#1] Joshua Sprigs: said "/-openInventory"
[14:18:14] [gDqDf#1] Joshua Sprigs: said "/-openInventory"
[14:19:02] [gDqDf#1] Joshua Sprigs: said "/-openInventory"
[14:29:09] [gDqDf#1] Joshua Sprigs: repaired their vehicle
[14:31:34] [gDqDf#1] Joshua Sprigs: repaired their vehicle
[14:33:12] [gDqDf#1] Joshua Sprigs: repaired their vehicle
[14:33:13] [gDqDf#1] Joshua Sprigs: healed themself
[14:35:07] [gDqDf#1] Joshua Sprigs: disconnected (Exiting)
[15:29:48] [gDqDf#2] Joshua Sprigs: joined with identifiers [license:f769…dc77, xbl:2535…2995, live:1055…0914, discord:5336…1534, fivem:2412049, license2:add9…f88f]
[15:30:08] [gDqDf#2] Joshua Sprigs: said "/-openInventory"
[15:31:00] [gDqDf#2] Joshua Sprigs: said "/-openInventory"
[15:31:13] [gDqDf#2] Joshua Sprigs: said "/-openInventory"
[15:31:34] [gDqDf#2] Joshua Sprigs: said "/-openInventory"
[15:31:42] [gDqDf#2] Joshua Sprigs: said "/-openInventory"
[15:31:47] [gDqDf#2] Joshua Sprigs: said "/-openInventory"
[15:33:18] [gDqDf#2] Joshua Sprigs: said "/-openInventory"
[15:34:45] [gDqDf#2] Joshua Sprigs: said "/-openInventory"
[15:34:51] [gDqDf#2] Joshua Sprigs: said "/testspawn"
[15:35:22] [gDqDf#2] Joshua Sprigs: spawned a vehicle (model: issi5)
[15:35:29] [gDqDf#2] Joshua Sprigs: said "/-openInventory"
[15:35:31] [gDqDf#2] Joshua Sprigs: said "/-openInventory"
[15:37:35] [gDqDf#2] Joshua Sprigs: disconnected (Exiting)
[19:42:55] [gDqDf#3] Joshua Sprigs: joined with identifiers [license:f769…dc77, xbl:2535…2995, live:1055…0914, discord:5336…1534, fivem:2412049, license2:add9…f88f]
[19:43:15] [gDqDf#3] Joshua Sprigs: enabled noclip
[19:43:18] [gDqDf#3] Joshua Sprigs: became mortal (standard mode)
[19:43:20] [gDqDf#3] Joshua Sprigs: spawned a vehicle (model: f620)
[19:43:21] [gDqDf#3] Joshua Sprigs: said "/-openInventory"
[19:43:23] [gDqDf#3] Joshua Sprigs: said "/-openInventory"
[19:43:26] [gDqDf#3] Joshua Sprigs: said "/-openInventory"
[19:45:23] [gDqDf#3] Joshua Sprigs: said "/-openInventory"
[19:45:34] [gDqDf#3] Joshua Sprigs: said "/-openInventory"
[19:48:06] [gDqDf#3] Joshua Sprigs: deleted a vehicle
[19:48:07] [gDqDf#3] Joshua Sprigs: enabled noclip
[19:54:29] [gDqDf#3] Joshua Sprigs: became mortal (standard mode)
[19:54:31] [gDqDf#3] Joshua Sprigs: said "/-openInventory"
[19:54:35] [gDqDf#3] Joshua Sprigs: said "/-openInventory"
[19:55:55] [gDqDf#3] Joshua Sprigs: spawned a vehicle (model: trophytruck)
[19:55:57] [gDqDf#3] Joshua Sprigs: said "/-openInventory"
[19:56:00] [gDqDf#3] Joshua Sprigs: said "/-openInventory"
[19:56:05] [gDqDf#3] Joshua Sprigs: said "/-openInventory"
[19:56:09] [gDqDf#3] Joshua Sprigs: said "/-openInventory"
[19:56:14] [gDqDf#3] Joshua Sprigs: said "/-openInventory"
[19:56:14] [gDqDf#3] Joshua Sprigs: said "/-openInventory"
[19:56:14] [gDqDf#3] Joshua Sprigs: said "/-openInventory"
[19:56:14] [gDqDf#3] Joshua Sprigs: said "/-openInventory"
[19:56:15] [gDqDf#3] Joshua Sprigs: said "/-openInventory"
[19:56:15] [gDqDf#3] Joshua Sprigs: said "/-openInventory"
[19:56:15] [gDqDf#3] Joshua Sprigs: said "/-openInventory"
[19:56:15] [gDqDf#3] Joshua Sprigs: said "/-openInventory"
[19:56:18] [gDqDf#3] Joshua Sprigs: deleted a vehicle
[19:56:21] [gDqDf#3] Joshua Sprigs: spawned a vehicle (model: f620)
[19:56:22] [gDqDf#3] Joshua Sprigs: said "/-openInventory"
[19:56:24] [gDqDf#3] Joshua Sprigs: said "/-openInventory"
[19:56:30] [gDqDf#3] Joshua Sprigs: deleted a vehicle
[19:56:33] [gDqDf#3] Joshua Sprigs: spawned a vehicle (model: caddy)
[19:56:35] [gDqDf#3] Joshua Sprigs: said "/-openInventory"
[19:56:36] [gDqDf#3] Joshua Sprigs: said "/-openInventory"
[19:56:37] [gDqDf#3] Joshua Sprigs: said "/-openInventory"
[19:57:11] [gDqDf#3] Joshua Sprigs: deleted a vehicle
[19:57:14] [gDqDf#3] Joshua Sprigs: spawned a vehicle (model: buzzard2)
[19:57:15] [gDqDf#3] Joshua Sprigs: said "/-openInventory"
[19:57:17] [gDqDf#3] Joshua Sprigs: said "/-openInventory"
[19:57:23] [gDqDf#3] Joshua Sprigs: deleted a vehicle
[19:58:48] [gDqDf#3] Joshua Sprigs: said "/-openInventory"
[20:00:07] [gDqDf#3] Joshua Sprigs: said "/-openInventory"
[20:00:12] [gDqDf#3] Joshua Sprigs: said "/-openInventory"
[20:04:40] [gDqDf#3] Joshua Sprigs: said "/-openInventory"
[20:04:42] [gDqDf#3] Joshua Sprigs: said "/-openInventory"
[20:05:04] [gDqDf#3] Joshua Sprigs: said "/-openInventory"
[20:05:44] [gDqDf#3] Joshua Sprigs: said "/-openInventory"
[20:05:47] [gDqDf#3] Joshua Sprigs: said "/-openInventory"
[20:05:48] [gDqDf#3] Joshua Sprigs: said "/-openInventory"
[20:05:52] [gDqDf#3] Joshua Sprigs: said "/-openInventory"
[20:07:26] [gDqDf#3] Joshua Sprigs: said "/-openInventory"
[20:09:31] [gDqDf#3] Joshua Sprigs: said "/-openInventory"
[20:10:08] [gDqDf#3] Joshua Sprigs: repaired their vehicle
[20:11:13] [gDqDf#3] Joshua Sprigs: enabled noclip
[20:12:22] [gDqDf#3] Joshua Sprigs: became mortal (standard mode)
[20:12:23] [gDqDf#3] Joshua Sprigs: said "/-openInventory"
[20:14:01] [gDqDf#3] Joshua Sprigs: enabled noclip
[20:15:48] [gDqDf#3] Joshua Sprigs: became mortal (standard mode)
[20:15:49] [gDqDf#3] Joshua Sprigs: said "/-openInventory"
[20:16:46] [gDqDf#3] Joshua Sprigs: said "/-openInventory"
[20:16:48] [gDqDf#3] Joshua Sprigs: said "/-openInventory"
[20:16:52] [gDqDf#3] Joshua Sprigs: said "/-openInventory"
[20:17:03] [gDqDf#3] Joshua Sprigs: said "/-openInventory"
[20:17:11] [gDqDf#3] Joshua Sprigs: enabled noclip
[20:17:27] [gDqDf#3] Joshua Sprigs: became mortal (standard mode)
[20:17:34] [gDqDf#3] Joshua Sprigs: said "/-openInventory"
[20:19:07] [gDqDf#3] Joshua Sprigs: said "/-openInventory"
[20:19:08] [gDqDf#3] Joshua Sprigs: said "/-openInventory"
[20:20:39] [gDqDf#3] Joshua Sprigs: said "/-openInventory"
[20:20:43] [gDqDf#3] Joshua Sprigs: said "/-openInventory"
[20:22:30] [gDqDf#3] Joshua Sprigs: said "/-openInventory"
[20:24:10] [gDqDf#3] Joshua Sprigs: said "/-openInventory"
[20:28:41] [gDqDf#3] Joshua Sprigs: spawned a vehicle (model: issi5)
[20:30:05] [gDqDf#3] Joshua Sprigs: said "/-openInventory"
[20:30:12] [gDqDf#3] Joshua Sprigs: said "/-openInventory"
[20:32:05] [gDqDf#3] Joshua Sprigs: said "/-openInventory"
[20:33:39] [gDqDf#3] Joshua Sprigs: said "/-openInventory"
[20:38:57] [gDqDf#3] Joshua Sprigs: said "/-openInventory"
[20:43:01] [gDqDf#3] Joshua Sprigs: said "/-openInventory"
[20:43:12] [gDqDf#3] Joshua Sprigs: said "/-openInventory"
[20:44:43] [gDqDf#3] Joshua Sprigs: said "/-openInventory"
[20:46:10] [gDqDf#3] Joshua Sprigs: said "/-openInventory"
[20:47:14] [gDqDf#3] Joshua Sprigs: said "/-openInventory"
[20:48:54] [gDqDf#3] Joshua Sprigs: deleted a vehicle
[20:48:56] [gDqDf#3] Joshua Sprigs: spawned a vehicle (model: comet2)
[20:48:58] [gDqDf#3] Joshua Sprigs: said "/-openInventory"
[20:49:01] [gDqDf#3] Joshua Sprigs: said "/-openInventory"
[20:49:04] [gDqDf#3] Joshua Sprigs: said "/-openInventory"
[20:50:29] [gDqDf#3] Joshua Sprigs: repaired their vehicle
[20:50:35] [gDqDf#3] Joshua Sprigs: repaired their vehicle
[20:52:05] [gDqDf#3] Joshua Sprigs: said "/-openInventory"
[20:52:10] [gDqDf#3] Joshua Sprigs: said "/-openInventory"
[20:53:16] [gDqDf#3] Joshua Sprigs: repaired their vehicle
[20:53:17] [gDqDf#3] Joshua Sprigs: healed themself
[20:58:21] [gDqDf#3] Joshua Sprigs: said "/-openInventory"
[20:58:45] [gDqDf#3] Joshua Sprigs: said "/-openInventory"
[21:00:42] [gDqDf#3] Joshua Sprigs: said "/-openInventory"
[21:15:27] [gDqDf#3] Joshua Sprigs: disconnected (Exiting)
================================================================
======== txAdmin v8.0.1 atop fxserver 25770 Starting - 2026/03/12, 22:38:42
================================================================
[22:38:45] txAdmin: Logger started
[22:39:44] [QacAr#1] Joshua Sprigs: joined with identifiers [license:f769…dc77, xbl:2535…2995, live:1055…0914, discord:5336…1534, fivem:2412049, license2:add9…f88f]
[22:40:04] [QacAr#1] Joshua Sprigs: said "/-openInventory"
[22:40:17] [QacAr#1] Joshua Sprigs: said "/-openInventory"
[22:40:22] [QacAr#1] Joshua Sprigs: said "/-openInventory"
[22:40:25] [QacAr#1] Joshua Sprigs: said "/-openInventory"
[22:40:34] [QacAr#1] Joshua Sprigs: said "/-openInventory"
[22:40:48] [QacAr#1] Joshua Sprigs: said "/-openInventory"
[22:41:07] [QacAr#1] Joshua Sprigs: said "/-openInventory"
[22:41:37] [QacAr#1] Joshua Sprigs: spawned a vehicle (model: trophytruck)
[22:41:40] [QacAr#1] Joshua Sprigs: deleted a vehicle
[22:41:42] [QacAr#1] Joshua Sprigs: spawned a vehicle (model: nero)
[22:42:54] [QacAr#1] Joshua Sprigs: enabled noclip
[22:43:21] [QacAr#1] Joshua Sprigs: became mortal (standard mode)
[22:44:31] [QacAr#1] Joshua Sprigs: disconnected (Disconnected.)
[22:44:53] [QacAr#2] Joshua Sprigs: joined with identifiers [license:f769…dc77, xbl:2535…2995, live:1055…0914, discord:5336…1534, fivem:2412049, license2:add9…f88f]
[22:45:10] [QacAr#2] Joshua Sprigs: enabled noclip
[22:45:28] [QacAr#2] Joshua Sprigs: became mortal (standard mode)
[22:45:30] [QacAr#2] Joshua Sprigs: spawned a vehicle (model: volatus)
[22:45:41] [QacAr#2] Joshua Sprigs: said "/-openInventory"
[22:48:55] [QacAr#2] Joshua Sprigs: died from suicide (Vehicle Rotors)
[22:49:05] [QacAr#2] Joshua Sprigs: died from suicide (Falling)
[22:49:09] [QacAr#2] Joshua Sprigs: said "/-openInventory"
[22:49:27] [QacAr#2] Joshua Sprigs: said "/-openInventory"
[22:50:18] [QacAr#2] Joshua Sprigs: spawned a vehicle (model: torero2)
[22:50:51] [QacAr#2] Joshua Sprigs: said "/-openInventory"
[22:51:13] [QacAr#2] Joshua Sprigs: said "/-openInventory"
[22:51:14] [QacAr#2] Joshua Sprigs: said "/-openInventory"
[22:51:26] [QacAr#2] Joshua Sprigs: said "/-openInventory"
[22:51:28] [QacAr#2] Joshua Sprigs: said "/-openInventory"
[22:51:29] [QacAr#2] Joshua Sprigs: said "/-openInventory"
[22:51:46] [QacAr#2] Joshua Sprigs: said "/-openInventory"
[22:56:45] [QacAr#2] Joshua Sprigs: repaired their vehicle
[22:58:03] [QacAr#2] Joshua Sprigs: enabled noclip
[22:58:43] [QacAr#2] Joshua Sprigs: became mortal (standard mode)
[22:58:46] [QacAr#2] Joshua Sprigs: spawned a vehicle (model: krieger)
[23:08:55] [QacAr#2] Joshua Sprigs: said "/-openInventory"
[23:14:00] [QacAr#2] Joshua Sprigs: said "/-openInventory"
[23:14:05] [QacAr#2] Joshua Sprigs: said "/-openInventory"
[23:14:06] [QacAr#2] Joshua Sprigs: said "/-openInventory"
[23:14:07] [QacAr#2] Joshua Sprigs: said "/-openInventory"
[23:14:07] [QacAr#2] Joshua Sprigs: said "/-openInventory"
[23:14:09] [QacAr#2] Joshua Sprigs: said "/-openInventory"
[23:14:44] [QacAr#2] Joshua Sprigs: spawned a vehicle (model: issi5)
[23:14:46] [QacAr#2] Joshua Sprigs: said "/-openInventory"
[23:14:52] [QacAr#2] Joshua Sprigs: said "/-openInventory"
[23:15:02] [QacAr#2] Joshua Sprigs: said "/-openInventory"
[23:15:08] [QacAr#2] Joshua Sprigs: enabled noclip
[23:15:13] [QacAr#2] Joshua Sprigs: became mortal (standard mode)
[23:15:15] [QacAr#2] Joshua Sprigs: enabled noclip
[23:15:20] [QacAr#2] Joshua Sprigs: became mortal (standard mode)
[23:15:27] [QacAr#2] Joshua Sprigs: said "/-openInventory"
[23:15:44] [QacAr#2] Joshua Sprigs: said "/-openInventory"
[23:15:49] [QacAr#2] Joshua Sprigs: said "/-openInventory"
[23:15:51] [QacAr#2] Joshua Sprigs: said "/-openInventory"
[23:16:35] [QacAr#2] Joshua Sprigs: said "/-openInventory"
[23:16:54] [QacAr#2] Joshua Sprigs: said "/-openInventory"
[23:20:12] [QacAr#2] Joshua Sprigs: said "/-openInventory"
[23:20:16] [QacAr#2] Joshua Sprigs: said "/-openInventory"
[23:20:23] [QacAr#2] Joshua Sprigs: said "/-openInventory"
[23:20:29] [QacAr#2] Joshua Sprigs: said "/-openInventory"
[23:20:31] [QacAr#2] Joshua Sprigs: enabled noclip
[23:21:02] [QacAr#2] Joshua Sprigs: became mortal (standard mode)
[23:21:04] [QacAr#2] Joshua Sprigs: said "/-openInventory"
[23:21:07] [QacAr#2] Joshua Sprigs: said "/-openInventory"
[23:21:09] [QacAr#2] Joshua Sprigs: said "/-openInventory"
[23:21:15] [QacAr#2] Joshua Sprigs: said "/-openInventory"
[23:22:42] [QacAr#2] Joshua Sprigs: said "/-openInventory"
[23:22:45] [QacAr#2] Joshua Sprigs: said "/-openInventory"
[23:22:47] [QacAr#2] Joshua Sprigs: said "/-openInventory"
[23:22:49] [QacAr#2] Joshua Sprigs: said "/-openInventory"
[23:22:51] [QacAr#2] Joshua Sprigs: said "/-openInventory"
[23:22:53] [QacAr#2] Joshua Sprigs: said "/-openInventory"
[23:22:59] [QacAr#2] Joshua Sprigs: said "/-openInventory"
[23:23:02] [QacAr#2] Joshua Sprigs: said "/-openInventory"
[23:23:03] [QacAr#2] Joshua Sprigs: said "/-openInventory"
[23:23:05] [QacAr#2] Joshua Sprigs: said "/-openInventory"
[23:23:06] [QacAr#2] Joshua Sprigs: said "/-openInventory"
[23:23:08] [QacAr#2] Joshua Sprigs: said "/-openInventory"
[23:23:10] [QacAr#2] Joshua Sprigs: said "/-openInventory"
[23:23:12] [QacAr#2] Joshua Sprigs: said "/-openInventory"
[23:23:13] [QacAr#2] Joshua Sprigs: said "/-openInventory"
[23:23:15] [QacAr#2] Joshua Sprigs: said "/-openInventory"
[23:23:34] [QacAr#2] Joshua Sprigs: said "/-openInventory"
[23:23:35] [QacAr#2] Joshua Sprigs: said "/-openInventory"
[23:23:56] [QacAr#2] Joshua Sprigs: said "/-openInventory"
[23:24:04] [QacAr#2] Joshua Sprigs: said "/-openInventory"
[23:24:09] [QacAr#2] Joshua Sprigs: said "/-openInventory"
[23:24:12] [QacAr#2] Joshua Sprigs: said "/-openInventory"
[23:24:13] [QacAr#2] Joshua Sprigs: said "/-openInventory"
[23:24:15] [QacAr#2] Joshua Sprigs: said "/-openInventory"
[23:24:16] [QacAr#2] Joshua Sprigs: said "/-openInventory"
[23:24:17] [QacAr#2] Joshua Sprigs: said "/-openInventory"
[23:24:19] [QacAr#2] Joshua Sprigs: said "/-openInventory"
[23:24:20] [QacAr#2] Joshua Sprigs: said "/-openInventory"
[23:24:22] [QacAr#2] Joshua Sprigs: said "/-openInventory"
[23:25:05] [QacAr#2] Joshua Sprigs: said "/-openInventory"
[23:25:08] [QacAr#2] Joshua Sprigs: said "/-openInventory"
[23:25:10] [QacAr#2] Joshua Sprigs: said "/-openInventory"
[23:25:12] [QacAr#2] Joshua Sprigs: said "/-openInventory"
[23:25:13] [QacAr#2] Joshua Sprigs: said "/-openInventory"
[23:25:15] [QacAr#2] Joshua Sprigs: said "/-openInventory"
[23:25:22] [QacAr#2] Joshua Sprigs: said "/-openInventory"
[23:25:26] [QacAr#2] Joshua Sprigs: said "/-openInventory"
[23:26:04] [QacAr#2] Joshua Sprigs: said "/-openInventory"
[23:26:08] [QacAr#2] Joshua Sprigs: said "/-openInventory"
[23:26:09] [QacAr#2] Joshua Sprigs: said "/-openInventory"
[23:26:11] [QacAr#2] Joshua Sprigs: said "/-openInventory"
[23:26:12] [QacAr#2] Joshua Sprigs: said "/-openInventory"
[23:26:14] [QacAr#2] Joshua Sprigs: said "/-openInventory"
[23:26:15] [QacAr#2] Joshua Sprigs: said "/-openInventory"
[23:26:17] [QacAr#2] Joshua Sprigs: said "/-openInventory"
[23:26:18] [QacAr#2] Joshua Sprigs: said "/-openInventory"
[23:26:20] [QacAr#2] Joshua Sprigs: said "/-openInventory"
[23:26:26] [QacAr#2] Joshua Sprigs: said "/-openInventory"
[23:27:56] [QacAr#2] Joshua Sprigs: said "/-openInventory"
[23:27:59] [QacAr#2] Joshua Sprigs: said "/-openInventory"
[23:28:01] [QacAr#2] Joshua Sprigs: said "/-openInventory"
[23:28:02] [QacAr#2] Joshua Sprigs: said "/-openInventory"
[23:28:03] [QacAr#2] Joshua Sprigs: said "/-openInventory"
[23:28:05] [QacAr#2] Joshua Sprigs: said "/-openInventory"
[23:28:07] [QacAr#2] Joshua Sprigs: said "/-openInventory"
[23:28:09] [QacAr#2] Joshua Sprigs: said "/-openInventory"
[23:28:11] [QacAr#2] Joshua Sprigs: said "/-openInventory"
[23:28:13] [QacAr#2] Joshua Sprigs: said "/-openInventory"
[23:28:17] [QacAr#2] Joshua Sprigs: said "/-openInventory"
[23:28:28] [QacAr#2] Joshua Sprigs: said "/-openInventory"
[23:28:34] [QacAr#2] Joshua Sprigs: said "/-openInventory"
[23:28:37] [QacAr#2] Joshua Sprigs: said "/-openInventory"
[23:28:39] [QacAr#2] Joshua Sprigs: said "/-openInventory"
[23:28:41] [QacAr#2] Joshua Sprigs: said "/-openInventory"
[23:29:00] [QacAr#2] Joshua Sprigs: said "/-openInventory"
[23:29:15] [QacAr#2] Joshua Sprigs: said "/-openInventory"
[23:29:19] [QacAr#2] Joshua Sprigs: said "/-openInventory"
[23:29:21] [QacAr#2] Joshua Sprigs: said "/-openInventory"
[23:29:23] [QacAr#2] Joshua Sprigs: said "/-openInventory"
[23:29:24] [QacAr#2] Joshua Sprigs: said "/-openInventory"
[23:29:26] [QacAr#2] Joshua Sprigs: said "/-openInventory"
[23:30:02] [QacAr#2] Joshua Sprigs: said "/-openInventory"
[23:31:23] [QacAr#2] Joshua Sprigs: said "/-openInventory"
[23:31:32] [QacAr#2] Joshua Sprigs: said "/-openInventory"
[23:31:33] [QacAr#2] Joshua Sprigs: said "/-openInventory"
[23:31:35] [QacAr#2] Joshua Sprigs: said "/-openInventory"
[23:31:37] [QacAr#2] Joshua Sprigs: said "/-openInventory"
[23:32:22] [QacAr#2] Joshua Sprigs: said "/-openInventory"
[23:36:46] [QacAr#2] Joshua Sprigs: said "/-openInventory"
[23:37:17] [QacAr#2] Joshua Sprigs: said "/-openInventory"
[23:39:53] [QacAr#2] Joshua Sprigs: disconnected (Disconnected.)
[23:40:43] [QacAr#3] Joshua Sprigs: joined with identifiers [license:f769…dc77, xbl:2535…2995, live:1055…0914, discord:5336…1534, fivem:2412049, license2:add9…f88f]
[23:46:04] [QacAr#3] Joshua Sprigs: said "/-openInventory"
