================================================================
======== txAdmin v8.0.1 atop fxserver 25770 Starting - 2026/03/14, 12:19:14
================================================================
================================================================
======== Log Rotated - 2026/03/14, 12:19:15                     
================================================================
[12:20:25] txAdmin: Logger started
[12:20:54] txAdmin: Logger started
[12:21:19] txAdmin: Logger started
[12:22:45] [xp9FA#1] Joshua Sprigs: joined with identifiers [license:f769…dc77, xbl:2535…2995, live:1055…0914, discord:5336…1534, fivem:2412049, license2:add9…f88f]
[12:23:26] [xp9FA#1] Joshua Sprigs: enabled noclip
[12:23:36] [xp9FA#1] Joshua Sprigs: became mortal (standard mode)
[12:23:37] [xp9FA#1] Joshua Sprigs: said "/-openInventory"
[12:23:44] [xp9FA#1] Joshua Sprigs: spawned a vehicle (model: sc1)
[12:23:47] [xp9FA#1] Joshua Sprigs: said "/-openInventory"
[12:23:49] [xp9FA#1] Joshua Sprigs: said "/-openInventory"
[12:23:51] [xp9FA#1] Joshua Sprigs: said "/-openInventory"
[12:27:31] [xp9FA#1] Joshua Sprigs: said "/-openInventory"
[12:27:35] [xp9FA#1] Joshua Sprigs: said "/-openInventory"
[13:33:54] [xp9FA#1] Joshua Sprigs: said "/-openInventory"
[13:33:58] [xp9FA#1] Joshua Sprigs: enabled noclip
[13:34:10] [xp9FA#1] Joshua Sprigs: became mortal (standard mode)
[13:34:13] [xp9FA#1] Joshua Sprigs: spawned a vehicle (model: sultan3)
[13:41:05] [xp9FA#1] Joshua Sprigs: repaired their vehicle
[13:47:24] [xp9FA#1] Joshua Sprigs: enabled noclip
[13:47:30] [xp9FA#1] Joshua Sprigs: disconnected (Exiting)
[23:29:25] [xp9FA#2] Joshua Sprigs: joined with identifiers [license:f769…dc77, xbl:2535…2995, live:1055…0914, discord:5336…1534, fivem:2412049, license2:add9…f88f]
[23:29:41] [xp9FA#2] Joshua Sprigs: said "/-openInventory"
[23:29:47] [xp9FA#2] Joshua Sprigs: enabled noclip
[23:31:54] [xp9FA#2] Joshua Sprigs: became mortal (standard mode)
[23:31:55] [xp9FA#2] Joshua Sprigs: spawned a vehicle (model: pariah)
[23:39:09] [xp9FA#2] Joshua Sprigs: deleted a vehicle
[23:39:19] [xp9FA#2] Joshua Sprigs: spawned a vehicle (model: italirsx)
[23:40:41] [xp9FA#2] Joshua Sprigs: repaired their vehicle
[23:47:19] [xp9FA#2] Joshua Sprigs: repaired their vehicle
[23:47:19] [xp9FA#2] Joshua Sprigs: enabled noclip
[23:47:26] [xp9FA#2] Joshua Sprigs: became mortal (standard mode)
[23:49:28] [xp9FA#2] Joshua Sprigs: repaired their vehicle
[23:51:13] [xp9FA#2] Joshua Sprigs: repaired their vehicle
[23:53:09] [xp9FA#2] Joshua Sprigs: enabled noclip
[23:53:14] [xp9FA#2] Joshua Sprigs: became mortal (standard mode)
[23:53:17] [xp9FA#2] Joshua Sprigs: deleted a vehicle
[23:53:39] [xp9FA#2] Joshua Sprigs: spawned a vehicle (model: sentinel4)
[23:55:52] [xp9FA#2] Joshua Sprigs: deleted a vehicle
[23:56:15] [xp9FA#2] Joshua Sprigs: spawned a vehicle (model: stingertt)
[23:58:00] [xp9FA#2] Joshua Sprigs: said "/-openInventory"
[23:59:08] [xp9FA#2] Joshua Sprigs: disconnected (Server->client connection timed out. Last seen 22 msec ago.)
