================================================================
======== Log Rotated - 2026/03/20, 00:00:00                     
================================================================
================================================================
======== txAdmin v8.0.1 atop fxserver 25770 Starting - 2026/03/20, 17:36:12
================================================================
[17:36:17] txAdmin: Logger started
[19:40:05] [kggRQ#1] Retro Pepe: joined with identifiers [license:7df1…5909, xbl:2535…2995, live:1055…0914, discord:5336…1534, fivem:2412049, license2:da0e…971c]
[19:40:24] [kggRQ#1] Retro Pepe: said "/-openInventory"
[19:40:42] [kggRQ#1] Retro Pepe: said "/-openInventory"
[19:41:03] [kggRQ#1] Retro Pepe: said "/-openInventory"
[19:41:49] [kggRQ#1] Retro Pepe: enabled noclip
[19:41:56] [kggRQ#1] Retro Pepe: became mortal (standard mode)
[19:41:59] [kggRQ#1] Retro Pepe: said "/-openInventory"
[19:42:12] [kggRQ#1] Retro Pepe: said "/-openInventory"
[19:42:40] [kggRQ#1] Retro Pepe: said "/-openInventory"
[19:43:11] [kggRQ#1] Retro Pepe: spawned a vehicle (model: buzzard2)
[19:43:15] [kggRQ#1] Retro Pepe: said "/-openInventory"
[19:43:16] [kggRQ#1] Retro Pepe: said "/-openInventory"
[19:43:25] [kggRQ#1] Retro Pepe: said "/-openInventory"
[19:43:34] [kggRQ#1] Retro Pepe: said "/-openInventory"
[19:43:38] [kggRQ#1] Retro Pepe: said "/-openInventory"
[19:48:13] [kggRQ#1] Retro Pepe: said "/-openInventory"
[19:48:49] [kggRQ#1] Retro Pepe: said "/-openInventory"
[19:49:34] [kggRQ#1] Retro Pepe: caused an explosion (PLANE)
[19:49:34] [kggRQ#1] Retro Pepe: died from suicide (Explosion)
[19:49:52] [kggRQ#1] Retro Pepe: said "/-openInventory"
[19:56:05] [kggRQ#1] Retro Pepe: said "/-openInventory"
[19:56:48] [kggRQ#1] Retro Pepe: said "/-openInventory"
[19:57:48] [kggRQ#1] Retro Pepe: enabled noclip
[19:58:09] [kggRQ#1] Retro Pepe: became mortal (standard mode)
[19:59:05] [kggRQ#1] Retro Pepe: said "/-openInventory"
[19:59:13] [kggRQ#1] Retro Pepe: said "/-openInventory"
[19:59:25] [kggRQ#1] Retro Pepe: enabled noclip
[19:59:34] [kggRQ#1] Retro Pepe: said "/-openInventory"
[22:28:16] [kggRQ#1] Retro Pepe: became mortal (standard mode)
[22:28:18] [kggRQ#1] Retro Pepe: spawned a vehicle (model: f620)
[22:30:40] [kggRQ#1] Retro Pepe: deleted a vehicle
[22:30:42] [kggRQ#1] Retro Pepe: spawned a vehicle (model: bmx)
[22:33:31] [kggRQ#1] Retro Pepe: enabled noclip
[22:33:57] [kggRQ#1] Retro Pepe: became mortal (standard mode)
[22:33:59] [kggRQ#1] Retro Pepe: spawned a vehicle (model: torero2)
[22:35:15] [kggRQ#1] Retro Pepe: repaired their vehicle
[22:39:27] [kggRQ#1] Retro Pepe: repaired their vehicle
[22:41:53] [kggRQ#1] Retro Pepe: disconnected (Exiting)
[23:33:04] [kggRQ#2] Retro Pepe: joined with identifiers [license:7df1…5909, xbl:2535…2995, live:1055…0914, discord:5336…1534, fivem:2412049, license2:da0e…971c]
[23:33:07] [kggRQ#3] Retro Pepe: joined with identifiers [license:7df1…5909, xbl:2535…2995, live:1055…0914, discord:5336…1534, fivem:2412049, license2:da0e…971c]
[23:33:30] [kggRQ#3] Retro Pepe: said "/-openInventory"
[23:33:32] [kggRQ#3] Retro Pepe: teleported to player [#3] Retro Pepe (x=2877.297, y=5911.569, z=369.613)
[23:33:49] [kggRQ#3] Retro Pepe: disconnected (Exiting)
[23:33:52] [kggRQ#2] Retro Pepe: disconnected (Exiting)
[23:34:58] [kggRQ#4] Zerxis654: joined with identifiers [license:7df1…5909, xbl:2535…2995, live:1055…0914, discord:5336…1534, fivem:2412049, license2:da0e…971c]
[23:35:02] [kggRQ#5] Zerxis654: joined with identifiers [license:7df1…5909, xbl:2535…2995, live:1055…0914, discord:5336…1534, fivem:2412049, license2:da0e…971c]
[23:36:08] [kggRQ#4] Zerxis654: said "/-openInventory"
[23:36:12] [kggRQ#4] Zerxis654: teleported to player [#4] Zerxis654 (x=1082.083, y=-694.998, z=57.992)
[23:36:14] [kggRQ#4] Zerxis654: said "/-openInventory"
[23:36:21] [kggRQ#4] Zerxis654: said "/-openInventory"
[23:36:23] [kggRQ#4] Zerxis654: teleported to player [#5] Zerxis654 (x=2522.967, y=-384.435, z=92.972)
[23:36:29] [kggRQ#5] Zerxis654: said "/-openInventory"
[23:36:43] [kggRQ#4] Zerxis654: said "/-openInventory"
[23:36:46] [kggRQ#4] Zerxis654: said "/-openInventory"
[23:36:50] [kggRQ#4] Zerxis654: said "/-openInventory"
[23:36:53] [kggRQ#5] Zerxis654: said "/-openInventory"
[23:37:02] [kggRQ#4] Zerxis654: disconnected (Exiting)
[23:37:11] [kggRQ#5] Zerxis654: enabled noclip
[23:37:22] [kggRQ#5] Zerxis654: became mortal (standard mode)
[23:37:24] [kggRQ#5] Zerxis654: spawned a vehicle (model: issi5)
[23:37:28] [kggRQ#5] Zerxis654: deleted a vehicle
[23:37:30] [kggRQ#5] Zerxis654: spawned a vehicle (model: trophytruck)
[23:38:00] [kggRQ#5] Zerxis654: deleted a vehicle
[23:38:03] [kggRQ#5] Zerxis654: disconnected (Exiting)
