================================================================
======== Log Rotated - 2026/03/15, 00:00:00                     
================================================================
[00:14:44] [xp9FA#3] Joshua Sprigs: joined with identifiers [license:f769…dc77, xbl:2535…2995, live:1055…0914, discord:5336…1534, fivem:2412049, license2:add9…f88f]
[00:15:03] [xp9FA#3] Joshua Sprigs: enabled noclip
[00:17:29] [xp9FA#3] Joshua Sprigs: became mortal (standard mode)
[00:17:32] [xp9FA#3] Joshua Sprigs: spawned a vehicle (model: specter2)
[00:19:57] [xp9FA#3] Joshua Sprigs: deleted a vehicle
[00:20:17] [xp9FA#3] Joshua Sprigs: spawned a vehicle (model: coquette4)
[00:20:50] [xp9FA#3] Joshua Sprigs: enabled noclip
[00:21:05] [xp9FA#3] Joshua Sprigs: became mortal (standard mode)
[00:21:06] [xp9FA#3] Joshua Sprigs: deleted a vehicle
[00:21:08] [xp9FA#3] Joshua Sprigs: disconnected (Exiting)
[01:37:36] [xp9FA#4] Joshua Sprigs: joined with identifiers [license:f769…dc77, xbl:2535…2995, live:1055…0914, discord:5336…1534, fivem:2412049, license2:add9…f88f]
[01:38:08] [xp9FA#4] Joshua Sprigs: enabled noclip
[01:38:11] [xp9FA#4] Joshua Sprigs: became mortal (standard mode)
[01:39:19] [xp9FA#4] Joshua Sprigs: spawned a vehicle (model: comet7)
[01:44:15] [xp9FA#4] Joshua Sprigs: enabled noclip
[01:44:25] [xp9FA#4] Joshua Sprigs: became mortal (standard mode)
[01:44:27] [xp9FA#4] Joshua Sprigs: deleted a vehicle
[01:44:53] [xp9FA#4] Joshua Sprigs: spawned a vehicle (model: italigto)
[01:46:36] [xp9FA#4] Joshua Sprigs: repaired their vehicle
[01:50:47] [xp9FA#4] Joshua Sprigs: healed themself
[01:50:51] [xp9FA#4] Joshua Sprigs: spawned a vehicle (model: neo)
[01:51:34] [xp9FA#4] Joshua Sprigs: repaired their vehicle
[01:58:27] [xp9FA#4] Joshua Sprigs: repaired their vehicle
[01:59:17] [xp9FA#4] Joshua Sprigs: enabled noclip
[01:59:19] [xp9FA#4] Joshua Sprigs: became mortal (standard mode)
[01:59:20] [xp9FA#4] Joshua Sprigs: repaired their vehicle
[02:05:30] [xp9FA#4] Joshua Sprigs: repaired their vehicle
[02:09:37] [xp9FA#4] Joshua Sprigs: disconnected (Exiting)
================================================================
======== txAdmin v8.0.1 atop fxserver 25770 Starting - 2026/03/15, 21:56:39
================================================================
[21:56:44] txAdmin: Logger started
[21:57:23] [rnib4#1] Joshua Sprigs: joined with identifiers [license:f769…dc77, xbl:2535…2995, live:1055…0914, discord:5336…1534, fivem:2412049, license2:add9…f88f]
[21:58:12] [rnib4#1] Joshua Sprigs: said "/-openInventory"
[21:58:18] [rnib4#1] Joshua Sprigs: said "/-openInventory"
[21:58:18] [rnib4#1] Joshua Sprigs: said "/-openInventory"
[21:58:28] [rnib4#1] Joshua Sprigs: said "/-openInventory"
[21:58:29] [rnib4#1] Joshua Sprigs: said "/-openInventory"
[21:58:29] [rnib4#1] Joshua Sprigs: said "/-openInventory"
[21:58:29] [rnib4#1] Joshua Sprigs: said "/-openInventory"
[21:58:30] [rnib4#1] Joshua Sprigs: said "/-openInventory"
[21:58:30] [rnib4#1] Joshua Sprigs: said "/-openInventory"
[21:58:31] [rnib4#1] Joshua Sprigs: said "/-openInventory"
[21:58:31] [rnib4#1] Joshua Sprigs: said "/-openInventory"
[21:58:32] [rnib4#1] Joshua Sprigs: said "/-openInventory"
[21:58:32] [rnib4#1] Joshua Sprigs: said "/-openInventory"
[21:58:33] [rnib4#1] Joshua Sprigs: said "/-openInventory"
[21:58:33] [rnib4#1] Joshua Sprigs: said "/-openInventory"
[21:58:33] [rnib4#1] Joshua Sprigs: said "/-openInventory"
[21:58:34] [rnib4#1] Joshua Sprigs: said "/-openInventory"
[21:58:34] [rnib4#1] Joshua Sprigs: said "/-openInventory"
[21:58:34] [rnib4#1] Joshua Sprigs: said "/-openInventory"
[21:58:34] [rnib4#1] Joshua Sprigs: said "/-openInventory"
[21:58:35] [rnib4#1] Joshua Sprigs: said "/-openInventory"
[21:58:35] [rnib4#1] Joshua Sprigs: said "/-openInventory"
[21:58:36] [rnib4#1] Joshua Sprigs: said "/-openInventory"
[21:58:36] [rnib4#1] Joshua Sprigs: said "/-openInventory"
[21:58:36] [rnib4#1] Joshua Sprigs: said "/-openInventory"
[21:58:37] [rnib4#1] Joshua Sprigs: said "/-openInventory"
[21:58:37] [rnib4#1] Joshua Sprigs: said "/-openInventory"
[21:58:37] [rnib4#1] Joshua Sprigs: said "/-openInventory"
[21:58:37] [rnib4#1] Joshua Sprigs: said "/-openInventory"
[21:58:38] [rnib4#1] Joshua Sprigs: said "/-openInventory"
[21:58:38] [rnib4#1] Joshua Sprigs: said "/-openInventory"
[21:58:38] [rnib4#1] Joshua Sprigs: said "/-openInventory"
[21:58:38] [rnib4#1] Joshua Sprigs: said "/-openInventory"
[21:58:39] [rnib4#1] Joshua Sprigs: said "/-openInventory"
[21:58:39] [rnib4#1] Joshua Sprigs: said "/-openInventory"
[21:58:39] [rnib4#1] Joshua Sprigs: said "/-openInventory"
[21:58:40] [rnib4#1] Joshua Sprigs: said "/-openInventory"
[21:58:40] [rnib4#1] Joshua Sprigs: said "/-openInventory"
[21:58:40] [rnib4#1] Joshua Sprigs: said "/-openInventory"
[21:58:41] [rnib4#1] Joshua Sprigs: said "/-openInventory"
[21:58:41] [rnib4#1] Joshua Sprigs: said "/-openInventory"
[21:58:42] [rnib4#1] Joshua Sprigs: said "/-openInventory"
[21:58:42] [rnib4#1] Joshua Sprigs: said "/-openInventory"
[21:58:42] [rnib4#1] Joshua Sprigs: said "/-openInventory"
[21:58:42] [rnib4#1] Joshua Sprigs: said "/-openInventory"
[21:58:43] [rnib4#1] Joshua Sprigs: said "/-openInventory"
[21:58:43] [rnib4#1] Joshua Sprigs: said "/-openInventory"
[21:58:43] [rnib4#1] Joshua Sprigs: said "/-openInventory"
[21:58:44] [rnib4#1] Joshua Sprigs: said "/-openInventory"
[21:58:54] [rnib4#1] Joshua Sprigs: enabled noclip
[21:59:05] [rnib4#1] Joshua Sprigs: became mortal (standard mode)
[21:59:09] [rnib4#1] Joshua Sprigs: spawned a vehicle (model: neo)
[22:02:25] [rnib4#1] Joshua Sprigs: repaired their vehicle
[22:03:30] [rnib4#1] Joshua Sprigs: enabled noclip
[22:07:42] [rnib4#1] Joshua Sprigs: became mortal (standard mode)
[22:07:44] [rnib4#1] Joshua Sprigs: deleted a vehicle
[22:08:29] [rnib4#1] Joshua Sprigs: spawned a vehicle (model: tenf2)
[22:13:28] [rnib4#1] Joshua Sprigs: repaired their vehicle
[22:14:11] [rnib4#1] Joshua Sprigs: deleted a vehicle
[22:14:13] [rnib4#1] Joshua Sprigs: enabled noclip
[22:14:31] [rnib4#1] Joshua Sprigs: became mortal (standard mode)
[22:14:34] [rnib4#1] Joshua Sprigs: spawned a vehicle (model: vstr)
[22:17:33] [rnib4#1] Joshua Sprigs: enabled noclip
[22:18:14] [rnib4#1] Joshua Sprigs: became mortal (standard mode)
[22:18:15] [rnib4#1] Joshua Sprigs: spawned a vehicle (model: schlagen)
[22:19:50] [rnib4#1] Joshua Sprigs: repaired their vehicle
[22:23:19] [rnib4#1] Joshua Sprigs: enabled noclip
[22:23:25] [rnib4#1] Joshua Sprigs: became mortal (standard mode)
[22:24:09] [rnib4#1] Joshua Sprigs: said "/-openInventory"
[22:24:16] [rnib4#1] Joshua Sprigs: enabled noclip
[22:24:19] [rnib4#1] Joshua Sprigs: healed themself
[22:24:36] [rnib4#1] Joshua Sprigs: became mortal (standard mode)
[22:24:39] [rnib4#1] Joshua Sprigs: spawned a vehicle (model: seven70)
[22:29:08] [rnib4#1] Joshua Sprigs: said "/-openInventory"
[22:35:41] [rnib4#1] Joshua Sprigs: deleted a vehicle
[22:36:25] [rnib4#1] Joshua Sprigs: spawned a vehicle (model: italirsx)
[22:40:42] [rnib4#1] Joshua Sprigs: enabled noclip
[22:40:49] [rnib4#1] Joshua Sprigs: became mortal (standard mode)
[22:41:08] [rnib4#1] Joshua Sprigs: enabled noclip
[22:41:16] [rnib4#1] Joshua Sprigs: became mortal (standard mode)
[22:41:18] [rnib4#1] Joshua Sprigs: healed themself
[22:41:19] [rnib4#1] Joshua Sprigs: repaired their vehicle
[22:43:07] [rnib4#1] Joshua Sprigs: repaired their vehicle
[22:45:51] [rnib4#1] Joshua Sprigs: repaired their vehicle
[22:47:34] [rnib4#1] Joshua Sprigs: repaired their vehicle
[22:47:35] [rnib4#1] Joshua Sprigs: healed themself
[22:48:26] [rnib4#1] Joshua Sprigs: repaired their vehicle
[22:49:02] [rnib4#1] Joshua Sprigs: repaired their vehicle
[22:49:23] [rnib4#1] Joshua Sprigs: said "/-openInventory"
[22:51:27] [rnib4#1] Joshua Sprigs: repaired their vehicle
[22:51:51] [rnib4#1] Joshua Sprigs: repaired their vehicle
[22:53:23] [rnib4#1] Joshua Sprigs: repaired their vehicle
[22:53:24] [rnib4#1] Joshua Sprigs: healed themself
[22:54:38] [rnib4#1] Joshua Sprigs: enabled noclip
[23:12:50] [rnib4#1] Joshua Sprigs: became mortal (standard mode)
[23:12:53] [rnib4#1] Joshua Sprigs: disconnected (Exiting)
